20:41:06.662  INFO  manager.ApplicationManager - All Tests run in Chrome Driver
20:41:08.290  INFO  manager.ApplicationManager - Current Url --> https://ilcarro-1578153671498.web.app/search
20:41:08.362  INFO  tests.TestBase - Start test with name --->searchPeriodPast
20:41:08.365  INFO  manager.MyListener - WebDriver start find element -->By.id: city
20:41:09.071  INFO  manager.MyListener - WebDriver start find element -->By.cssSelector: .pac-item
20:41:09.172  INFO  manager.MyListener - WebDriver start find element -->By.id: dates
20:41:09.334  INFO  manager.MyListener - WebDriver start find element -->By.xpath: //div[text()=' 24 ']
20:41:09.448  INFO  manager.MyListener - WebDriver start find element -->By.xpath: //button[@aria-label='Next month']
20:41:09.561  INFO  manager.MyListener - WebDriver start find element -->By.xpath: //div[text()=' 24 ']
20:41:09.670  INFO  manager.MyListener - WebDriver start find element -->By.id: dates
20:41:09.761  INFO  manager.MyListener - WebDriver start find element -->By.id: dates
20:41:12.015  INFO  manager.MyListener - WebDriver start find element -->By.cssSelector: .logo
20:41:13.167  INFO  manager.MyListener - The name of method with error -->click
20:41:13.173  INFO  manager.MyListener - We have a problem ---> org.openqa.selenium.ElementClickInterceptedException: element click intercepted: Element <a _ngcontent-qru-c25="" href="/" class="logo">...</a> is not clickable at point (245, 34). Other element would receive the click: <div class="cdk-overlay-backdrop mat-overlay-transparent-backdrop cdk-overlay-backdrop-showing"></div>
  (Session info: chrome=103.0.5060.134)
Build info: version: '4.2.2', revision: '683ccb65d6'
System info: host: 'DESKTOP-K3383S5', ip: '10.100.102.60', os.name: 'Windows 10', os.arch: 'amd64', os.version: '10.0', java.version: '11.0.15.1'
Driver info: org.openqa.selenium.chrome.ChromeDriver
Command: [68bceccf74868008a76dff945a697dee, clickElement {id=e1d1b71e-f61d-410a-a6c4-a766d7589ce6}]
Capabilities {acceptInsecureCerts: false, browserName: chrome, browserVersion: 103.0.5060.134, chrome: {chromedriverVersion: 102.0.5005.61 (0e59bcc00cc4..., userDataDir: C:\Users\Admin\AppData\Loca...}, goog:chromeOptions: {debuggerAddress: localhost:55194}, networkConnectionEnabled: false, pageLoadStrategy: normal, platformName: WINDOWS, proxy: Proxy(), se:cdp: ws://localhost:55194/devtoo..., se:cdpVersion: 103.0.5060.134, setWindowRect: true, strictFileInteractability: false, timeouts: {implicit: 0, pageLoad: 300000, script: 30000}, unhandledPromptBehavior: dismiss and notify, webauthn:extension:credBlob: true, webauthn:extension:largeBlob: true, webauthn:virtualAuthenticators: true}
Element: [[ChromeDriver: chrome on WINDOWS (68bceccf74868008a76dff945a697dee)] -> css selector: .logo]
Session ID: 68bceccf74868008a76dff945a697dee
20:41:13.179  INFO  manager.MyListener - WebDriver start find element -->By.cssSelector: .logo
20:41:14.264  INFO  manager.MyListener - The name of method with error -->click
20:41:14.264  INFO  manager.MyListener - We have a problem ---> org.openqa.selenium.ElementClickInterceptedException: element click intercepted: Element <a _ngcontent-qru-c25="" href="/" class="logo">...</a> is not clickable at point (245, 34). Other element would receive the click: <div class="cdk-overlay-backdrop mat-overlay-transparent-backdrop cdk-overlay-backdrop-showing"></div>
  (Session info: chrome=103.0.5060.134)
Build info: version: '4.2.2', revision: '683ccb65d6'
System info: host: 'DESKTOP-K3383S5', ip: '10.100.102.60', os.name: 'Windows 10', os.arch: 'amd64', os.version: '10.0', java.version: '11.0.15.1'
Driver info: org.openqa.selenium.chrome.ChromeDriver
Command: [68bceccf74868008a76dff945a697dee, clickElement {id=e1d1b71e-f61d-410a-a6c4-a766d7589ce6}]
Capabilities {acceptInsecureCerts: false, browserName: chrome, browserVersion: 103.0.5060.134, chrome: {chromedriverVersion: 102.0.5005.61 (0e59bcc00cc4..., userDataDir: C:\Users\Admin\AppData\Loca...}, goog:chromeOptions: {debuggerAddress: localhost:55194}, networkConnectionEnabled: false, pageLoadStrategy: normal, platformName: WINDOWS, proxy: Proxy(), se:cdp: ws://localhost:55194/devtoo..., se:cdpVersion: 103.0.5060.134, setWindowRect: true, strictFileInteractability: false, timeouts: {implicit: 0, pageLoad: 300000, script: 30000}, unhandledPromptBehavior: dismiss and notify, webauthn:extension:credBlob: true, webauthn:extension:largeBlob: true, webauthn:virtualAuthenticators: true}
Element: [[ChromeDriver: chrome on WINDOWS (68bceccf74868008a76dff945a697dee)] -> css selector: .logo]
Session ID: 68bceccf74868008a76dff945a697dee
