21:29:06.673  INFO  manager.ApplicationManager - All Tests run in Chrome Driver
21:29:10.407  INFO  manager.ApplicationManager - Current Url --> https://ilcarro-1578153671498.web.app/search
21:29:10.473  INFO  tests.TestBase - Start test with name --->searchAnyPeriod
21:29:10.476  INFO  manager.MyListener - WebDriver start find element -->By.id: city
21:29:11.182  INFO  manager.MyListener - WebDriver start find element -->By.cssSelector: .pac-item
21:29:11.281  INFO  manager.MyListener - WebDriver start find element -->By.id: dates
21:29:11.434  INFO  manager.MyListener - WebDriver start find element -->By.xpath: //button[@aria-label='Next month']
21:29:11.577  INFO  manager.MyListener - WebDriver start find element -->By.xpath: //button[@aria-label='Next month']
21:29:11.665  INFO  manager.MyListener - WebDriver start find element -->By.xpath: //button[@aria-label='Next month']
21:29:11.747  INFO  manager.MyListener - WebDriver start find element -->By.xpath: //button[@aria-label='Next month']
21:29:11.838  INFO  manager.MyListener - WebDriver start find element -->By.xpath: //button[@aria-label='Next month']
21:29:11.940  INFO  manager.MyListener - WebDriver start find element -->By.xpath: //button[@aria-label='Next month']
21:29:12.034  INFO  manager.MyListener - WebDriver start find element -->By.xpath: //button[@aria-label='Next month']
21:29:12.119  INFO  manager.MyListener - WebDriver start find element -->By.xpath: //button[@aria-label='Next month']
21:29:12.199  INFO  manager.MyListener - WebDriver start find element -->By.xpath: //button[@aria-label='Next month']
21:29:12.276  INFO  manager.MyListener - WebDriver start find element -->By.xpath: //button[@aria-label='Next month']
21:29:12.353  INFO  manager.MyListener - WebDriver start find element -->By.xpath: //button[@aria-label='Next month']
21:29:12.430  INFO  manager.MyListener - WebDriver start find element -->By.xpath: //div[text()=' 10 ']
21:29:12.526  INFO  manager.MyListener - WebDriver start find element -->By.xpath: //button[@aria-label='Next month']
21:29:12.607  INFO  manager.MyListener - WebDriver start find element -->By.xpath: //div[text()=' 15 ']
21:29:13.717  INFO  manager.MyListener - WebDriver start find element -->By.cssSelector: button[type='submit']
21:29:13.792  INFO  manager.MyListener - WebDriver start find element -->By.cssSelector: button[type='submit']
21:29:13.915  INFO  manager.MyListener - New Before find by --> By.cssSelector: .cars-container.ng-star-inserted
21:29:15.229  INFO  manager.MyListener - WebDriver start find element -->By.cssSelector: .logo
21:29:15.639  INFO  tests.TestBase - Start test with name --->searchCurrentMonth
21:29:15.640  INFO  manager.MyListener - WebDriver start find element -->By.id: city
21:29:16.456  INFO  manager.MyListener - WebDriver start find element -->By.cssSelector: .pac-item
21:29:16.521  INFO  manager.MyListener - WebDriver start find element -->By.id: dates
21:29:16.638  INFO  manager.MyListener - WebDriver start find element -->By.xpath: //div[text()=' 28 ']
21:29:16.735  INFO  manager.MyListener - WebDriver start find element -->By.xpath: //div[text()=' 27 ']
21:29:17.850  INFO  manager.MyListener - WebDriver start find element -->By.cssSelector: button[type='submit']
21:29:17.913  INFO  manager.MyListener - WebDriver start find element -->By.cssSelector: button[type='submit']
21:29:18.022  INFO  manager.MyListener - New Before find by --> By.cssSelector: .cars-container.ng-star-inserted
21:29:18.946  INFO  manager.MyListener - WebDriver start find element -->By.cssSelector: .logo
21:29:19.210  INFO  tests.TestBase - Start test with name --->searchCurrentYear
21:29:19.211  INFO  manager.MyListener - WebDriver start find element -->By.id: city
21:29:19.921  INFO  manager.MyListener - WebDriver start find element -->By.cssSelector: .pac-item
21:29:19.986  INFO  manager.MyListener - WebDriver start find element -->By.id: dates
21:29:20.096  INFO  manager.MyListener - WebDriver start find element -->By.xpath: //button[@aria-label='Next month']
21:29:20.202  INFO  manager.MyListener - WebDriver start find element -->By.xpath: //div[text()=' 10 ']
21:29:20.290  INFO  manager.MyListener - WebDriver start find element -->By.xpath: //div[text()=' 20 ']
21:29:21.391  INFO  manager.MyListener - WebDriver start find element -->By.cssSelector: button[type='submit']
21:29:21.440  INFO  manager.MyListener - WebDriver start find element -->By.cssSelector: button[type='submit']
21:29:21.540  INFO  manager.MyListener - New Before find by --> By.cssSelector: .cars-container.ng-star-inserted
21:29:22.559  INFO  manager.MyListener - WebDriver start find element -->By.cssSelector: .logo
21:29:22.890  INFO  tests.TestBase - Start test with name --->searchCurrentYear2
21:29:22.892  INFO  manager.MyListener - WebDriver start find element -->By.id: city
21:29:23.919  INFO  manager.MyListener - WebDriver start find element -->By.cssSelector: .pac-item
21:29:24.013  INFO  manager.MyListener - WebDriver start find element -->By.id: dates
21:29:24.123  INFO  manager.MyListener - WebDriver start find element -->By.xpath: //button[@aria-label='Next month']
21:29:24.183  INFO  manager.MyListener - WebDriver start find element -->By.xpath: //div[text()=' 10 ']
21:29:24.263  INFO  manager.MyListener - WebDriver start find element -->By.xpath: //button[@aria-label='Next month']
21:29:24.315  INFO  manager.MyListener - WebDriver start find element -->By.xpath: //button[@aria-label='Next month']
21:29:24.357  INFO  manager.MyListener - WebDriver start find element -->By.xpath: //div[text()=' 20 ']
21:29:25.445  INFO  manager.MyListener - WebDriver start find element -->By.cssSelector: button[type='submit']
21:29:25.492  INFO  manager.MyListener - WebDriver start find element -->By.cssSelector: button[type='submit']
21:29:25.610  INFO  manager.MyListener - New Before find by --> By.cssSelector: .cars-container.ng-star-inserted
21:29:27.424  INFO  manager.MyListener - WebDriver start find element -->By.cssSelector: .logo
21:29:27.793  INFO  tests.TestBase - Start test with name --->searchCurrentYearLocalDate
21:29:27.793  INFO  manager.MyListener - WebDriver start find element -->By.id: city
21:29:28.576  INFO  manager.MyListener - WebDriver start find element -->By.cssSelector: .pac-item
21:29:28.641  INFO  manager.MyListener - WebDriver start find element -->By.id: dates
21:29:28.752  INFO  manager.MyListener - WebDriver start find element -->By.xpath: //button[@aria-label='Next month']
21:29:28.813  INFO  manager.MyListener - WebDriver start find element -->By.xpath: //div[text()=' 10 ']
21:29:28.900  INFO  manager.MyListener - WebDriver start find element -->By.xpath: //button[@aria-label='Next month']
21:29:28.951  INFO  manager.MyListener - WebDriver start find element -->By.xpath: //button[@aria-label='Next month']
21:29:28.993  INFO  manager.MyListener - WebDriver start find element -->By.xpath: //div[text()=' 20 ']
21:29:30.069  INFO  manager.MyListener - WebDriver start find element -->By.cssSelector: button[type='submit']
21:29:30.117  INFO  manager.MyListener - WebDriver start find element -->By.cssSelector: button[type='submit']
21:29:30.217  INFO  manager.MyListener - New Before find by --> By.cssSelector: .cars-container.ng-star-inserted
21:29:32.943  INFO  manager.MyListener - WebDriver start find element -->By.cssSelector: .logo
21:29:33.249  INFO  tests.TestBase - Start test with name --->searchPeriodPast
21:29:33.250  INFO  manager.MyListener - WebDriver start find element -->By.id: city
21:29:33.991  INFO  manager.MyListener - WebDriver start find element -->By.cssSelector: .pac-item
21:29:34.062  INFO  manager.MyListener - WebDriver start find element -->By.id: dates
21:29:34.169  INFO  manager.MyListener - WebDriver start find element -->By.xpath: //button[@aria-label='Next month']
21:29:34.231  INFO  manager.MyListener - WebDriver start find element -->By.xpath: //div[text()=' 24 ']
21:29:34.308  INFO  manager.MyListener - WebDriver start find element -->By.xpath: //div[text()=' 24 ']
21:29:36.379  INFO  manager.MyListener - WebDriver start find element -->By.id: dates
21:29:37.756  INFO  manager.MyListener - WebDriver start find element -->By.id: dates
21:29:38.872  INFO  manager.MyListener - The name of method with error -->click
21:29:38.877  INFO  manager.MyListener - We have a problem ---> org.openqa.selenium.ElementClickInterceptedException: element click intercepted: Element <input _ngcontent-mgb-c72="" formcontrolname="dates" id="dates" class="ng-touched ng-dirty ng-invalid" aria-haspopup="dialog" min="2022-07-23" max="2023-07-23" aria-owns="sat-datepicker-0"> is not clickable at point (301, 331). Other element would receive the click: <div class="cdk-overlay-backdrop mat-overlay-transparent-backdrop cdk-overlay-backdrop-showing"></div>
  (Session info: chrome=103.0.5060.134)
Build info: version: '4.2.2', revision: '683ccb65d6'
System info: host: 'DESKTOP-K3383S5', ip: '10.100.102.60', os.name: 'Windows 10', os.arch: 'amd64', os.version: '10.0', java.version: '11.0.15.1'
Driver info: org.openqa.selenium.chrome.ChromeDriver
Command: [d8d8fa30f301549ded4ead7cf4ba5f09, clickElement {id=37dda0d1-6bff-48c2-82d1-2e050da82f7f}]
Capabilities {acceptInsecureCerts: false, browserName: chrome, browserVersion: 103.0.5060.134, chrome: {chromedriverVersion: 102.0.5005.61 (0e59bcc00cc4..., userDataDir: C:\Users\Admin\AppData\Loca...}, goog:chromeOptions: {debuggerAddress: localhost:58559}, networkConnectionEnabled: false, pageLoadStrategy: normal, platformName: WINDOWS, proxy: Proxy(), se:cdp: ws://localhost:58559/devtoo..., se:cdpVersion: 103.0.5060.134, setWindowRect: true, strictFileInteractability: false, timeouts: {implicit: 0, pageLoad: 300000, script: 30000}, unhandledPromptBehavior: dismiss and notify, webauthn:extension:credBlob: true, webauthn:extension:largeBlob: true, webauthn:virtualAuthenticators: true}
Element: [[ChromeDriver: chrome on WINDOWS (d8d8fa30f301549ded4ead7cf4ba5f09)] -> id: dates]
Session ID: d8d8fa30f301549ded4ead7cf4ba5f09
21:29:38.879  INFO  manager.MyListener - WebDriver start find element -->By.cssSelector: .logo
21:29:39.994  INFO  manager.MyListener - The name of method with error -->click
21:29:39.994  INFO  manager.MyListener - We have a problem ---> org.openqa.selenium.ElementClickInterceptedException: element click intercepted: Element <a _ngcontent-mgb-c25="" href="/" class="logo">...</a> is not clickable at point (245, 34). Other element would receive the click: <div class="cdk-overlay-backdrop mat-overlay-transparent-backdrop cdk-overlay-backdrop-showing"></div>
  (Session info: chrome=103.0.5060.134)
Build info: version: '4.2.2', revision: '683ccb65d6'
System info: host: 'DESKTOP-K3383S5', ip: '10.100.102.60', os.name: 'Windows 10', os.arch: 'amd64', os.version: '10.0', java.version: '11.0.15.1'
Driver info: org.openqa.selenium.chrome.ChromeDriver
Command: [d8d8fa30f301549ded4ead7cf4ba5f09, clickElement {id=5d5fa18d-fa9a-4402-b196-d8801cf61c6a}]
Capabilities {acceptInsecureCerts: false, browserName: chrome, browserVersion: 103.0.5060.134, chrome: {chromedriverVersion: 102.0.5005.61 (0e59bcc00cc4..., userDataDir: C:\Users\Admin\AppData\Loca...}, goog:chromeOptions: {debuggerAddress: localhost:58559}, networkConnectionEnabled: false, pageLoadStrategy: normal, platformName: WINDOWS, proxy: Proxy(), se:cdp: ws://localhost:58559/devtoo..., se:cdpVersion: 103.0.5060.134, setWindowRect: true, strictFileInteractability: false, timeouts: {implicit: 0, pageLoad: 300000, script: 30000}, unhandledPromptBehavior: dismiss and notify, webauthn:extension:credBlob: true, webauthn:extension:largeBlob: true, webauthn:virtualAuthenticators: true}
Element: [[ChromeDriver: chrome on WINDOWS (d8d8fa30f301549ded4ead7cf4ba5f09)] -> css selector: .logo]
Session ID: d8d8fa30f301549ded4ead7cf4ba5f09
