19:11:03.666  INFO  manager.ApplicationManager - All Tests run in Chrome Driver
19:11:08.211  INFO  manager.ApplicationManager - Current Url --> https://ilcarro-1578153671498.web.app/search
19:11:08.288  INFO  tests.TestBase - Start test with name --->loginSuccess
19:11:08.291  INFO  manager.MyListener - New Before find by --> By.xpath: //a[text()=' Logout ']
19:11:13.322  INFO  tests.TestBase - Test start with email noa@gmail.com & password Nnoa12345$
19:11:13.323  INFO  manager.MyListener - WebDriver start find element -->By.xpath: //a[text()=' Log in ']
19:11:13.468  INFO  manager.MyListener - WebDriver start find element -->By.id: email
19:11:13.729  INFO  manager.MyListener - WebDriver start find element -->By.id: password
19:11:14.929  INFO  manager.MyListener - WebDriver start find element -->By.cssSelector: button[type='submit']
19:11:15.022  INFO  manager.MyListener - WebDriver start find element -->By.cssSelector: button[type='submit']
19:11:15.110  INFO  manager.MyListener - WebDriver start find element -->By.cssSelector: div.dialog-container
19:11:16.143  INFO  manager.MyListener - WebDriver start find element -->By.cssSelector: div.dialog-container h1
19:11:16.200  INFO  tests.TestBase - Test passed
19:11:16.207  INFO  manager.MyListener - New Before find by --> By.xpath: //button[text()='Ok']
19:11:16.242  INFO  manager.MyListener - WebDriver start find element -->By.xpath: //button[text()='Ok']
19:11:16.327  INFO  tests.TestBase - Start test with name --->loginSuccess
19:11:16.328  INFO  manager.MyListener - New Before find by --> By.xpath: //a[text()=' Logout ']
19:11:16.351  INFO  manager.MyListener - WebDriver start find element -->By.xpath: //a[text()=' Logout ']
19:11:16.485  INFO  tests.TestBase - Test start with logout
19:11:16.486  INFO  tests.TestBase - Test start with email sonya@gmail.com & password Ss12345$
19:11:16.486  INFO  manager.MyListener - WebDriver start find element -->By.xpath: //a[text()=' Log in ']
19:11:16.572  INFO  manager.MyListener - WebDriver start find element -->By.id: email
19:11:16.761  INFO  manager.MyListener - WebDriver start find element -->By.id: password
19:11:17.922  INFO  manager.MyListener - WebDriver start find element -->By.cssSelector: button[type='submit']
19:11:17.973  INFO  manager.MyListener - WebDriver start find element -->By.cssSelector: button[type='submit']
19:11:18.039  INFO  manager.MyListener - WebDriver start find element -->By.cssSelector: div.dialog-container
19:11:18.419  INFO  manager.MyListener - WebDriver start find element -->By.cssSelector: div.dialog-container h1
19:11:18.465  INFO  tests.TestBase - Test passed
19:11:18.466  INFO  manager.MyListener - New Before find by --> By.xpath: //button[text()='Ok']
19:11:18.488  INFO  manager.MyListener - WebDriver start find element -->By.xpath: //button[text()='Ok']
19:11:18.567  INFO  tests.TestBase - Start test with name --->loginSuccess
19:11:18.570  INFO  manager.MyListener - New Before find by --> By.xpath: //a[text()=' Logout ']
19:11:18.591  INFO  manager.MyListener - WebDriver start find element -->By.xpath: //a[text()=' Logout ']
19:11:18.721  INFO  tests.TestBase - Test start with logout
19:11:18.722  INFO  tests.TestBase - Test start with email noa@gmail.com & password Nnoa12345$
19:11:18.723  INFO  manager.MyListener - WebDriver start find element -->By.xpath: //a[text()=' Log in ']
19:11:18.805  INFO  manager.MyListener - WebDriver start find element -->By.id: email
19:11:19.005  INFO  manager.MyListener - WebDriver start find element -->By.id: password
19:11:20.171  INFO  manager.MyListener - WebDriver start find element -->By.cssSelector: button[type='submit']
19:11:20.232  INFO  manager.MyListener - WebDriver start find element -->By.cssSelector: button[type='submit']
19:11:20.319  INFO  manager.MyListener - WebDriver start find element -->By.cssSelector: div.dialog-container
19:11:22.318  INFO  manager.MyListener - WebDriver start find element -->By.cssSelector: div.dialog-container h1
19:11:22.364  INFO  tests.TestBase - Test passed
19:11:22.365  INFO  manager.MyListener - New Before find by --> By.xpath: //button[text()='Ok']
19:11:22.392  INFO  manager.MyListener - WebDriver start find element -->By.xpath: //button[text()='Ok']
19:11:22.470  INFO  tests.TestBase - Start test with name --->loginSuccess
19:11:22.475  INFO  manager.MyListener - New Before find by --> By.xpath: //a[text()=' Logout ']
19:11:22.505  INFO  manager.MyListener - WebDriver start find element -->By.xpath: //a[text()=' Logout ']
19:11:22.658  INFO  tests.TestBase - Test start with logout
19:11:22.659  INFO  tests.TestBase - Test start with email sonya@gmail.com & password Ss12345$
19:11:22.660  INFO  manager.MyListener - WebDriver start find element -->By.xpath: //a[text()=' Log in ']
19:11:22.764  INFO  manager.MyListener - WebDriver start find element -->By.id: email
19:11:22.975  INFO  manager.MyListener - WebDriver start find element -->By.id: password
19:11:24.135  INFO  manager.MyListener - WebDriver start find element -->By.cssSelector: button[type='submit']
19:11:24.196  INFO  manager.MyListener - WebDriver start find element -->By.cssSelector: button[type='submit']
19:11:24.288  INFO  manager.MyListener - WebDriver start find element -->By.cssSelector: div.dialog-container
19:11:24.832  INFO  manager.MyListener - WebDriver start find element -->By.cssSelector: div.dialog-container h1
19:11:24.870  INFO  tests.TestBase - Test passed
19:11:24.873  INFO  manager.MyListener - New Before find by --> By.xpath: //button[text()='Ok']
19:11:24.896  INFO  manager.MyListener - WebDriver start find element -->By.xpath: //button[text()='Ok']
