20:29:21.954  INFO  manager.ApplicationManager - All Tests run in Chrome Driver
20:29:24.674  INFO  manager.ApplicationManager - Current Url --> https://ilcarro-1578153671498.web.app/search
20:29:24.741  INFO  tests.TestBase - Start test with name --->searchPeriodPast
20:29:24.744  INFO  manager.MyListener - WebDriver start find element -->By.id: city
20:29:25.441  INFO  manager.MyListener - WebDriver start find element -->By.cssSelector: .pac-item
20:29:25.538  INFO  manager.MyListener - WebDriver start find element -->By.id: dates
20:29:25.673  INFO  manager.MyListener - WebDriver start find element -->By.xpath: //div[text()=' 24 ']
20:29:25.792  INFO  manager.MyListener - WebDriver start find element -->By.xpath: //button[@aria-label='Next month']
20:29:25.895  INFO  manager.MyListener - WebDriver start find element -->By.xpath: //div[text()=' 24 ']
20:29:26.003  INFO  manager.MyListener - WebDriver start find element -->By.id: dates
20:29:26.086  INFO  manager.MyListener - WebDriver start find element -->By.id: dates
20:29:26.336  INFO  manager.MyListener - WebDriver start find element -->By.cssSelector: .search-card
20:29:27.473  INFO  manager.MyListener - The name of method with error -->click
20:29:27.479  INFO  manager.MyListener - We have a problem ---> org.openqa.selenium.ElementClickInterceptedException: element click intercepted: Element <div _ngcontent-yvi-c72="" class="search-card">...</div> is not clickable at point (759, 416). Other element would receive the click: <div class="cdk-overlay-backdrop mat-overlay-transparent-backdrop cdk-overlay-backdrop-showing"></div>
  (Session info: chrome=103.0.5060.134)
Build info: version: '4.2.2', revision: '683ccb65d6'
System info: host: 'DESKTOP-K3383S5', ip: '10.100.102.60', os.name: 'Windows 10', os.arch: 'amd64', os.version: '10.0', java.version: '11.0.15.1'
Driver info: org.openqa.selenium.chrome.ChromeDriver
Command: [22295e9eb7458be6d4884a8ca69f0776, clickElement {id=0170a9bb-095b-4a52-8e51-dc894b57ca7c}]
Capabilities {acceptInsecureCerts: false, browserName: chrome, browserVersion: 103.0.5060.134, chrome: {chromedriverVersion: 102.0.5005.61 (0e59bcc00cc4..., userDataDir: C:\Users\Admin\AppData\Loca...}, goog:chromeOptions: {debuggerAddress: localhost:49801}, networkConnectionEnabled: false, pageLoadStrategy: normal, platformName: WINDOWS, proxy: Proxy(), se:cdp: ws://localhost:49801/devtoo..., se:cdpVersion: 103.0.5060.134, setWindowRect: true, strictFileInteractability: false, timeouts: {implicit: 0, pageLoad: 300000, script: 30000}, unhandledPromptBehavior: dismiss and notify, webauthn:extension:credBlob: true, webauthn:extension:largeBlob: true, webauthn:virtualAuthenticators: true}
Element: [[ChromeDriver: chrome on WINDOWS (22295e9eb7458be6d4884a8ca69f0776)] -> css selector: .search-card]
Session ID: 22295e9eb7458be6d4884a8ca69f0776
