20:51:13.874  INFO  manager.ApplicationManager - All Tests run in Chrome Driver
20:51:15.537  INFO  manager.ApplicationManager - Current Url --> https://ilcarro-1578153671498.web.app/search
20:51:15.602  INFO  tests.TestBase - Start test with name --->searchAnyPeriod
20:51:15.606  INFO  manager.MyListener - WebDriver start find element -->By.id: city
20:51:16.299  INFO  manager.MyListener - WebDriver start find element -->By.cssSelector: .pac-item
20:51:16.401  INFO  manager.MyListener - WebDriver start find element -->By.id: dates
20:51:16.540  INFO  manager.MyListener - WebDriver start find element -->By.xpath: //button[@aria-label='Next month']
20:51:16.654  INFO  manager.MyListener - WebDriver start find element -->By.xpath: //button[@aria-label='Next month']
20:51:16.744  INFO  manager.MyListener - WebDriver start find element -->By.xpath: //button[@aria-label='Next month']
20:51:16.831  INFO  manager.MyListener - WebDriver start find element -->By.xpath: //button[@aria-label='Next month']
20:51:16.904  INFO  manager.MyListener - WebDriver start find element -->By.xpath: //button[@aria-label='Next month']
20:51:16.981  INFO  manager.MyListener - WebDriver start find element -->By.xpath: //button[@aria-label='Next month']
20:51:17.061  INFO  manager.MyListener - WebDriver start find element -->By.xpath: //button[@aria-label='Next month']
20:51:17.135  INFO  manager.MyListener - WebDriver start find element -->By.xpath: //button[@aria-label='Next month']
20:51:17.202  INFO  manager.MyListener - WebDriver start find element -->By.xpath: //button[@aria-label='Next month']
20:51:17.276  INFO  manager.MyListener - WebDriver start find element -->By.xpath: //button[@aria-label='Next month']
20:51:17.355  INFO  manager.MyListener - WebDriver start find element -->By.xpath: //button[@aria-label='Next month']
20:51:17.427  INFO  manager.MyListener - WebDriver start find element -->By.xpath: //div[text()=' 10 ']
20:51:17.517  INFO  manager.MyListener - WebDriver start find element -->By.xpath: //button[@aria-label='Next month']
20:51:17.590  INFO  manager.MyListener - WebDriver start find element -->By.xpath: //div[text()=' 15 ']
20:51:17.690  INFO  manager.MyListener - WebDriver start find element -->By.cssSelector: button[type='submit']
20:51:17.770  INFO  manager.MyListener - WebDriver start find element -->By.cssSelector: button[type='submit']
20:51:17.898  INFO  manager.MyListener - New Before find by --> By.cssSelector: .cars-container.ng-star-inserted
20:51:19.036  INFO  manager.MyListener - WebDriver start find element -->By.cssSelector: .logo
