20:32:10.770  INFO  manager.ApplicationManager - All Tests run in Chrome Driver
20:32:13.654  INFO  manager.ApplicationManager - Current Url --> https://ilcarro-1578153671498.web.app/search
20:32:13.723  INFO  tests.TestBase - Start test with name --->searchPeriodPast
20:32:13.726  INFO  manager.MyListener - WebDriver start find element -->By.id: city
20:32:14.432  INFO  manager.MyListener - WebDriver start find element -->By.cssSelector: .pac-item
20:32:14.521  INFO  manager.MyListener - WebDriver start find element -->By.id: dates
20:32:14.683  INFO  manager.MyListener - WebDriver start find element -->By.xpath: //div[text()=' 24 ']
20:32:14.815  INFO  manager.MyListener - WebDriver start find element -->By.xpath: //button[@aria-label='Next month']
20:32:14.915  INFO  manager.MyListener - WebDriver start find element -->By.xpath: //div[text()=' 24 ']
20:32:15.042  INFO  manager.MyListener - WebDriver start find element -->By.id: dates
20:32:15.157  INFO  manager.MyListener - WebDriver start find element -->By.id: dates
20:32:15.472  INFO  manager.MyListener - WebDriver start find element -->By.cssSelector: .subtitle
20:32:16.624  INFO  manager.MyListener - The name of method with error -->click
20:32:16.629  INFO  manager.MyListener - We have a problem ---> org.openqa.selenium.ElementClickInterceptedException: element click intercepted: Element <h2 _ngcontent-cxf-c72="" class="subtitle">...</h2> is not clickable at point (301, 193). Other element would receive the click: <div class="cdk-overlay-backdrop mat-overlay-transparent-backdrop cdk-overlay-backdrop-showing"></div>
  (Session info: chrome=103.0.5060.134)
Build info: version: '4.2.2', revision: '683ccb65d6'
System info: host: 'DESKTOP-K3383S5', ip: '10.100.102.60', os.name: 'Windows 10', os.arch: 'amd64', os.version: '10.0', java.version: '11.0.15.1'
Driver info: org.openqa.selenium.chrome.ChromeDriver
Command: [48c2b0d3e05f1726e0aa6d86662344d2, clickElement {id=8ffdd2ec-cab8-497c-9ac6-5f989e8ffb6b}]
Capabilities {acceptInsecureCerts: false, browserName: chrome, browserVersion: 103.0.5060.134, chrome: {chromedriverVersion: 102.0.5005.61 (0e59bcc00cc4..., userDataDir: C:\Users\Admin\AppData\Loca...}, goog:chromeOptions: {debuggerAddress: localhost:51009}, networkConnectionEnabled: false, pageLoadStrategy: normal, platformName: WINDOWS, proxy: Proxy(), se:cdp: ws://localhost:51009/devtoo..., se:cdpVersion: 103.0.5060.134, setWindowRect: true, strictFileInteractability: false, timeouts: {implicit: 0, pageLoad: 300000, script: 30000}, unhandledPromptBehavior: dismiss and notify, webauthn:extension:credBlob: true, webauthn:extension:largeBlob: true, webauthn:virtualAuthenticators: true}
Element: [[ChromeDriver: chrome on WINDOWS (48c2b0d3e05f1726e0aa6d86662344d2)] -> css selector: .subtitle]
Session ID: 48c2b0d3e05f1726e0aa6d86662344d2
