20:42:44.897  INFO  manager.ApplicationManager - All Tests run in Chrome Driver
20:42:46.953  INFO  manager.ApplicationManager - Current Url --> https://ilcarro-1578153671498.web.app/search
20:42:47.029  INFO  tests.TestBase - Start test with name --->searchAnyPeriod
20:42:47.032  INFO  manager.MyListener - WebDriver start find element -->By.id: city
20:42:47.728  INFO  manager.MyListener - WebDriver start find element -->By.cssSelector: .pac-item
20:42:47.837  INFO  manager.MyListener - WebDriver start find element -->By.id: dates
20:42:47.975  INFO  manager.MyListener - WebDriver start find element -->By.xpath: //button[@aria-label='Next month']
20:42:48.079  INFO  manager.MyListener - WebDriver start find element -->By.xpath: //button[@aria-label='Next month']
20:42:48.169  INFO  manager.MyListener - WebDriver start find element -->By.xpath: //button[@aria-label='Next month']
20:42:48.256  INFO  manager.MyListener - WebDriver start find element -->By.xpath: //button[@aria-label='Next month']
20:42:48.334  INFO  manager.MyListener - WebDriver start find element -->By.xpath: //button[@aria-label='Next month']
20:42:48.407  INFO  manager.MyListener - WebDriver start find element -->By.xpath: //button[@aria-label='Next month']
20:42:48.485  INFO  manager.MyListener - WebDriver start find element -->By.xpath: //button[@aria-label='Next month']
20:42:48.566  INFO  manager.MyListener - WebDriver start find element -->By.xpath: //button[@aria-label='Next month']
20:42:48.637  INFO  manager.MyListener - WebDriver start find element -->By.xpath: //button[@aria-label='Next month']
20:42:48.711  INFO  manager.MyListener - WebDriver start find element -->By.xpath: //button[@aria-label='Next month']
20:42:48.781  INFO  manager.MyListener - WebDriver start find element -->By.xpath: //button[@aria-label='Next month']
20:42:48.849  INFO  manager.MyListener - WebDriver start find element -->By.xpath: //div[text()=' 10 ']
20:42:48.944  INFO  manager.MyListener - WebDriver start find element -->By.xpath: //button[@aria-label='Next month']
20:42:49.027  INFO  manager.MyListener - WebDriver start find element -->By.xpath: //div[text()=' 15 ']
20:42:49.136  INFO  manager.MyListener - WebDriver start find element -->By.cssSelector: button[type='submit']
20:42:49.228  INFO  manager.MyListener - WebDriver start find element -->By.cssSelector: button[type='submit']
20:42:49.345  INFO  manager.MyListener - New Before find by --> By.cssSelector: .cars-container.ng-star-inserted
20:42:50.540  INFO  manager.MyListener - WebDriver start find element -->By.cssSelector: .logo
20:42:50.889  INFO  tests.TestBase - Start test with name --->searchCurrentMonth
20:42:50.891  INFO  manager.MyListener - WebDriver start find element -->By.id: city
20:42:51.681  INFO  manager.MyListener - WebDriver start find element -->By.cssSelector: .pac-item
20:42:51.746  INFO  manager.MyListener - WebDriver start find element -->By.id: dates
20:42:51.850  INFO  manager.MyListener - WebDriver start find element -->By.xpath: //div[text()=' 28 ']
20:42:51.951  INFO  manager.MyListener - WebDriver start find element -->By.xpath: //div[text()=' 27 ']
20:42:52.046  INFO  manager.MyListener - WebDriver start find element -->By.cssSelector: button[type='submit']
20:42:52.100  INFO  manager.MyListener - WebDriver start find element -->By.cssSelector: button[type='submit']
20:42:52.208  INFO  manager.MyListener - New Before find by --> By.cssSelector: .cars-container.ng-star-inserted
20:42:53.141  INFO  manager.MyListener - WebDriver start find element -->By.cssSelector: .logo
20:42:53.394  INFO  tests.TestBase - Start test with name --->searchCurrentYear
20:42:53.396  INFO  manager.MyListener - WebDriver start find element -->By.id: city
20:42:54.139  INFO  manager.MyListener - WebDriver start find element -->By.cssSelector: .pac-item
20:42:54.208  INFO  manager.MyListener - WebDriver start find element -->By.id: dates
20:42:54.318  INFO  manager.MyListener - WebDriver start find element -->By.xpath: //button[@aria-label='Next month']
20:42:54.403  INFO  manager.MyListener - WebDriver start find element -->By.xpath: //div[text()=' 10 ']
20:42:54.492  INFO  manager.MyListener - WebDriver start find element -->By.xpath: //div[text()=' 20 ']
20:42:54.590  INFO  manager.MyListener - WebDriver start find element -->By.cssSelector: button[type='submit']
20:42:54.640  INFO  manager.MyListener - WebDriver start find element -->By.cssSelector: button[type='submit']
20:42:54.759  INFO  manager.MyListener - New Before find by --> By.cssSelector: .cars-container.ng-star-inserted
20:42:55.526  INFO  manager.MyListener - WebDriver start find element -->By.cssSelector: .logo
20:42:55.840  INFO  tests.TestBase - Start test with name --->searchCurrentYear2
20:42:55.842  INFO  manager.MyListener - WebDriver start find element -->By.id: city
20:42:56.557  INFO  manager.MyListener - WebDriver start find element -->By.cssSelector: .pac-item
20:42:56.620  INFO  manager.MyListener - WebDriver start find element -->By.id: dates
20:42:56.721  INFO  manager.MyListener - WebDriver start find element -->By.xpath: //button[@aria-label='Next month']
20:42:56.783  INFO  manager.MyListener - WebDriver start find element -->By.xpath: //div[text()=' 10 ']
20:42:56.869  INFO  manager.MyListener - WebDriver start find element -->By.xpath: //button[@aria-label='Next month']
20:42:56.921  INFO  manager.MyListener - WebDriver start find element -->By.xpath: //button[@aria-label='Next month']
20:42:56.972  INFO  manager.MyListener - WebDriver start find element -->By.xpath: //div[text()=' 20 ']
20:42:57.060  INFO  manager.MyListener - WebDriver start find element -->By.cssSelector: button[type='submit']
20:42:57.110  INFO  manager.MyListener - WebDriver start find element -->By.cssSelector: button[type='submit']
20:42:57.223  INFO  manager.MyListener - New Before find by --> By.cssSelector: .cars-container.ng-star-inserted
20:42:58.158  INFO  manager.MyListener - WebDriver start find element -->By.cssSelector: .logo
20:42:58.440  INFO  tests.TestBase - Start test with name --->searchCurrentYearLocalDate
20:42:58.441  INFO  manager.MyListener - WebDriver start find element -->By.id: city
20:42:59.139  INFO  manager.MyListener - WebDriver start find element -->By.cssSelector: .pac-item
20:42:59.207  INFO  manager.MyListener - WebDriver start find element -->By.id: dates
20:42:59.324  INFO  manager.MyListener - WebDriver start find element -->By.xpath: //button[@aria-label='Next month']
20:42:59.403  INFO  manager.MyListener - WebDriver start find element -->By.xpath: //div[text()=' 10 ']
20:42:59.486  INFO  manager.MyListener - WebDriver start find element -->By.xpath: //button[@aria-label='Next month']
20:42:59.537  INFO  manager.MyListener - WebDriver start find element -->By.xpath: //button[@aria-label='Next month']
20:42:59.583  INFO  manager.MyListener - WebDriver start find element -->By.xpath: //div[text()=' 20 ']
20:42:59.656  INFO  manager.MyListener - WebDriver start find element -->By.cssSelector: button[type='submit']
20:42:59.705  INFO  manager.MyListener - WebDriver start find element -->By.cssSelector: button[type='submit']
20:42:59.806  INFO  manager.MyListener - New Before find by --> By.cssSelector: .cars-container.ng-star-inserted
20:43:00.719  INFO  manager.MyListener - WebDriver start find element -->By.cssSelector: .logo
20:43:00.978  INFO  tests.TestBase - Start test with name --->searchNextMonth
20:43:00.981  INFO  manager.MyListener - WebDriver start find element -->By.id: dates
20:43:01.095  INFO  manager.MyListener - WebDriver start find element -->By.xpath: //button[@aria-label='Next month']
20:43:01.154  INFO  manager.MyListener - WebDriver start find element -->By.xpath: //div[text()=' 28 ']
20:43:01.228  INFO  manager.MyListener - WebDriver start find element -->By.xpath: //div[text()=' 27 ']
20:43:01.296  INFO  manager.MyListener - WebDriver start find element -->By.cssSelector: button[type='submit']
20:43:01.342  INFO  manager.MyListener - WebDriver start find element -->By.cssSelector: button[type='submit']
20:43:02.471  INFO  manager.MyListener - The name of method with error -->click
20:43:02.475  INFO  manager.MyListener - We have a problem ---> org.openqa.selenium.ElementClickInterceptedException: element click intercepted: Element <button _ngcontent-hio-c72="" type="submit">...</button> is not clickable at point (220, 382). Other element would receive the click: <span class="mat-button-wrapper">...</span>
  (Session info: chrome=103.0.5060.134)
Build info: version: '4.2.2', revision: '683ccb65d6'
System info: host: 'DESKTOP-K3383S5', ip: '10.100.102.60', os.name: 'Windows 10', os.arch: 'amd64', os.version: '10.0', java.version: '11.0.15.1'
Driver info: org.openqa.selenium.chrome.ChromeDriver
Command: [56b24a341b78d1d420b81883b8bc985b, clickElement {id=820f2a00-ccd9-4e89-9c27-c2b154224ffc}]
Capabilities {acceptInsecureCerts: false, browserName: chrome, browserVersion: 103.0.5060.134, chrome: {chromedriverVersion: 102.0.5005.61 (0e59bcc00cc4..., userDataDir: C:\Users\Admin\AppData\Loca...}, goog:chromeOptions: {debuggerAddress: localhost:56060}, networkConnectionEnabled: false, pageLoadStrategy: normal, platformName: WINDOWS, proxy: Proxy(), se:cdp: ws://localhost:56060/devtoo..., se:cdpVersion: 103.0.5060.134, setWindowRect: true, strictFileInteractability: false, timeouts: {implicit: 0, pageLoad: 300000, script: 30000}, unhandledPromptBehavior: dismiss and notify, webauthn:extension:credBlob: true, webauthn:extension:largeBlob: true, webauthn:virtualAuthenticators: true}
Element: [[ChromeDriver: chrome on WINDOWS (56b24a341b78d1d420b81883b8bc985b)] -> css selector: button[type='submit']]
Session ID: 56b24a341b78d1d420b81883b8bc985b
20:43:02.478  INFO  manager.MyListener - WebDriver start find element -->By.cssSelector: .logo
20:43:03.553  INFO  manager.MyListener - The name of method with error -->click
20:43:03.554  INFO  manager.MyListener - We have a problem ---> org.openqa.selenium.ElementClickInterceptedException: element click intercepted: Element <a _ngcontent-hio-c25="" href="/" class="logo">...</a> is not clickable at point (245, 34). Other element would receive the click: <div class="cdk-overlay-backdrop mat-overlay-transparent-backdrop cdk-overlay-backdrop-showing"></div>
  (Session info: chrome=103.0.5060.134)
Build info: version: '4.2.2', revision: '683ccb65d6'
System info: host: 'DESKTOP-K3383S5', ip: '10.100.102.60', os.name: 'Windows 10', os.arch: 'amd64', os.version: '10.0', java.version: '11.0.15.1'
Driver info: org.openqa.selenium.chrome.ChromeDriver
Command: [56b24a341b78d1d420b81883b8bc985b, clickElement {id=8eb2487f-6c88-4a84-846c-08f8380585ad}]
Capabilities {acceptInsecureCerts: false, browserName: chrome, browserVersion: 103.0.5060.134, chrome: {chromedriverVersion: 102.0.5005.61 (0e59bcc00cc4..., userDataDir: C:\Users\Admin\AppData\Loca...}, goog:chromeOptions: {debuggerAddress: localhost:56060}, networkConnectionEnabled: false, pageLoadStrategy: normal, platformName: WINDOWS, proxy: Proxy(), se:cdp: ws://localhost:56060/devtoo..., se:cdpVersion: 103.0.5060.134, setWindowRect: true, strictFileInteractability: false, timeouts: {implicit: 0, pageLoad: 300000, script: 30000}, unhandledPromptBehavior: dismiss and notify, webauthn:extension:credBlob: true, webauthn:extension:largeBlob: true, webauthn:virtualAuthenticators: true}
Element: [[ChromeDriver: chrome on WINDOWS (56b24a341b78d1d420b81883b8bc985b)] -> css selector: .logo]
Session ID: 56b24a341b78d1d420b81883b8bc985b
