17:45:12.499  INFO  manager.ApplicationManager - All Tests run in Chrome Driver
17:45:14.137  INFO  manager.ApplicationManager - Current Url --> https://ilcarro-1578153671498.web.app/search
17:45:14.208  INFO  tests.TestBase - Start test with name --->searchAnyPeriod
17:45:14.212  INFO  manager.MyListener - WebDriver start find element -->By.id: city
17:45:14.909  INFO  manager.MyListener - WebDriver start find element -->By.cssSelector: .pac-item
17:45:15.011  INFO  manager.MyListener - WebDriver start find element -->By.id: dates
17:45:15.159  INFO  manager.MyListener - WebDriver start find element -->By.xpath: //button[@aria-label='Next month']
17:45:15.273  INFO  manager.MyListener - WebDriver start find element -->By.xpath: //button[@aria-label='Next month']
17:45:15.363  INFO  manager.MyListener - WebDriver start find element -->By.xpath: //button[@aria-label='Next month']
17:45:15.447  INFO  manager.MyListener - WebDriver start find element -->By.xpath: //button[@aria-label='Next month']
17:45:15.522  INFO  manager.MyListener - WebDriver start find element -->By.xpath: //button[@aria-label='Next month']
17:45:15.594  INFO  manager.MyListener - WebDriver start find element -->By.xpath: //button[@aria-label='Next month']
17:45:15.672  INFO  manager.MyListener - WebDriver start find element -->By.xpath: //button[@aria-label='Next month']
17:45:15.748  INFO  manager.MyListener - WebDriver start find element -->By.xpath: //button[@aria-label='Next month']
17:45:15.824  INFO  manager.MyListener - WebDriver start find element -->By.xpath: //button[@aria-label='Next month']
17:45:15.901  INFO  manager.MyListener - WebDriver start find element -->By.xpath: //button[@aria-label='Next month']
17:45:15.975  INFO  manager.MyListener - WebDriver start find element -->By.xpath: //button[@aria-label='Next month']
17:45:16.045  INFO  manager.MyListener - WebDriver start find element -->By.xpath: //div[text()=' 10 ']
17:45:16.136  INFO  manager.MyListener - WebDriver start find element -->By.xpath: //button[@aria-label='Next month']
17:45:16.215  INFO  manager.MyListener - WebDriver start find element -->By.xpath: //div[text()=' 15 ']
17:45:16.318  INFO  manager.MyListener - WebDriver start find element -->By.cssSelector: button[type='submit']
17:45:16.405  INFO  manager.MyListener - WebDriver start find element -->By.cssSelector: button[type='submit']
17:45:16.532  INFO  manager.MyListener - New Before find by --> By.cssSelector: .cars-container.ng-star-inserted
17:45:17.692  INFO  manager.MyListener - WebDriver start find element -->By.cssSelector: .logo
