18:15:45.541  INFO  manager.ApplicationManager - All Tests run in Chrome Driver
18:15:48.332  INFO  manager.ApplicationManager - Current Url --> https://ilcarro-1578153671498.web.app/search
18:15:48.404  INFO  tests.TestBase - Start test with name --->searchAnyPeriod
18:15:48.409  INFO  manager.MyListener - WebDriver start find element -->By.id: city
18:15:49.110  INFO  manager.MyListener - WebDriver start find element -->By.cssSelector: .pac-item
18:15:49.217  INFO  manager.MyListener - WebDriver start find element -->By.id: dates
18:15:49.402  INFO  manager.MyListener - WebDriver start find element -->By.xpath: //button[@aria-label='Next month']
18:15:49.531  INFO  manager.MyListener - WebDriver start find element -->By.xpath: //button[@aria-label='Next month']
18:15:49.660  INFO  manager.MyListener - WebDriver start find element -->By.xpath: //button[@aria-label='Next month']
18:15:49.778  INFO  manager.MyListener - WebDriver start find element -->By.xpath: //button[@aria-label='Next month']
18:15:49.881  INFO  manager.MyListener - WebDriver start find element -->By.xpath: //button[@aria-label='Next month']
18:15:49.968  INFO  manager.MyListener - WebDriver start find element -->By.xpath: //button[@aria-label='Next month']
18:15:50.057  INFO  manager.MyListener - WebDriver start find element -->By.xpath: //button[@aria-label='Next month']
18:15:50.148  INFO  manager.MyListener - WebDriver start find element -->By.xpath: //button[@aria-label='Next month']
18:15:50.226  INFO  manager.MyListener - WebDriver start find element -->By.xpath: //button[@aria-label='Next month']
18:15:50.301  INFO  manager.MyListener - WebDriver start find element -->By.xpath: //button[@aria-label='Next month']
18:15:50.383  INFO  manager.MyListener - WebDriver start find element -->By.xpath: //button[@aria-label='Next month']
18:15:50.465  INFO  manager.MyListener - WebDriver start find element -->By.xpath: //div[text()=' 10 ']
18:15:50.568  INFO  manager.MyListener - WebDriver start find element -->By.xpath: //button[@aria-label='Next month']
18:15:50.650  INFO  manager.MyListener - WebDriver start find element -->By.xpath: //div[text()=' 15 ']
18:15:51.778  INFO  manager.MyListener - WebDriver start find element -->By.cssSelector: button[type='submit']
18:15:51.860  INFO  manager.MyListener - WebDriver start find element -->By.cssSelector: button[type='submit']
18:15:51.993  INFO  manager.MyListener - New Before find by --> By.cssSelector: .cars-container.ng-star-inserted
18:15:53.268  INFO  manager.MyListener - WebDriver start find element -->By.cssSelector: .logo
18:15:53.736  INFO  tests.TestBase - Start test with name --->searchCurrentMonth
18:15:53.738  INFO  manager.MyListener - WebDriver start find element -->By.id: dates
18:15:53.880  INFO  manager.MyListener - WebDriver start find element -->By.id: city
18:15:54.635  INFO  manager.MyListener - WebDriver start find element -->By.cssSelector: .pac-item
18:15:54.713  INFO  manager.MyListener - WebDriver start find element -->By.id: dates
18:15:54.842  INFO  manager.MyListener - WebDriver start find element -->By.xpath: //div[text()=' 28 ']
18:15:54.927  INFO  manager.MyListener - WebDriver start find element -->By.xpath: //div[text()=' 27 ']
18:15:56.030  INFO  manager.MyListener - WebDriver start find element -->By.cssSelector: button[type='submit']
18:15:56.096  INFO  manager.MyListener - WebDriver start find element -->By.cssSelector: button[type='submit']
18:15:56.203  INFO  manager.MyListener - New Before find by --> By.cssSelector: .cars-container.ng-star-inserted
18:15:57.636  INFO  manager.MyListener - WebDriver start find element -->By.cssSelector: .logo
18:15:57.903  INFO  tests.TestBase - Start test with name --->searchCurrentYear
18:15:57.905  INFO  manager.MyListener - WebDriver start find element -->By.id: city
18:15:58.646  INFO  manager.MyListener - WebDriver start find element -->By.cssSelector: .pac-item
18:15:58.707  INFO  manager.MyListener - WebDriver start find element -->By.id: dates
18:15:58.832  INFO  manager.MyListener - WebDriver start find element -->By.xpath: //button[@aria-label='Next month']
18:15:58.928  INFO  manager.MyListener - WebDriver start find element -->By.xpath: //div[text()=' 10 ']
18:15:59.030  INFO  manager.MyListener - WebDriver start find element -->By.xpath: //div[text()=' 20 ']
18:16:00.149  INFO  manager.MyListener - WebDriver start find element -->By.cssSelector: button[type='submit']
18:16:00.201  INFO  manager.MyListener - WebDriver start find element -->By.cssSelector: button[type='submit']
18:16:00.311  INFO  manager.MyListener - New Before find by --> By.cssSelector: .cars-container.ng-star-inserted
18:16:02.396  INFO  manager.MyListener - WebDriver start find element -->By.cssSelector: .logo
18:16:02.697  INFO  tests.TestBase - Start test with name --->searchCurrentYear2
18:16:02.700  INFO  manager.MyListener - WebDriver start find element -->By.id: city
18:16:03.442  INFO  manager.MyListener - WebDriver start find element -->By.cssSelector: .pac-item
18:16:03.511  INFO  manager.MyListener - WebDriver start find element -->By.id: dates
18:16:03.621  INFO  manager.MyListener - WebDriver start find element -->By.xpath: //button[@aria-label='Next month']
18:16:03.702  INFO  manager.MyListener - WebDriver start find element -->By.xpath: //div[text()=' 10 ']
18:16:03.789  INFO  manager.MyListener - WebDriver start find element -->By.xpath: //button[@aria-label='Next month']
18:16:03.868  INFO  manager.MyListener - WebDriver start find element -->By.xpath: //button[@aria-label='Next month']
18:16:03.942  INFO  manager.MyListener - WebDriver start find element -->By.xpath: //div[text()=' 20 ']
18:16:05.034  INFO  manager.MyListener - WebDriver start find element -->By.cssSelector: button[type='submit']
18:16:05.085  INFO  manager.MyListener - WebDriver start find element -->By.cssSelector: button[type='submit']
18:16:05.201  INFO  manager.MyListener - New Before find by --> By.cssSelector: .cars-container.ng-star-inserted
18:16:08.401  INFO  manager.MyListener - WebDriver start find element -->By.cssSelector: .logo
18:16:08.709  INFO  tests.TestBase - Start test with name --->searchCurrentYearLocalDate
18:16:08.710  INFO  manager.MyListener - WebDriver start find element -->By.id: city
18:16:09.479  INFO  manager.MyListener - WebDriver start find element -->By.cssSelector: .pac-item
18:16:09.552  INFO  manager.MyListener - WebDriver start find element -->By.id: dates
18:16:09.708  INFO  manager.MyListener - WebDriver start find element -->By.xpath: //button[@aria-label='Next month']
18:16:09.803  INFO  manager.MyListener - WebDriver start find element -->By.xpath: //div[text()=' 10 ']
18:16:09.896  INFO  manager.MyListener - WebDriver start find element -->By.xpath: //button[@aria-label='Next month']
18:16:09.978  INFO  manager.MyListener - WebDriver start find element -->By.xpath: //button[@aria-label='Next month']
18:16:10.064  INFO  manager.MyListener - WebDriver start find element -->By.xpath: //div[text()=' 20 ']
18:16:11.157  INFO  manager.MyListener - WebDriver start find element -->By.cssSelector: button[type='submit']
18:16:11.200  INFO  manager.MyListener - WebDriver start find element -->By.cssSelector: button[type='submit']
18:16:11.307  INFO  manager.MyListener - New Before find by --> By.cssSelector: .cars-container.ng-star-inserted
18:16:12.855  INFO  manager.MyListener - WebDriver start find element -->By.cssSelector: .logo
18:16:13.079  INFO  tests.TestBase - Start test with name --->searchNextMonth
18:16:13.083  INFO  manager.MyListener - WebDriver start find element -->By.id: city
18:16:13.836  INFO  manager.MyListener - WebDriver start find element -->By.cssSelector: .pac-item
18:16:13.904  INFO  manager.MyListener - WebDriver start find element -->By.id: dates
18:16:14.038  INFO  manager.MyListener - WebDriver start find element -->By.xpath: //button[@aria-label='Next month']
18:16:14.128  INFO  manager.MyListener - WebDriver start find element -->By.xpath: //div[text()=' 27 ']
18:16:14.210  INFO  manager.MyListener - WebDriver start find element -->By.xpath: //div[text()=' 28 ']
18:16:15.295  INFO  manager.MyListener - WebDriver start find element -->By.cssSelector: button[type='submit']
18:16:15.344  INFO  manager.MyListener - WebDriver start find element -->By.cssSelector: button[type='submit']
18:16:15.458  INFO  manager.MyListener - New Before find by --> By.cssSelector: .cars-container.ng-star-inserted
18:16:16.883  INFO  manager.MyListener - WebDriver start find element -->By.cssSelector: .logo
