21:25:34.359  INFO  manager.ApplicationManager - All Tests run in Chrome Driver
21:25:38.560  INFO  manager.ApplicationManager - Current Url --> https://ilcarro-1578153671498.web.app/search
21:25:38.635  INFO  tests.TestBase - Start test with name --->searchPeriodPast
21:25:38.638  INFO  manager.MyListener - WebDriver start find element -->By.id: city
21:25:39.346  INFO  manager.MyListener - WebDriver start find element -->By.cssSelector: .pac-item
21:25:39.441  INFO  manager.MyListener - WebDriver start find element -->By.id: dates
21:25:39.601  INFO  manager.MyListener - WebDriver start find element -->By.xpath: //button[@aria-label='Next month']
21:25:39.730  INFO  manager.MyListener - WebDriver start find element -->By.xpath: //div[text()=' 24 ']
21:25:39.833  INFO  manager.MyListener - WebDriver start find element -->By.xpath: //button[@aria-label='Next month']
21:25:39.927  INFO  manager.MyListener - WebDriver start find element -->By.xpath: //button[@aria-label='Next month']
21:25:40.018  INFO  manager.MyListener - WebDriver start find element -->By.xpath: //button[@aria-label='Next month']
21:25:40.104  INFO  manager.MyListener - WebDriver start find element -->By.xpath: //button[@aria-label='Next month']
21:25:40.210  INFO  manager.MyListener - WebDriver start find element -->By.xpath: //button[@aria-label='Next month']
21:25:40.301  INFO  manager.MyListener - WebDriver start find element -->By.xpath: //button[@aria-label='Next month']
21:25:40.373  INFO  manager.MyListener - WebDriver start find element -->By.xpath: //button[@aria-label='Next month']
21:25:40.450  INFO  manager.MyListener - WebDriver start find element -->By.xpath: //button[@aria-label='Next month']
21:25:40.533  INFO  manager.MyListener - WebDriver start find element -->By.xpath: //button[@aria-label='Next month']
21:25:40.614  INFO  manager.MyListener - WebDriver start find element -->By.xpath: //button[@aria-label='Next month']
21:25:40.698  INFO  manager.MyListener - WebDriver start find element -->By.xpath: //button[@aria-label='Next month']
21:25:40.789  INFO  manager.MyListener - WebDriver start find element -->By.xpath: //button[@aria-label='Next month']
21:25:40.855  INFO  manager.MyListener - WebDriver start find element -->By.xpath: //div[text()=' 24 ']
21:25:42.928  INFO  manager.MyListener - WebDriver start find element -->By.id: dates
21:25:44.032  INFO  manager.MyListener - WebDriver start find element -->By.id: dates
21:25:45.162  INFO  manager.MyListener - The name of method with error -->click
21:25:45.166  INFO  manager.MyListener - We have a problem ---> org.openqa.selenium.ElementClickInterceptedException: element click intercepted: Element <input _ngcontent-pth-c72="" formcontrolname="dates" id="dates" class="ng-pristine ng-invalid ng-touched" aria-haspopup="dialog" min="2022-07-23" max="2023-07-23" aria-owns="sat-datepicker-0"> is not clickable at point (301, 331). Other element would receive the click: <table class="mat-calendar-table">...</table>
  (Session info: chrome=103.0.5060.134)
Build info: version: '4.2.2', revision: '683ccb65d6'
System info: host: 'DESKTOP-K3383S5', ip: '10.100.102.60', os.name: 'Windows 10', os.arch: 'amd64', os.version: '10.0', java.version: '11.0.15.1'
Driver info: org.openqa.selenium.chrome.ChromeDriver
Command: [039642c63976564461105ac2017329fc, clickElement {id=fad690e6-3fbb-4dfb-b58f-bad163bf480d}]
Capabilities {acceptInsecureCerts: false, browserName: chrome, browserVersion: 103.0.5060.134, chrome: {chromedriverVersion: 102.0.5005.61 (0e59bcc00cc4..., userDataDir: C:\Users\Admin\AppData\Loca...}, goog:chromeOptions: {debuggerAddress: localhost:57123}, networkConnectionEnabled: false, pageLoadStrategy: normal, platformName: WINDOWS, proxy: Proxy(), se:cdp: ws://localhost:57123/devtoo..., se:cdpVersion: 103.0.5060.134, setWindowRect: true, strictFileInteractability: false, timeouts: {implicit: 0, pageLoad: 300000, script: 30000}, unhandledPromptBehavior: dismiss and notify, webauthn:extension:credBlob: true, webauthn:extension:largeBlob: true, webauthn:virtualAuthenticators: true}
Element: [[ChromeDriver: chrome on WINDOWS (039642c63976564461105ac2017329fc)] -> id: dates]
Session ID: 039642c63976564461105ac2017329fc
21:25:45.172  INFO  manager.MyListener - WebDriver start find element -->By.cssSelector: .logo
21:25:46.301  INFO  manager.MyListener - The name of method with error -->click
21:25:46.302  INFO  manager.MyListener - We have a problem ---> org.openqa.selenium.ElementClickInterceptedException: element click intercepted: Element <a _ngcontent-pth-c25="" href="/" class="logo">...</a> is not clickable at point (245, 34). Other element would receive the click: <button mat-button="" type="button" cdkarialive="polite" class="mat-focus-indicator mat-calendar-period-button mat-button mat-button-base" aria-label="Choose month and year">...</button>
  (Session info: chrome=103.0.5060.134)
Build info: version: '4.2.2', revision: '683ccb65d6'
System info: host: 'DESKTOP-K3383S5', ip: '10.100.102.60', os.name: 'Windows 10', os.arch: 'amd64', os.version: '10.0', java.version: '11.0.15.1'
Driver info: org.openqa.selenium.chrome.ChromeDriver
Command: [039642c63976564461105ac2017329fc, clickElement {id=56904ffd-4bbe-45ee-9f61-62a4cb86b495}]
Capabilities {acceptInsecureCerts: false, browserName: chrome, browserVersion: 103.0.5060.134, chrome: {chromedriverVersion: 102.0.5005.61 (0e59bcc00cc4..., userDataDir: C:\Users\Admin\AppData\Loca...}, goog:chromeOptions: {debuggerAddress: localhost:57123}, networkConnectionEnabled: false, pageLoadStrategy: normal, platformName: WINDOWS, proxy: Proxy(), se:cdp: ws://localhost:57123/devtoo..., se:cdpVersion: 103.0.5060.134, setWindowRect: true, strictFileInteractability: false, timeouts: {implicit: 0, pageLoad: 300000, script: 30000}, unhandledPromptBehavior: dismiss and notify, webauthn:extension:credBlob: true, webauthn:extension:largeBlob: true, webauthn:virtualAuthenticators: true}
Element: [[ChromeDriver: chrome on WINDOWS (039642c63976564461105ac2017329fc)] -> css selector: .logo]
Session ID: 039642c63976564461105ac2017329fc
