21:17:54.915  INFO  manager.ApplicationManager - All Tests run in Chrome Driver
21:17:56.649  INFO  manager.ApplicationManager - Current Url --> https://ilcarro-1578153671498.web.app/search
21:17:56.722  INFO  tests.TestBase - Start test with name --->searchAnyPeriod
21:17:56.726  INFO  manager.MyListener - WebDriver start find element -->By.id: city
21:17:57.415  INFO  manager.MyListener - WebDriver start find element -->By.cssSelector: .pac-item
21:17:57.504  INFO  manager.MyListener - WebDriver start find element -->By.id: dates
21:17:57.649  INFO  manager.MyListener - WebDriver start find element -->By.xpath: //button[@aria-label='Next month']
21:17:57.767  INFO  manager.MyListener - WebDriver start find element -->By.xpath: //button[@aria-label='Next month']
21:17:57.863  INFO  manager.MyListener - WebDriver start find element -->By.xpath: //button[@aria-label='Next month']
21:17:57.947  INFO  manager.MyListener - WebDriver start find element -->By.xpath: //button[@aria-label='Next month']
21:17:58.021  INFO  manager.MyListener - WebDriver start find element -->By.xpath: //button[@aria-label='Next month']
21:17:58.098  INFO  manager.MyListener - WebDriver start find element -->By.xpath: //button[@aria-label='Next month']
21:17:58.179  INFO  manager.MyListener - WebDriver start find element -->By.xpath: //button[@aria-label='Next month']
21:17:58.255  INFO  manager.MyListener - WebDriver start find element -->By.xpath: //button[@aria-label='Next month']
21:17:58.329  INFO  manager.MyListener - WebDriver start find element -->By.xpath: //button[@aria-label='Next month']
21:17:58.416  INFO  manager.MyListener - WebDriver start find element -->By.xpath: //button[@aria-label='Next month']
21:17:58.504  INFO  manager.MyListener - WebDriver start find element -->By.xpath: //button[@aria-label='Next month']
21:17:58.602  INFO  manager.MyListener - WebDriver start find element -->By.xpath: //div[text()=' 10 ']
21:17:58.700  INFO  manager.MyListener - WebDriver start find element -->By.xpath: //button[@aria-label='Next month']
21:17:58.789  INFO  manager.MyListener - WebDriver start find element -->By.xpath: //div[text()=' 15 ']
21:17:59.929  INFO  manager.MyListener - WebDriver start find element -->By.cssSelector: button[type='submit']
21:18:00.010  INFO  manager.MyListener - WebDriver start find element -->By.cssSelector: button[type='submit']
21:18:00.136  INFO  manager.MyListener - New Before find by --> By.cssSelector: .cars-container.ng-star-inserted
21:18:01.248  INFO  manager.MyListener - WebDriver start find element -->By.cssSelector: .logo
21:18:01.625  INFO  tests.TestBase - Start test with name --->searchCurrentMonth
21:18:01.627  INFO  manager.MyListener - WebDriver start find element -->By.id: city
21:18:02.416  INFO  manager.MyListener - WebDriver start find element -->By.cssSelector: .pac-item
21:18:02.488  INFO  manager.MyListener - WebDriver start find element -->By.id: dates
21:18:02.596  INFO  manager.MyListener - WebDriver start find element -->By.xpath: //div[text()=' 28 ']
21:18:02.690  INFO  manager.MyListener - WebDriver start find element -->By.xpath: //div[text()=' 27 ']
21:18:03.780  INFO  manager.MyListener - WebDriver start find element -->By.cssSelector: button[type='submit']
21:18:03.839  INFO  manager.MyListener - WebDriver start find element -->By.cssSelector: button[type='submit']
21:18:03.951  INFO  manager.MyListener - New Before find by --> By.cssSelector: .cars-container.ng-star-inserted
21:18:04.822  INFO  manager.MyListener - WebDriver start find element -->By.cssSelector: .logo
21:18:05.107  INFO  tests.TestBase - Start test with name --->searchCurrentYear
21:18:05.108  INFO  manager.MyListener - WebDriver start find element -->By.id: city
21:18:05.856  INFO  manager.MyListener - WebDriver start find element -->By.cssSelector: .pac-item
21:18:05.920  INFO  manager.MyListener - WebDriver start find element -->By.id: dates
21:18:06.027  INFO  manager.MyListener - WebDriver start find element -->By.xpath: //button[@aria-label='Next month']
21:18:06.105  INFO  manager.MyListener - WebDriver start find element -->By.xpath: //div[text()=' 10 ']
21:18:06.196  INFO  manager.MyListener - WebDriver start find element -->By.xpath: //div[text()=' 20 ']
21:18:07.297  INFO  manager.MyListener - WebDriver start find element -->By.cssSelector: button[type='submit']
21:18:07.346  INFO  manager.MyListener - WebDriver start find element -->By.cssSelector: button[type='submit']
21:18:07.453  INFO  manager.MyListener - New Before find by --> By.cssSelector: .cars-container.ng-star-inserted
21:18:08.392  INFO  manager.MyListener - WebDriver start find element -->By.cssSelector: .logo
21:18:08.679  INFO  tests.TestBase - Start test with name --->searchCurrentYear2
21:18:08.681  INFO  manager.MyListener - WebDriver start find element -->By.id: city
21:18:09.417  INFO  manager.MyListener - WebDriver start find element -->By.cssSelector: .pac-item
21:18:09.481  INFO  manager.MyListener - WebDriver start find element -->By.id: dates
21:18:09.588  INFO  manager.MyListener - WebDriver start find element -->By.xpath: //button[@aria-label='Next month']
21:18:09.651  INFO  manager.MyListener - WebDriver start find element -->By.xpath: //div[text()=' 10 ']
21:18:09.731  INFO  manager.MyListener - WebDriver start find element -->By.xpath: //button[@aria-label='Next month']
21:18:09.779  INFO  manager.MyListener - WebDriver start find element -->By.xpath: //button[@aria-label='Next month']
21:18:09.827  INFO  manager.MyListener - WebDriver start find element -->By.xpath: //div[text()=' 20 ']
21:18:10.928  INFO  manager.MyListener - WebDriver start find element -->By.cssSelector: button[type='submit']
21:18:10.975  INFO  manager.MyListener - WebDriver start find element -->By.cssSelector: button[type='submit']
21:18:11.076  INFO  manager.MyListener - New Before find by --> By.cssSelector: .cars-container.ng-star-inserted
21:18:13.186  INFO  manager.MyListener - WebDriver start find element -->By.cssSelector: .logo
21:18:13.480  INFO  tests.TestBase - Start test with name --->searchCurrentYearLocalDate
21:18:13.483  INFO  manager.MyListener - WebDriver start find element -->By.id: city
21:18:14.196  INFO  manager.MyListener - WebDriver start find element -->By.cssSelector: .pac-item
21:18:14.259  INFO  manager.MyListener - WebDriver start find element -->By.id: dates
21:18:14.379  INFO  manager.MyListener - WebDriver start find element -->By.xpath: //button[@aria-label='Next month']
21:18:14.441  INFO  manager.MyListener - WebDriver start find element -->By.xpath: //div[text()=' 10 ']
21:18:14.523  INFO  manager.MyListener - WebDriver start find element -->By.xpath: //button[@aria-label='Next month']
21:18:14.576  INFO  manager.MyListener - WebDriver start find element -->By.xpath: //button[@aria-label='Next month']
21:18:14.617  INFO  manager.MyListener - WebDriver start find element -->By.xpath: //div[text()=' 20 ']
21:18:15.703  INFO  manager.MyListener - WebDriver start find element -->By.cssSelector: button[type='submit']
21:18:15.750  INFO  manager.MyListener - WebDriver start find element -->By.cssSelector: button[type='submit']
21:18:15.854  INFO  manager.MyListener - New Before find by --> By.cssSelector: .cars-container.ng-star-inserted
21:18:18.943  INFO  manager.MyListener - WebDriver start find element -->By.cssSelector: .logo
21:18:19.233  INFO  tests.TestBase - Start test with name --->searchNextMonth
21:18:19.235  INFO  manager.MyListener - WebDriver start find element -->By.id: city
21:18:19.971  INFO  manager.MyListener - WebDriver start find element -->By.cssSelector: .pac-item
21:18:20.088  INFO  manager.MyListener - WebDriver start find element -->By.id: dates
21:18:20.193  INFO  manager.MyListener - WebDriver start find element -->By.xpath: //button[@aria-label='Next month']
21:18:20.256  INFO  manager.MyListener - WebDriver start find element -->By.xpath: //div[text()=' 28 ']
21:18:20.340  INFO  manager.MyListener - WebDriver start find element -->By.xpath: //div[text()=' 27 ']
21:18:21.412  INFO  manager.MyListener - WebDriver start find element -->By.cssSelector: button[type='submit']
21:18:21.459  INFO  manager.MyListener - WebDriver start find element -->By.cssSelector: button[type='submit']
21:18:22.535  INFO  manager.MyListener - The name of method with error -->click
21:18:22.542  INFO  manager.MyListener - We have a problem ---> org.openqa.selenium.ElementClickInterceptedException: element click intercepted: Element <button _ngcontent-jwv-c72="" type="submit">...</button> is not clickable at point (220, 382). Other element would receive the click: <span class="mat-button-wrapper">...</span>
  (Session info: chrome=103.0.5060.134)
Build info: version: '4.2.2', revision: '683ccb65d6'
System info: host: 'DESKTOP-K3383S5', ip: '10.100.102.60', os.name: 'Windows 10', os.arch: 'amd64', os.version: '10.0', java.version: '11.0.15.1'
Driver info: org.openqa.selenium.chrome.ChromeDriver
Command: [a7c7678baa8fbb2311fdccade2a00622, clickElement {id=12a06189-3557-4d79-b67b-9b9cdf869953}]
Capabilities {acceptInsecureCerts: false, browserName: chrome, browserVersion: 103.0.5060.134, chrome: {chromedriverVersion: 102.0.5005.61 (0e59bcc00cc4..., userDataDir: C:\Users\Admin\AppData\Loca...}, goog:chromeOptions: {debuggerAddress: localhost:54342}, networkConnectionEnabled: false, pageLoadStrategy: normal, platformName: WINDOWS, proxy: Proxy(), se:cdp: ws://localhost:54342/devtoo..., se:cdpVersion: 103.0.5060.134, setWindowRect: true, strictFileInteractability: false, timeouts: {implicit: 0, pageLoad: 300000, script: 30000}, unhandledPromptBehavior: dismiss and notify, webauthn:extension:credBlob: true, webauthn:extension:largeBlob: true, webauthn:virtualAuthenticators: true}
Element: [[ChromeDriver: chrome on WINDOWS (a7c7678baa8fbb2311fdccade2a00622)] -> css selector: button[type='submit']]
Session ID: a7c7678baa8fbb2311fdccade2a00622
21:18:22.544  INFO  manager.MyListener - WebDriver start find element -->By.cssSelector: .logo
21:18:23.616  INFO  manager.MyListener - The name of method with error -->click
21:18:23.616  INFO  manager.MyListener - We have a problem ---> org.openqa.selenium.ElementClickInterceptedException: element click intercepted: Element <a _ngcontent-jwv-c25="" href="/" class="logo">...</a> is not clickable at point (245, 34). Other element would receive the click: <div class="cdk-overlay-backdrop mat-overlay-transparent-backdrop cdk-overlay-backdrop-showing"></div>
  (Session info: chrome=103.0.5060.134)
Build info: version: '4.2.2', revision: '683ccb65d6'
System info: host: 'DESKTOP-K3383S5', ip: '10.100.102.60', os.name: 'Windows 10', os.arch: 'amd64', os.version: '10.0', java.version: '11.0.15.1'
Driver info: org.openqa.selenium.chrome.ChromeDriver
Command: [a7c7678baa8fbb2311fdccade2a00622, clickElement {id=ad67eba6-06ca-4af7-ab0a-e5704f15cf2d}]
Capabilities {acceptInsecureCerts: false, browserName: chrome, browserVersion: 103.0.5060.134, chrome: {chromedriverVersion: 102.0.5005.61 (0e59bcc00cc4..., userDataDir: C:\Users\Admin\AppData\Loca...}, goog:chromeOptions: {debuggerAddress: localhost:54342}, networkConnectionEnabled: false, pageLoadStrategy: normal, platformName: WINDOWS, proxy: Proxy(), se:cdp: ws://localhost:54342/devtoo..., se:cdpVersion: 103.0.5060.134, setWindowRect: true, strictFileInteractability: false, timeouts: {implicit: 0, pageLoad: 300000, script: 30000}, unhandledPromptBehavior: dismiss and notify, webauthn:extension:credBlob: true, webauthn:extension:largeBlob: true, webauthn:virtualAuthenticators: true}
Element: [[ChromeDriver: chrome on WINDOWS (a7c7678baa8fbb2311fdccade2a00622)] -> css selector: .logo]
Session ID: a7c7678baa8fbb2311fdccade2a00622
