20:35:47.011  INFO  manager.ApplicationManager - All Tests run in Chrome Driver
20:35:51.788  INFO  manager.ApplicationManager - Current Url --> https://ilcarro-1578153671498.web.app/search
20:35:51.857  INFO  tests.TestBase - Start test with name --->searchPeriodPast
20:35:51.860  INFO  manager.MyListener - WebDriver start find element -->By.id: city
20:35:52.569  INFO  manager.MyListener - WebDriver start find element -->By.cssSelector: .pac-item
20:35:52.658  INFO  manager.MyListener - WebDriver start find element -->By.id: dates
20:35:52.810  INFO  manager.MyListener - WebDriver start find element -->By.xpath: //div[text()=' 24 ']
20:35:52.921  INFO  manager.MyListener - WebDriver start find element -->By.xpath: //button[@aria-label='Next month']
20:35:53.057  INFO  manager.MyListener - WebDriver start find element -->By.xpath: //div[text()=' 24 ']
20:35:53.198  INFO  manager.MyListener - WebDriver start find element -->By.id: dates
20:35:53.315  INFO  manager.MyListener - WebDriver start find element -->By.id: dates
20:35:54.625  INFO  manager.MyListener - WebDriver start find element -->By.id: dates
20:35:55.762  INFO  manager.MyListener - The name of method with error -->click
20:35:55.766  INFO  manager.MyListener - We have a problem ---> org.openqa.selenium.ElementClickInterceptedException: element click intercepted: Element <input _ngcontent-pja-c72="" formcontrolname="dates" id="dates" class="ng-touched ng-dirty ng-invalid" aria-haspopup="dialog" min="2022-07-23" max="2023-07-23" aria-owns="sat-datepicker-0"> is not clickable at point (301, 331). Other element would receive the click: <div class="cdk-overlay-backdrop mat-overlay-transparent-backdrop cdk-overlay-backdrop-showing"></div>
  (Session info: chrome=103.0.5060.134)
Build info: version: '4.2.2', revision: '683ccb65d6'
System info: host: 'DESKTOP-K3383S5', ip: '10.100.102.60', os.name: 'Windows 10', os.arch: 'amd64', os.version: '10.0', java.version: '11.0.15.1'
Driver info: org.openqa.selenium.chrome.ChromeDriver
Command: [138bc834db85c86ada106eb4b08018a4, clickElement {id=3dc5e49d-5552-42a3-87a5-03738228a9cd}]
Capabilities {acceptInsecureCerts: false, browserName: chrome, browserVersion: 103.0.5060.134, chrome: {chromedriverVersion: 102.0.5005.61 (0e59bcc00cc4..., userDataDir: C:\Users\Admin\AppData\Loca...}, goog:chromeOptions: {debuggerAddress: localhost:52814}, networkConnectionEnabled: false, pageLoadStrategy: normal, platformName: WINDOWS, proxy: Proxy(), se:cdp: ws://localhost:52814/devtoo..., se:cdpVersion: 103.0.5060.134, setWindowRect: true, strictFileInteractability: false, timeouts: {implicit: 0, pageLoad: 300000, script: 30000}, unhandledPromptBehavior: dismiss and notify, webauthn:extension:credBlob: true, webauthn:extension:largeBlob: true, webauthn:virtualAuthenticators: true}
Element: [[ChromeDriver: chrome on WINDOWS (138bc834db85c86ada106eb4b08018a4)] -> id: dates]
Session ID: 138bc834db85c86ada106eb4b08018a4
