18:42:33.180  INFO  manager.ApplicationManager - All Tests run in Chrome Driver
18:42:34.904  INFO  manager.ApplicationManager - Current Url --> https://ilcarro-1578153671498.web.app/search
18:42:34.976  INFO  tests.TestBase - Start test with name --->searchPeriodPast
18:42:34.978  INFO  manager.MyListener - WebDriver start find element -->By.id: city
18:42:35.675  INFO  manager.MyListener - WebDriver start find element -->By.cssSelector: .pac-item
18:42:35.772  INFO  manager.MyListener - WebDriver start find element -->By.id: dates
18:42:35.918  INFO  manager.MyListener - WebDriver start find element -->By.xpath: //div[text()=' 24 ']
18:42:36.039  INFO  manager.MyListener - WebDriver start find element -->By.xpath: //button[@aria-label='Next month']
18:42:36.136  INFO  manager.MyListener - WebDriver start find element -->By.xpath: //div[text()=' 24 ']
18:42:36.244  INFO  manager.MyListener - WebDriver start find element -->By.cssSelector: button[type='submit']
18:42:36.336  INFO  manager.MyListener - WebDriver start find element -->By.cssSelector: button[type='submit']
18:42:38.480  INFO  manager.MyListener - WebDriver start find element -->By.cssSelector: .ng-pristine.ng-valid.ng-touched[formcontrolname='dates']
18:42:43.567  INFO  manager.MyListener - The name of method with error -->findElement
18:42:43.572  INFO  manager.MyListener - We have a problem ---> org.openqa.selenium.NoSuchElementException: no such element: Unable to locate element: {"method":"css selector","selector":".ng-pristine.ng-valid.ng-touched[formcontrolname='dates']"}
  (Session info: chrome=103.0.5060.134)
For documentation on this error, please visit: https://selenium.dev/exceptions/#no_such_element
Build info: version: '4.2.2', revision: '683ccb65d6'
System info: host: 'DESKTOP-K3383S5', ip: '10.100.102.60', os.name: 'Windows 10', os.arch: 'amd64', os.version: '10.0', java.version: '11.0.15.1'
Driver info: org.openqa.selenium.chrome.ChromeDriver
Command: [6727abce8ce0c55ab65a34063aa8c25a, findElement {using=css selector, value=.ng-pristine.ng-valid.ng-touched[formcontrolname='dates']}]
Capabilities {acceptInsecureCerts: false, browserName: chrome, browserVersion: 103.0.5060.134, chrome: {chromedriverVersion: 102.0.5005.61 (0e59bcc00cc4..., userDataDir: C:\Users\Admin\AppData\Loca...}, goog:chromeOptions: {debuggerAddress: localhost:63638}, networkConnectionEnabled: false, pageLoadStrategy: normal, platformName: WINDOWS, proxy: Proxy(), se:cdp: ws://localhost:63638/devtoo..., se:cdpVersion: 103.0.5060.134, setWindowRect: true, strictFileInteractability: false, timeouts: {implicit: 0, pageLoad: 300000, script: 30000}, unhandledPromptBehavior: dismiss and notify, webauthn:extension:credBlob: true, webauthn:extension:largeBlob: true, webauthn:virtualAuthenticators: true}
Session ID: 6727abce8ce0c55ab65a34063aa8c25a
