20:34:28.845  INFO  manager.ApplicationManager - All Tests run in Chrome Driver
20:34:31.539  INFO  manager.ApplicationManager - Current Url --> https://ilcarro-1578153671498.web.app/search
20:34:31.619  INFO  tests.TestBase - Start test with name --->searchPeriodPast
20:34:31.624  INFO  manager.MyListener - WebDriver start find element -->By.id: city
20:34:32.348  INFO  manager.MyListener - WebDriver start find element -->By.cssSelector: .pac-item
20:34:32.439  INFO  manager.MyListener - WebDriver start find element -->By.id: dates
20:34:32.593  INFO  manager.MyListener - WebDriver start find element -->By.xpath: //div[text()=' 24 ']
20:34:32.721  INFO  manager.MyListener - WebDriver start find element -->By.xpath: //button[@aria-label='Next month']
20:34:32.827  INFO  manager.MyListener - WebDriver start find element -->By.xpath: //div[text()=' 24 ']
20:34:32.946  INFO  manager.MyListener - WebDriver start find element -->By.id: dates
20:34:33.059  INFO  manager.MyListener - WebDriver start find element -->By.id: dates
20:34:34.373  INFO  manager.MyListener - WebDriver start find element -->By.cssSelector: .subtitle
20:34:35.462  INFO  manager.MyListener - The name of method with error -->click
20:34:35.466  INFO  manager.MyListener - We have a problem ---> org.openqa.selenium.ElementClickInterceptedException: element click intercepted: Element <h2 _ngcontent-kfm-c72="" class="subtitle">...</h2> is not clickable at point (301, 193). Other element would receive the click: <div class="cdk-overlay-backdrop mat-overlay-transparent-backdrop cdk-overlay-backdrop-showing"></div>
  (Session info: chrome=103.0.5060.134)
Build info: version: '4.2.2', revision: '683ccb65d6'
System info: host: 'DESKTOP-K3383S5', ip: '10.100.102.60', os.name: 'Windows 10', os.arch: 'amd64', os.version: '10.0', java.version: '11.0.15.1'
Driver info: org.openqa.selenium.chrome.ChromeDriver
Command: [06020cf23205e46afd74be5bdccae882, clickElement {id=57cdd2b6-7c1f-417d-bbce-fab2dde8925f}]
Capabilities {acceptInsecureCerts: false, browserName: chrome, browserVersion: 103.0.5060.134, chrome: {chromedriverVersion: 102.0.5005.61 (0e59bcc00cc4..., userDataDir: C:\Users\Admin\AppData\Loca...}, goog:chromeOptions: {debuggerAddress: localhost:52118}, networkConnectionEnabled: false, pageLoadStrategy: normal, platformName: WINDOWS, proxy: Proxy(), se:cdp: ws://localhost:52118/devtoo..., se:cdpVersion: 103.0.5060.134, setWindowRect: true, strictFileInteractability: false, timeouts: {implicit: 0, pageLoad: 300000, script: 30000}, unhandledPromptBehavior: dismiss and notify, webauthn:extension:credBlob: true, webauthn:extension:largeBlob: true, webauthn:virtualAuthenticators: true}
Element: [[ChromeDriver: chrome on WINDOWS (06020cf23205e46afd74be5bdccae882)] -> css selector: .subtitle]
Session ID: 06020cf23205e46afd74be5bdccae882
