20:04:15.733  INFO  manager.ApplicationManager - All Tests run in Chrome Driver
20:04:17.277  INFO  manager.ApplicationManager - Current Url --> https://ilcarro-1578153671498.web.app/search
20:04:17.341  INFO  tests.TestBase - Start test with name --->searchPeriodPast
20:04:17.345  INFO  manager.MyListener - WebDriver start find element -->By.id: city
20:04:18.076  INFO  manager.MyListener - WebDriver start find element -->By.cssSelector: .pac-item
20:04:18.168  INFO  manager.MyListener - WebDriver start find element -->By.id: dates
20:04:18.305  INFO  manager.MyListener - WebDriver start find element -->By.xpath: //div[text()=' 24 ']
20:04:18.434  INFO  manager.MyListener - WebDriver start find element -->By.xpath: //button[@aria-label='Next month']
20:04:18.527  INFO  manager.MyListener - WebDriver start find element -->By.xpath: //div[text()=' 24 ']
20:04:18.641  INFO  manager.MyListener - WebDriver start find element -->By.id: dates
20:04:18.734  INFO  manager.MyListener - WebDriver start find element -->By.id: dates
20:04:18.967  INFO  manager.MyListener - New Before find by --> By.cssSelector: button[disabled]
20:04:19.020  INFO  manager.MyListener - WebDriver start find element -->By.cssSelector: [type='submit']
20:04:19.070  INFO  manager.MyListener - WebDriver start find element -->By.cssSelector: div[class='ng-star-inserted']
20:04:19.123  INFO  manager.MyListener - WebDriver start find element -->By.cssSelector: div[class='ng-star-inserted']
20:04:19.168  INFO  manager.MyListener - WebDriver start find element -->By.cssSelector: .logo
20:04:20.287  INFO  manager.MyListener - The name of method with error -->click
20:04:20.291  INFO  manager.MyListener - We have a problem ---> org.openqa.selenium.ElementClickInterceptedException: element click intercepted: Element <a _ngcontent-nha-c25="" href="/" class="logo">...</a> is not clickable at point (245, 34). Other element would receive the click: <div class="cdk-overlay-backdrop mat-overlay-transparent-backdrop cdk-overlay-backdrop-showing"></div>
  (Session info: chrome=103.0.5060.134)
Build info: version: '4.2.2', revision: '683ccb65d6'
System info: host: 'DESKTOP-K3383S5', ip: '10.100.102.60', os.name: 'Windows 10', os.arch: 'amd64', os.version: '10.0', java.version: '11.0.15.1'
Driver info: org.openqa.selenium.chrome.ChromeDriver
Command: [929f6813b0d1e3cae2f6f94c8d0d9bf8, clickElement {id=a9637829-b20a-4120-b881-b2b94a5dfb35}]
Capabilities {acceptInsecureCerts: false, browserName: chrome, browserVersion: 103.0.5060.134, chrome: {chromedriverVersion: 102.0.5005.61 (0e59bcc00cc4..., userDataDir: C:\Users\Admin\AppData\Loca...}, goog:chromeOptions: {debuggerAddress: localhost:49271}, networkConnectionEnabled: false, pageLoadStrategy: normal, platformName: WINDOWS, proxy: Proxy(), se:cdp: ws://localhost:49271/devtoo..., se:cdpVersion: 103.0.5060.134, setWindowRect: true, strictFileInteractability: false, timeouts: {implicit: 0, pageLoad: 300000, script: 30000}, unhandledPromptBehavior: dismiss and notify, webauthn:extension:credBlob: true, webauthn:extension:largeBlob: true, webauthn:virtualAuthenticators: true}
Element: [[ChromeDriver: chrome on WINDOWS (929f6813b0d1e3cae2f6f94c8d0d9bf8)] -> css selector: .logo]
Session ID: 929f6813b0d1e3cae2f6f94c8d0d9bf8
