20:51:36.774  INFO  manager.ApplicationManager - All Tests run in Chrome Driver
20:51:38.409  INFO  manager.ApplicationManager - Current Url --> https://ilcarro-1578153671498.web.app/search
20:51:38.476  INFO  tests.TestBase - Start test with name --->searchAnyPeriod
20:51:38.480  INFO  manager.MyListener - WebDriver start find element -->By.id: city
20:51:39.186  INFO  manager.MyListener - WebDriver start find element -->By.cssSelector: .pac-item
20:51:39.272  INFO  manager.MyListener - WebDriver start find element -->By.id: dates
20:51:39.408  INFO  manager.MyListener - WebDriver start find element -->By.xpath: //button[@aria-label='Next month']
20:51:39.519  INFO  manager.MyListener - WebDriver start find element -->By.xpath: //button[@aria-label='Next month']
20:51:39.605  INFO  manager.MyListener - WebDriver start find element -->By.xpath: //button[@aria-label='Next month']
20:51:39.688  INFO  manager.MyListener - WebDriver start find element -->By.xpath: //button[@aria-label='Next month']
20:51:39.774  INFO  manager.MyListener - WebDriver start find element -->By.xpath: //button[@aria-label='Next month']
20:51:39.848  INFO  manager.MyListener - WebDriver start find element -->By.xpath: //button[@aria-label='Next month']
20:51:39.927  INFO  manager.MyListener - WebDriver start find element -->By.xpath: //button[@aria-label='Next month']
20:51:40.007  INFO  manager.MyListener - WebDriver start find element -->By.xpath: //button[@aria-label='Next month']
20:51:40.076  INFO  manager.MyListener - WebDriver start find element -->By.xpath: //button[@aria-label='Next month']
20:51:40.146  INFO  manager.MyListener - WebDriver start find element -->By.xpath: //button[@aria-label='Next month']
20:51:40.215  INFO  manager.MyListener - WebDriver start find element -->By.xpath: //button[@aria-label='Next month']
20:51:40.282  INFO  manager.MyListener - WebDriver start find element -->By.xpath: //div[text()=' 10 ']
20:51:40.381  INFO  manager.MyListener - WebDriver start find element -->By.xpath: //button[@aria-label='Next month']
20:51:40.460  INFO  manager.MyListener - WebDriver start find element -->By.xpath: //div[text()=' 15 ']
20:51:40.561  INFO  manager.MyListener - WebDriver start find element -->By.cssSelector: button[type='submit']
20:51:40.645  INFO  manager.MyListener - WebDriver start find element -->By.cssSelector: button[type='submit']
20:51:40.766  INFO  manager.MyListener - New Before find by --> By.cssSelector: .cars-container.ng-star-inserted
20:51:42.536  INFO  manager.MyListener - WebDriver start find element -->By.cssSelector: .logo
20:51:42.862  INFO  tests.TestBase - Start test with name --->searchCurrentMonth
20:51:42.863  INFO  manager.MyListener - WebDriver start find element -->By.id: city
20:51:43.632  INFO  manager.MyListener - WebDriver start find element -->By.cssSelector: .pac-item
20:51:43.694  INFO  manager.MyListener - WebDriver start find element -->By.id: dates
20:51:43.801  INFO  manager.MyListener - WebDriver start find element -->By.xpath: //div[text()=' 28 ']
20:51:43.896  INFO  manager.MyListener - WebDriver start find element -->By.xpath: //div[text()=' 27 ']
20:51:44.004  INFO  manager.MyListener - WebDriver start find element -->By.cssSelector: button[type='submit']
20:51:44.059  INFO  manager.MyListener - WebDriver start find element -->By.cssSelector: button[type='submit']
20:51:44.164  INFO  manager.MyListener - New Before find by --> By.cssSelector: .cars-container.ng-star-inserted
20:51:45.270  INFO  manager.MyListener - WebDriver start find element -->By.cssSelector: .logo
20:51:45.539  INFO  tests.TestBase - Start test with name --->searchCurrentYear
20:51:45.540  INFO  manager.MyListener - WebDriver start find element -->By.id: city
20:51:46.273  INFO  manager.MyListener - WebDriver start find element -->By.cssSelector: .pac-item
20:51:46.339  INFO  manager.MyListener - WebDriver start find element -->By.id: dates
20:51:46.441  INFO  manager.MyListener - WebDriver start find element -->By.xpath: //button[@aria-label='Next month']
20:51:46.530  INFO  manager.MyListener - WebDriver start find element -->By.xpath: //div[text()=' 10 ']
20:51:46.616  INFO  manager.MyListener - WebDriver start find element -->By.xpath: //div[text()=' 20 ']
20:51:46.706  INFO  manager.MyListener - WebDriver start find element -->By.cssSelector: button[type='submit']
20:51:46.761  INFO  manager.MyListener - WebDriver start find element -->By.cssSelector: button[type='submit']
20:51:46.875  INFO  manager.MyListener - New Before find by --> By.cssSelector: .cars-container.ng-star-inserted
20:51:47.819  INFO  manager.MyListener - WebDriver start find element -->By.cssSelector: .logo
20:51:48.123  INFO  tests.TestBase - Start test with name --->searchCurrentYear2
20:51:48.124  INFO  manager.MyListener - WebDriver start find element -->By.id: city
20:51:48.861  INFO  manager.MyListener - WebDriver start find element -->By.cssSelector: .pac-item
20:51:48.928  INFO  manager.MyListener - WebDriver start find element -->By.id: dates
20:51:49.053  INFO  manager.MyListener - WebDriver start find element -->By.xpath: //button[@aria-label='Next month']
20:51:49.110  INFO  manager.MyListener - WebDriver start find element -->By.xpath: //div[text()=' 10 ']
20:51:49.192  INFO  manager.MyListener - WebDriver start find element -->By.xpath: //button[@aria-label='Next month']
20:51:49.244  INFO  manager.MyListener - WebDriver start find element -->By.xpath: //button[@aria-label='Next month']
20:51:49.293  INFO  manager.MyListener - WebDriver start find element -->By.xpath: //div[text()=' 20 ']
20:51:49.370  INFO  manager.MyListener - WebDriver start find element -->By.cssSelector: button[type='submit']
20:51:49.424  INFO  manager.MyListener - WebDriver start find element -->By.cssSelector: button[type='submit']
20:51:49.535  INFO  manager.MyListener - New Before find by --> By.cssSelector: .cars-container.ng-star-inserted
20:51:50.539  INFO  manager.MyListener - WebDriver start find element -->By.cssSelector: .logo
20:51:50.802  INFO  tests.TestBase - Start test with name --->searchCurrentYearLocalDate
20:51:50.804  INFO  manager.MyListener - WebDriver start find element -->By.id: city
20:51:51.497  INFO  manager.MyListener - WebDriver start find element -->By.cssSelector: .pac-item
20:51:51.559  INFO  manager.MyListener - WebDriver start find element -->By.id: dates
20:51:51.674  INFO  manager.MyListener - WebDriver start find element -->By.xpath: //button[@aria-label='Next month']
20:51:51.740  INFO  manager.MyListener - WebDriver start find element -->By.xpath: //div[text()=' 10 ']
20:51:51.829  INFO  manager.MyListener - WebDriver start find element -->By.xpath: //button[@aria-label='Next month']
20:51:51.879  INFO  manager.MyListener - WebDriver start find element -->By.xpath: //button[@aria-label='Next month']
20:51:51.923  INFO  manager.MyListener - WebDriver start find element -->By.xpath: //div[text()=' 20 ']
20:51:51.998  INFO  manager.MyListener - WebDriver start find element -->By.cssSelector: button[type='submit']
20:51:52.045  INFO  manager.MyListener - WebDriver start find element -->By.cssSelector: button[type='submit']
20:51:52.153  INFO  manager.MyListener - New Before find by --> By.cssSelector: .cars-container.ng-star-inserted
20:51:53.078  INFO  manager.MyListener - WebDriver start find element -->By.cssSelector: .logo
20:51:53.306  INFO  tests.TestBase - Start test with name --->searchNextMonth
20:51:53.311  INFO  manager.MyListener - WebDriver start find element -->By.id: dates
20:51:53.430  INFO  manager.MyListener - WebDriver start find element -->By.xpath: //button[@aria-label='Next month']
20:51:53.488  INFO  manager.MyListener - WebDriver start find element -->By.xpath: //div[text()=' 28 ']
20:51:53.574  INFO  manager.MyListener - WebDriver start find element -->By.xpath: //div[text()=' 27 ']
20:51:53.665  INFO  manager.MyListener - WebDriver start find element -->By.cssSelector: button[type='submit']
20:51:53.711  INFO  manager.MyListener - WebDriver start find element -->By.cssSelector: button[type='submit']
20:51:54.823  INFO  manager.MyListener - The name of method with error -->click
20:51:54.827  INFO  manager.MyListener - We have a problem ---> org.openqa.selenium.ElementClickInterceptedException: element click intercepted: Element <button _ngcontent-bjt-c72="" type="submit">...</button> is not clickable at point (220, 382). Other element would receive the click: <span class="mat-button-wrapper">...</span>
  (Session info: chrome=103.0.5060.134)
Build info: version: '4.2.2', revision: '683ccb65d6'
System info: host: 'DESKTOP-K3383S5', ip: '10.100.102.60', os.name: 'Windows 10', os.arch: 'amd64', os.version: '10.0', java.version: '11.0.15.1'
Driver info: org.openqa.selenium.chrome.ChromeDriver
Command: [a5ef56733190c62408dd1594797a9ff1, clickElement {id=78a762b2-8117-4a8a-9404-ae72094e5912}]
Capabilities {acceptInsecureCerts: false, browserName: chrome, browserVersion: 103.0.5060.134, chrome: {chromedriverVersion: 102.0.5005.61 (0e59bcc00cc4..., userDataDir: C:\Users\Admin\AppData\Loca...}, goog:chromeOptions: {debuggerAddress: localhost:59589}, networkConnectionEnabled: false, pageLoadStrategy: normal, platformName: WINDOWS, proxy: Proxy(), se:cdp: ws://localhost:59589/devtoo..., se:cdpVersion: 103.0.5060.134, setWindowRect: true, strictFileInteractability: false, timeouts: {implicit: 0, pageLoad: 300000, script: 30000}, unhandledPromptBehavior: dismiss and notify, webauthn:extension:credBlob: true, webauthn:extension:largeBlob: true, webauthn:virtualAuthenticators: true}
Element: [[ChromeDriver: chrome on WINDOWS (a5ef56733190c62408dd1594797a9ff1)] -> css selector: button[type='submit']]
Session ID: a5ef56733190c62408dd1594797a9ff1
20:51:54.828  INFO  manager.MyListener - WebDriver start find element -->By.cssSelector: .logo
20:51:55.938  INFO  manager.MyListener - The name of method with error -->click
20:51:55.939  INFO  manager.MyListener - We have a problem ---> org.openqa.selenium.ElementClickInterceptedException: element click intercepted: Element <a _ngcontent-bjt-c25="" href="/" class="logo">...</a> is not clickable at point (245, 34). Other element would receive the click: <div class="cdk-overlay-backdrop mat-overlay-transparent-backdrop cdk-overlay-backdrop-showing"></div>
  (Session info: chrome=103.0.5060.134)
Build info: version: '4.2.2', revision: '683ccb65d6'
System info: host: 'DESKTOP-K3383S5', ip: '10.100.102.60', os.name: 'Windows 10', os.arch: 'amd64', os.version: '10.0', java.version: '11.0.15.1'
Driver info: org.openqa.selenium.chrome.ChromeDriver
Command: [a5ef56733190c62408dd1594797a9ff1, clickElement {id=fb257d9b-2167-4c52-97ac-8532ab37d54d}]
Capabilities {acceptInsecureCerts: false, browserName: chrome, browserVersion: 103.0.5060.134, chrome: {chromedriverVersion: 102.0.5005.61 (0e59bcc00cc4..., userDataDir: C:\Users\Admin\AppData\Loca...}, goog:chromeOptions: {debuggerAddress: localhost:59589}, networkConnectionEnabled: false, pageLoadStrategy: normal, platformName: WINDOWS, proxy: Proxy(), se:cdp: ws://localhost:59589/devtoo..., se:cdpVersion: 103.0.5060.134, setWindowRect: true, strictFileInteractability: false, timeouts: {implicit: 0, pageLoad: 300000, script: 30000}, unhandledPromptBehavior: dismiss and notify, webauthn:extension:credBlob: true, webauthn:extension:largeBlob: true, webauthn:virtualAuthenticators: true}
Element: [[ChromeDriver: chrome on WINDOWS (a5ef56733190c62408dd1594797a9ff1)] -> css selector: .logo]
Session ID: a5ef56733190c62408dd1594797a9ff1
