21:04:06.412  INFO  manager.ApplicationManager - All Tests run in Chrome Driver
21:04:08.116  INFO  manager.ApplicationManager - Current Url --> https://ilcarro-1578153671498.web.app/search
21:04:08.204  INFO  tests.TestBase - Start test with name --->searchAnyPeriod
21:04:08.218  INFO  manager.MyListener - WebDriver start find element -->By.id: city
21:04:08.980  INFO  manager.MyListener - WebDriver start find element -->By.cssSelector: .pac-item
21:04:09.082  INFO  manager.MyListener - WebDriver start find element -->By.id: dates
21:04:09.261  INFO  manager.MyListener - WebDriver start find element -->By.xpath: //button[@aria-label='Next month']
21:04:09.402  INFO  manager.MyListener - WebDriver start find element -->By.xpath: //button[@aria-label='Next month']
21:04:09.505  INFO  manager.MyListener - WebDriver start find element -->By.xpath: //button[@aria-label='Next month']
21:04:09.626  INFO  manager.MyListener - WebDriver start find element -->By.xpath: //button[@aria-label='Next month']
21:04:09.715  INFO  manager.MyListener - WebDriver start find element -->By.xpath: //button[@aria-label='Next month']
21:04:09.816  INFO  manager.MyListener - WebDriver start find element -->By.xpath: //button[@aria-label='Next month']
21:04:09.909  INFO  manager.MyListener - WebDriver start find element -->By.xpath: //button[@aria-label='Next month']
21:04:10.010  INFO  manager.MyListener - WebDriver start find element -->By.xpath: //button[@aria-label='Next month']
21:04:10.096  INFO  manager.MyListener - WebDriver start find element -->By.xpath: //button[@aria-label='Next month']
21:04:10.186  INFO  manager.MyListener - WebDriver start find element -->By.xpath: //button[@aria-label='Next month']
21:04:10.270  INFO  manager.MyListener - WebDriver start find element -->By.xpath: //button[@aria-label='Next month']
21:04:10.344  INFO  manager.MyListener - WebDriver start find element -->By.xpath: //div[text()=' 10 ']
21:04:10.446  INFO  manager.MyListener - WebDriver start find element -->By.xpath: //button[@aria-label='Next month']
21:04:10.523  INFO  manager.MyListener - WebDriver start find element -->By.xpath: //div[text()=' 15 ']
21:04:11.626  INFO  manager.MyListener - WebDriver start find element -->By.cssSelector: button[type='submit']
21:04:11.710  INFO  manager.MyListener - WebDriver start find element -->By.cssSelector: button[type='submit']
21:04:11.829  INFO  manager.MyListener - New Before find by --> By.cssSelector: .cars-container.ng-star-inserted
21:04:13.003  INFO  manager.MyListener - WebDriver start find element -->By.cssSelector: .logo
21:04:13.344  INFO  tests.TestBase - Start test with name --->searchCurrentMonth
21:04:13.345  INFO  manager.MyListener - WebDriver start find element -->By.id: city
21:04:14.111  INFO  manager.MyListener - WebDriver start find element -->By.cssSelector: .pac-item
21:04:14.178  INFO  manager.MyListener - WebDriver start find element -->By.id: dates
21:04:14.282  INFO  manager.MyListener - WebDriver start find element -->By.xpath: //div[text()=' 28 ']
21:04:14.394  INFO  manager.MyListener - WebDriver start find element -->By.xpath: //div[text()=' 27 ']
21:04:15.481  INFO  manager.MyListener - WebDriver start find element -->By.cssSelector: button[type='submit']
21:04:15.536  INFO  manager.MyListener - WebDriver start find element -->By.cssSelector: button[type='submit']
21:04:15.630  INFO  manager.MyListener - New Before find by --> By.cssSelector: .cars-container.ng-star-inserted
21:04:16.554  INFO  manager.MyListener - WebDriver start find element -->By.cssSelector: .logo
21:04:16.824  INFO  tests.TestBase - Start test with name --->searchCurrentYear
21:04:16.826  INFO  manager.MyListener - WebDriver start find element -->By.id: city
21:04:17.558  INFO  manager.MyListener - WebDriver start find element -->By.cssSelector: .pac-item
21:04:17.625  INFO  manager.MyListener - WebDriver start find element -->By.id: dates
21:04:17.740  INFO  manager.MyListener - WebDriver start find element -->By.xpath: //button[@aria-label='Next month']
21:04:17.829  INFO  manager.MyListener - WebDriver start find element -->By.xpath: //div[text()=' 10 ']
21:04:17.909  INFO  manager.MyListener - WebDriver start find element -->By.xpath: //div[text()=' 20 ']
21:04:19.000  INFO  manager.MyListener - WebDriver start find element -->By.cssSelector: button[type='submit']
21:04:19.052  INFO  manager.MyListener - WebDriver start find element -->By.cssSelector: button[type='submit']
21:04:19.154  INFO  manager.MyListener - New Before find by --> By.cssSelector: .cars-container.ng-star-inserted
21:04:21.057  INFO  manager.MyListener - WebDriver start find element -->By.cssSelector: .logo
21:04:21.387  INFO  tests.TestBase - Start test with name --->searchCurrentYear2
21:04:21.388  INFO  manager.MyListener - WebDriver start find element -->By.id: city
21:04:22.134  INFO  manager.MyListener - WebDriver start find element -->By.cssSelector: .pac-item
21:04:22.197  INFO  manager.MyListener - WebDriver start find element -->By.id: dates
21:04:22.315  INFO  manager.MyListener - WebDriver start find element -->By.xpath: //button[@aria-label='Next month']
21:04:22.371  INFO  manager.MyListener - WebDriver start find element -->By.xpath: //div[text()=' 10 ']
21:04:22.453  INFO  manager.MyListener - WebDriver start find element -->By.xpath: //button[@aria-label='Next month']
21:04:22.500  INFO  manager.MyListener - WebDriver start find element -->By.xpath: //button[@aria-label='Next month']
21:04:22.541  INFO  manager.MyListener - WebDriver start find element -->By.xpath: //div[text()=' 20 ']
21:04:23.628  INFO  manager.MyListener - WebDriver start find element -->By.cssSelector: button[type='submit']
21:04:23.676  INFO  manager.MyListener - WebDriver start find element -->By.cssSelector: button[type='submit']
21:04:23.789  INFO  manager.MyListener - New Before find by --> By.cssSelector: .cars-container.ng-star-inserted
21:04:26.596  INFO  manager.MyListener - WebDriver start find element -->By.cssSelector: .logo
21:04:26.872  INFO  tests.TestBase - Start test with name --->searchCurrentYearLocalDate
21:04:26.873  INFO  manager.MyListener - WebDriver start find element -->By.id: city
21:04:27.596  INFO  manager.MyListener - WebDriver start find element -->By.cssSelector: .pac-item
21:04:27.660  INFO  manager.MyListener - WebDriver start find element -->By.id: dates
21:04:27.761  INFO  manager.MyListener - WebDriver start find element -->By.xpath: //button[@aria-label='Next month']
21:04:27.818  INFO  manager.MyListener - WebDriver start find element -->By.xpath: //div[text()=' 10 ']
21:04:27.901  INFO  manager.MyListener - WebDriver start find element -->By.xpath: //button[@aria-label='Next month']
21:04:27.955  INFO  manager.MyListener - WebDriver start find element -->By.xpath: //button[@aria-label='Next month']
21:04:28.002  INFO  manager.MyListener - WebDriver start find element -->By.xpath: //div[text()=' 20 ']
21:04:29.089  INFO  manager.MyListener - WebDriver start find element -->By.cssSelector: button[type='submit']
21:04:29.134  INFO  manager.MyListener - WebDriver start find element -->By.cssSelector: button[type='submit']
21:04:29.244  INFO  manager.MyListener - New Before find by --> By.cssSelector: .cars-container.ng-star-inserted
21:04:30.225  INFO  manager.MyListener - WebDriver start find element -->By.cssSelector: .logo
21:04:30.499  INFO  tests.TestBase - Start test with name --->searchNextMonth
21:04:30.499  INFO  manager.MyListener - WebDriver start find element -->By.id: city
21:04:31.214  INFO  manager.MyListener - WebDriver start find element -->By.cssSelector: .pac-item
21:04:31.277  INFO  manager.MyListener - WebDriver start find element -->By.id: dates
21:04:31.377  INFO  manager.MyListener - WebDriver start find element -->By.xpath: //button[@aria-label='Next month']
21:04:31.449  INFO  manager.MyListener - WebDriver start find element -->By.xpath: //div[text()=' 28 ']
21:04:31.519  INFO  manager.MyListener - WebDriver start find element -->By.xpath: //div[text()=' 27 ']
21:04:32.602  INFO  manager.MyListener - WebDriver start find element -->By.cssSelector: button[type='submit']
21:04:32.654  INFO  manager.MyListener - WebDriver start find element -->By.cssSelector: button[type='submit']
21:04:33.770  INFO  manager.MyListener - The name of method with error -->click
21:04:33.775  INFO  manager.MyListener - We have a problem ---> org.openqa.selenium.ElementClickInterceptedException: element click intercepted: Element <button _ngcontent-xey-c72="" type="submit">...</button> is not clickable at point (220, 382). Other element would receive the click: <span class="mat-button-wrapper">...</span>
  (Session info: chrome=103.0.5060.134)
Build info: version: '4.2.2', revision: '683ccb65d6'
System info: host: 'DESKTOP-K3383S5', ip: '10.100.102.60', os.name: 'Windows 10', os.arch: 'amd64', os.version: '10.0', java.version: '11.0.15.1'
Driver info: org.openqa.selenium.chrome.ChromeDriver
Command: [16280a340336f90c7416433b27633012, clickElement {id=709c0303-9e5f-4c6c-b98a-183fe2d8a154}]
Capabilities {acceptInsecureCerts: false, browserName: chrome, browserVersion: 103.0.5060.134, chrome: {chromedriverVersion: 102.0.5005.61 (0e59bcc00cc4..., userDataDir: C:\Users\Admin\AppData\Loca...}, goog:chromeOptions: {debuggerAddress: localhost:65470}, networkConnectionEnabled: false, pageLoadStrategy: normal, platformName: WINDOWS, proxy: Proxy(), se:cdp: ws://localhost:65470/devtoo..., se:cdpVersion: 103.0.5060.134, setWindowRect: true, strictFileInteractability: false, timeouts: {implicit: 0, pageLoad: 300000, script: 30000}, unhandledPromptBehavior: dismiss and notify, webauthn:extension:credBlob: true, webauthn:extension:largeBlob: true, webauthn:virtualAuthenticators: true}
Element: [[ChromeDriver: chrome on WINDOWS (16280a340336f90c7416433b27633012)] -> css selector: button[type='submit']]
Session ID: 16280a340336f90c7416433b27633012
21:04:33.776  INFO  manager.MyListener - WebDriver start find element -->By.cssSelector: .logo
21:04:34.894  INFO  manager.MyListener - The name of method with error -->click
21:04:34.895  INFO  manager.MyListener - We have a problem ---> org.openqa.selenium.ElementClickInterceptedException: element click intercepted: Element <a _ngcontent-xey-c25="" href="/" class="logo">...</a> is not clickable at point (245, 34). Other element would receive the click: <div class="cdk-overlay-backdrop mat-overlay-transparent-backdrop cdk-overlay-backdrop-showing"></div>
  (Session info: chrome=103.0.5060.134)
Build info: version: '4.2.2', revision: '683ccb65d6'
System info: host: 'DESKTOP-K3383S5', ip: '10.100.102.60', os.name: 'Windows 10', os.arch: 'amd64', os.version: '10.0', java.version: '11.0.15.1'
Driver info: org.openqa.selenium.chrome.ChromeDriver
Command: [16280a340336f90c7416433b27633012, clickElement {id=ae2fc62b-770e-4e61-8501-5c858ec1151f}]
Capabilities {acceptInsecureCerts: false, browserName: chrome, browserVersion: 103.0.5060.134, chrome: {chromedriverVersion: 102.0.5005.61 (0e59bcc00cc4..., userDataDir: C:\Users\Admin\AppData\Loca...}, goog:chromeOptions: {debuggerAddress: localhost:65470}, networkConnectionEnabled: false, pageLoadStrategy: normal, platformName: WINDOWS, proxy: Proxy(), se:cdp: ws://localhost:65470/devtoo..., se:cdpVersion: 103.0.5060.134, setWindowRect: true, strictFileInteractability: false, timeouts: {implicit: 0, pageLoad: 300000, script: 30000}, unhandledPromptBehavior: dismiss and notify, webauthn:extension:credBlob: true, webauthn:extension:largeBlob: true, webauthn:virtualAuthenticators: true}
Element: [[ChromeDriver: chrome on WINDOWS (16280a340336f90c7416433b27633012)] -> css selector: .logo]
Session ID: 16280a340336f90c7416433b27633012
