21:52:01.787  INFO  manager.ApplicationManager - All Tests run in Chrome Driver
21:52:05.662  INFO  manager.ApplicationManager - Current Url --> https://ilcarro-1578153671498.web.app/search
21:52:05.736  INFO  tests.TestBase - Start test with name --->searchAnyPeriod
21:52:05.740  INFO  manager.MyListener - WebDriver start find element -->By.id: city
21:52:06.449  INFO  manager.MyListener - WebDriver start find element -->By.cssSelector: .pac-item
21:52:06.558  INFO  manager.MyListener - WebDriver start find element -->By.id: dates
21:52:06.736  INFO  manager.MyListener - WebDriver start find element -->By.xpath: //button[@aria-label='Next month']
21:52:06.853  INFO  manager.MyListener - WebDriver start find element -->By.xpath: //button[@aria-label='Next month']
21:52:06.943  INFO  manager.MyListener - WebDriver start find element -->By.xpath: //button[@aria-label='Next month']
21:52:07.028  INFO  manager.MyListener - WebDriver start find element -->By.xpath: //button[@aria-label='Next month']
21:52:07.113  INFO  manager.MyListener - WebDriver start find element -->By.xpath: //button[@aria-label='Next month']
21:52:07.191  INFO  manager.MyListener - WebDriver start find element -->By.xpath: //button[@aria-label='Next month']
21:52:07.275  INFO  manager.MyListener - WebDriver start find element -->By.xpath: //button[@aria-label='Next month']
21:52:07.361  INFO  manager.MyListener - WebDriver start find element -->By.xpath: //button[@aria-label='Next month']
21:52:07.443  INFO  manager.MyListener - WebDriver start find element -->By.xpath: //button[@aria-label='Next month']
21:52:07.524  INFO  manager.MyListener - WebDriver start find element -->By.xpath: //button[@aria-label='Next month']
21:52:07.606  INFO  manager.MyListener - WebDriver start find element -->By.xpath: //button[@aria-label='Next month']
21:52:07.686  INFO  manager.MyListener - WebDriver start find element -->By.xpath: //div[text()=' 10 ']
21:52:07.788  INFO  manager.MyListener - WebDriver start find element -->By.xpath: //button[@aria-label='Next month']
21:52:07.881  INFO  manager.MyListener - WebDriver start find element -->By.xpath: //div[text()=' 15 ']
21:52:09.022  INFO  manager.MyListener - WebDriver start find element -->By.cssSelector: button[type='submit']
21:52:09.109  INFO  manager.MyListener - WebDriver start find element -->By.cssSelector: button[type='submit']
21:52:09.242  INFO  manager.MyListener - New Before find by --> By.cssSelector: .cars-container.ng-star-inserted
21:52:10.484  INFO  manager.MyListener - WebDriver start find element -->By.cssSelector: .logo
21:52:10.992  INFO  tests.TestBase - Start test with name --->searchCurrentMonth
21:52:10.994  INFO  manager.MyListener - WebDriver start find element -->By.id: city
21:52:11.817  INFO  manager.MyListener - WebDriver start find element -->By.cssSelector: .pac-item
21:52:11.894  INFO  manager.MyListener - WebDriver start find element -->By.id: dates
21:52:12.037  INFO  manager.MyListener - WebDriver start find element -->By.xpath: //div[text()=' 28 ']
21:52:12.131  INFO  manager.MyListener - WebDriver start find element -->By.xpath: //div[text()=' 27 ']
21:52:13.236  INFO  manager.MyListener - WebDriver start find element -->By.cssSelector: button[type='submit']
21:52:13.291  INFO  manager.MyListener - WebDriver start find element -->By.cssSelector: button[type='submit']
21:52:13.411  INFO  manager.MyListener - New Before find by --> By.cssSelector: .cars-container.ng-star-inserted
21:52:14.416  INFO  manager.MyListener - WebDriver start find element -->By.cssSelector: .logo
21:52:14.794  INFO  tests.TestBase - Start test with name --->searchCurrentYear
21:52:14.795  INFO  manager.MyListener - WebDriver start find element -->By.id: city
21:52:15.517  INFO  manager.MyListener - WebDriver start find element -->By.cssSelector: .pac-item
21:52:15.582  INFO  manager.MyListener - WebDriver start find element -->By.id: dates
21:52:15.688  INFO  manager.MyListener - WebDriver start find element -->By.xpath: //button[@aria-label='Next month']
21:52:15.781  INFO  manager.MyListener - WebDriver start find element -->By.xpath: //div[text()=' 10 ']
21:52:15.878  INFO  manager.MyListener - WebDriver start find element -->By.xpath: //div[text()=' 20 ']
21:52:16.982  INFO  manager.MyListener - WebDriver start find element -->By.cssSelector: button[type='submit']
21:52:17.036  INFO  manager.MyListener - WebDriver start find element -->By.cssSelector: button[type='submit']
21:52:17.145  INFO  manager.MyListener - New Before find by --> By.cssSelector: .cars-container.ng-star-inserted
21:52:18.069  INFO  manager.MyListener - WebDriver start find element -->By.cssSelector: .logo
21:52:18.394  INFO  tests.TestBase - Start test with name --->searchCurrentYear2
21:52:18.395  INFO  manager.MyListener - WebDriver start find element -->By.id: city
21:52:19.101  INFO  manager.MyListener - WebDriver start find element -->By.cssSelector: .pac-item
21:52:19.166  INFO  manager.MyListener - WebDriver start find element -->By.id: dates
21:52:19.285  INFO  manager.MyListener - WebDriver start find element -->By.xpath: //button[@aria-label='Next month']
21:52:19.355  INFO  manager.MyListener - WebDriver start find element -->By.xpath: //div[text()=' 10 ']
21:52:19.438  INFO  manager.MyListener - WebDriver start find element -->By.xpath: //button[@aria-label='Next month']
21:52:19.489  INFO  manager.MyListener - WebDriver start find element -->By.xpath: //button[@aria-label='Next month']
21:52:19.535  INFO  manager.MyListener - WebDriver start find element -->By.xpath: //div[text()=' 20 ']
21:52:20.619  INFO  manager.MyListener - WebDriver start find element -->By.cssSelector: button[type='submit']
21:52:20.671  INFO  manager.MyListener - WebDriver start find element -->By.cssSelector: button[type='submit']
21:52:20.799  INFO  manager.MyListener - New Before find by --> By.cssSelector: .cars-container.ng-star-inserted
21:52:23.112  INFO  manager.MyListener - WebDriver start find element -->By.cssSelector: .logo
21:52:23.457  INFO  tests.TestBase - Start test with name --->searchCurrentYearLocalDate
21:52:23.458  INFO  manager.MyListener - WebDriver start find element -->By.id: city
21:52:24.204  INFO  manager.MyListener - WebDriver start find element -->By.cssSelector: .pac-item
21:52:24.266  INFO  manager.MyListener - WebDriver start find element -->By.id: dates
21:52:24.393  INFO  manager.MyListener - WebDriver start find element -->By.xpath: //button[@aria-label='Next month']
21:52:24.451  INFO  manager.MyListener - WebDriver start find element -->By.xpath: //div[text()=' 10 ']
21:52:24.544  INFO  manager.MyListener - WebDriver start find element -->By.xpath: //button[@aria-label='Next month']
21:52:24.605  INFO  manager.MyListener - WebDriver start find element -->By.xpath: //button[@aria-label='Next month']
21:52:24.649  INFO  manager.MyListener - WebDriver start find element -->By.xpath: //div[text()=' 20 ']
21:52:25.726  INFO  manager.MyListener - WebDriver start find element -->By.cssSelector: button[type='submit']
21:52:25.773  INFO  manager.MyListener - WebDriver start find element -->By.cssSelector: button[type='submit']
21:52:25.891  INFO  manager.MyListener - New Before find by --> By.cssSelector: .cars-container.ng-star-inserted
21:52:27.996  INFO  manager.MyListener - WebDriver start find element -->By.cssSelector: .logo
21:52:28.339  INFO  tests.TestBase - Start test with name --->searchPeriodPast
21:52:28.340  INFO  manager.MyListener - WebDriver start find element -->By.id: city
21:52:29.067  INFO  manager.MyListener - WebDriver start find element -->By.cssSelector: .pac-item
21:52:29.197  INFO  manager.MyListener - WebDriver start find element -->By.id: dates
21:52:29.323  INFO  manager.MyListener - WebDriver start find element -->By.xpath: //button[@aria-label='Next month']
21:52:29.387  INFO  manager.MyListener - WebDriver start find element -->By.xpath: //button[@aria-label='Next month']
21:52:29.452  INFO  manager.MyListener - WebDriver start find element -->By.xpath: //button[@aria-label='Next month']
21:52:29.505  INFO  manager.MyListener - WebDriver start find element -->By.xpath: //div[text()=' 24 ']
21:52:29.572  INFO  manager.MyListener - WebDriver start find element -->By.xpath: //button[@aria-label='Next month']
21:52:29.621  INFO  manager.MyListener - WebDriver start find element -->By.xpath: //button[@aria-label='Next month']
21:52:29.670  INFO  manager.MyListener - WebDriver start find element -->By.xpath: //button[@aria-label='Next month']
21:52:29.716  INFO  manager.MyListener - WebDriver start find element -->By.xpath: //button[@aria-label='Next month']
21:52:29.769  INFO  manager.MyListener - WebDriver start find element -->By.xpath: //button[@aria-label='Next month']
21:52:29.818  INFO  manager.MyListener - WebDriver start find element -->By.xpath: //button[@aria-label='Next month']
21:52:29.872  INFO  manager.MyListener - WebDriver start find element -->By.xpath: //button[@aria-label='Next month']
21:52:29.911  INFO  manager.MyListener - WebDriver start find element -->By.xpath: //div[text()=' 24 ']
21:52:29.957  INFO  manager.MyListener - WebDriver start find element -->By.id: dates
21:52:31.051  INFO  manager.MyListener - WebDriver start find element -->By.id: dates
21:52:32.179  INFO  manager.MyListener - The name of method with error -->click
21:52:32.183  INFO  manager.MyListener - We have a problem ---> org.openqa.selenium.ElementClickInterceptedException: element click intercepted: Element <input _ngcontent-smh-c72="" formcontrolname="dates" id="dates" class="ng-touched ng-dirty ng-invalid" aria-haspopup="dialog" min="2022-07-23" max="2023-07-23" aria-owns="sat-datepicker-0"> is not clickable at point (301, 331). Other element would receive the click: <div class="cdk-overlay-backdrop mat-overlay-transparent-backdrop cdk-overlay-backdrop-showing"></div>
  (Session info: chrome=103.0.5060.134)
Build info: version: '4.2.2', revision: '683ccb65d6'
System info: host: 'DESKTOP-K3383S5', ip: '10.100.102.60', os.name: 'Windows 10', os.arch: 'amd64', os.version: '10.0', java.version: '11.0.15.1'
Driver info: org.openqa.selenium.chrome.ChromeDriver
Command: [6c33cc391908c54895b6b851727f4166, clickElement {id=f415aa64-2f58-4785-a3bc-8bdec33ed1b2}]
Capabilities {acceptInsecureCerts: false, browserName: chrome, browserVersion: 103.0.5060.134, chrome: {chromedriverVersion: 102.0.5005.61 (0e59bcc00cc4..., userDataDir: C:\Users\Admin\AppData\Loca...}, goog:chromeOptions: {debuggerAddress: localhost:50379}, networkConnectionEnabled: false, pageLoadStrategy: normal, platformName: WINDOWS, proxy: Proxy(), se:cdp: ws://localhost:50379/devtoo..., se:cdpVersion: 103.0.5060.134, setWindowRect: true, strictFileInteractability: false, timeouts: {implicit: 0, pageLoad: 300000, script: 30000}, unhandledPromptBehavior: dismiss and notify, webauthn:extension:credBlob: true, webauthn:extension:largeBlob: true, webauthn:virtualAuthenticators: true}
Element: [[ChromeDriver: chrome on WINDOWS (6c33cc391908c54895b6b851727f4166)] -> id: dates]
Session ID: 6c33cc391908c54895b6b851727f4166
21:52:32.186  INFO  manager.MyListener - WebDriver start find element -->By.cssSelector: .logo
21:52:33.302  INFO  manager.MyListener - The name of method with error -->click
21:52:33.303  INFO  manager.MyListener - We have a problem ---> org.openqa.selenium.ElementClickInterceptedException: element click intercepted: Element <a _ngcontent-smh-c25="" href="/" class="logo">...</a> is not clickable at point (245, 34). Other element would receive the click: <div class="cdk-overlay-backdrop mat-overlay-transparent-backdrop cdk-overlay-backdrop-showing"></div>
  (Session info: chrome=103.0.5060.134)
Build info: version: '4.2.2', revision: '683ccb65d6'
System info: host: 'DESKTOP-K3383S5', ip: '10.100.102.60', os.name: 'Windows 10', os.arch: 'amd64', os.version: '10.0', java.version: '11.0.15.1'
Driver info: org.openqa.selenium.chrome.ChromeDriver
Command: [6c33cc391908c54895b6b851727f4166, clickElement {id=aee1cd67-dcf4-473b-bacd-5787a50ab6e7}]
Capabilities {acceptInsecureCerts: false, browserName: chrome, browserVersion: 103.0.5060.134, chrome: {chromedriverVersion: 102.0.5005.61 (0e59bcc00cc4..., userDataDir: C:\Users\Admin\AppData\Loca...}, goog:chromeOptions: {debuggerAddress: localhost:50379}, networkConnectionEnabled: false, pageLoadStrategy: normal, platformName: WINDOWS, proxy: Proxy(), se:cdp: ws://localhost:50379/devtoo..., se:cdpVersion: 103.0.5060.134, setWindowRect: true, strictFileInteractability: false, timeouts: {implicit: 0, pageLoad: 300000, script: 30000}, unhandledPromptBehavior: dismiss and notify, webauthn:extension:credBlob: true, webauthn:extension:largeBlob: true, webauthn:virtualAuthenticators: true}
Element: [[ChromeDriver: chrome on WINDOWS (6c33cc391908c54895b6b851727f4166)] -> css selector: .logo]
Session ID: 6c33cc391908c54895b6b851727f4166
