21:24:01.766  INFO  manager.ApplicationManager - All Tests run in Chrome Driver
21:24:06.910  INFO  manager.ApplicationManager - Current Url --> https://ilcarro-1578153671498.web.app/search
21:24:06.984  INFO  tests.TestBase - Start test with name --->searchPeriodPast
21:24:06.987  INFO  manager.MyListener - WebDriver start find element -->By.id: city
21:24:07.682  INFO  manager.MyListener - WebDriver start find element -->By.cssSelector: .pac-item
21:24:07.780  INFO  manager.MyListener - WebDriver start find element -->By.id: dates
21:24:07.938  INFO  manager.MyListener - WebDriver start find element -->By.xpath: //button[@aria-label='Next month']
21:24:08.077  INFO  manager.MyListener - WebDriver start find element -->By.xpath: //div[text()=' 24 ']
21:24:08.188  INFO  manager.MyListener - WebDriver start find element -->By.xpath: //button[@aria-label='Next month']
21:24:08.308  INFO  manager.MyListener - WebDriver start find element -->By.xpath: //button[@aria-label='Next month']
21:24:08.409  INFO  manager.MyListener - WebDriver start find element -->By.xpath: //button[@aria-label='Next month']
21:24:08.506  INFO  manager.MyListener - WebDriver start find element -->By.xpath: //button[@aria-label='Next month']
21:24:08.593  INFO  manager.MyListener - WebDriver start find element -->By.xpath: //button[@aria-label='Next month']
21:24:08.676  INFO  manager.MyListener - WebDriver start find element -->By.xpath: //button[@aria-label='Next month']
21:24:08.750  INFO  manager.MyListener - WebDriver start find element -->By.xpath: //button[@aria-label='Next month']
21:24:08.830  INFO  manager.MyListener - WebDriver start find element -->By.xpath: //button[@aria-label='Next month']
21:24:08.911  INFO  manager.MyListener - WebDriver start find element -->By.xpath: //button[@aria-label='Next month']
21:24:08.983  INFO  manager.MyListener - WebDriver start find element -->By.xpath: //button[@aria-label='Next month']
21:24:09.070  INFO  manager.MyListener - WebDriver start find element -->By.xpath: //button[@aria-label='Next month']
21:24:09.148  INFO  manager.MyListener - WebDriver start find element -->By.xpath: //button[@aria-label='Next month']
21:24:09.201  INFO  manager.MyListener - WebDriver start find element -->By.xpath: //div[text()=' 24 ']
21:24:11.275  INFO  manager.MyListener - WebDriver start find element -->By.id: dates
21:24:12.359  INFO  manager.MyListener - WebDriver start find element -->By.id: dates
21:24:13.488  INFO  manager.MyListener - The name of method with error -->click
21:24:13.493  INFO  manager.MyListener - We have a problem ---> org.openqa.selenium.ElementClickInterceptedException: element click intercepted: Element <input _ngcontent-bbw-c72="" formcontrolname="dates" id="dates" class="ng-pristine ng-invalid ng-touched" aria-haspopup="dialog" min="2022-07-23" max="2023-07-23" aria-owns="sat-datepicker-0"> is not clickable at point (301, 331). Other element would receive the click: <table class="mat-calendar-table">...</table>
  (Session info: chrome=103.0.5060.134)
Build info: version: '4.2.2', revision: '683ccb65d6'
System info: host: 'DESKTOP-K3383S5', ip: '10.100.102.60', os.name: 'Windows 10', os.arch: 'amd64', os.version: '10.0', java.version: '11.0.15.1'
Driver info: org.openqa.selenium.chrome.ChromeDriver
Command: [444a7c7be983c8577b73afafa902f7a7, clickElement {id=e630402c-a8d1-4de9-9a28-02a6ca3604a6}]
Capabilities {acceptInsecureCerts: false, browserName: chrome, browserVersion: 103.0.5060.134, chrome: {chromedriverVersion: 102.0.5005.61 (0e59bcc00cc4..., userDataDir: C:\Users\Admin\AppData\Loca...}, goog:chromeOptions: {debuggerAddress: localhost:56605}, networkConnectionEnabled: false, pageLoadStrategy: normal, platformName: WINDOWS, proxy: Proxy(), se:cdp: ws://localhost:56605/devtoo..., se:cdpVersion: 103.0.5060.134, setWindowRect: true, strictFileInteractability: false, timeouts: {implicit: 0, pageLoad: 300000, script: 30000}, unhandledPromptBehavior: dismiss and notify, webauthn:extension:credBlob: true, webauthn:extension:largeBlob: true, webauthn:virtualAuthenticators: true}
Element: [[ChromeDriver: chrome on WINDOWS (444a7c7be983c8577b73afafa902f7a7)] -> id: dates]
Session ID: 444a7c7be983c8577b73afafa902f7a7
21:24:13.498  INFO  manager.MyListener - WebDriver start find element -->By.cssSelector: .logo
21:24:14.622  INFO  manager.MyListener - The name of method with error -->click
21:24:14.623  INFO  manager.MyListener - We have a problem ---> org.openqa.selenium.ElementClickInterceptedException: element click intercepted: Element <a _ngcontent-bbw-c25="" href="/" class="logo">...</a> is not clickable at point (245, 34). Other element would receive the click: <button mat-button="" type="button" cdkarialive="polite" class="mat-focus-indicator mat-calendar-period-button mat-button mat-button-base" aria-label="Choose month and year">...</button>
  (Session info: chrome=103.0.5060.134)
Build info: version: '4.2.2', revision: '683ccb65d6'
System info: host: 'DESKTOP-K3383S5', ip: '10.100.102.60', os.name: 'Windows 10', os.arch: 'amd64', os.version: '10.0', java.version: '11.0.15.1'
Driver info: org.openqa.selenium.chrome.ChromeDriver
Command: [444a7c7be983c8577b73afafa902f7a7, clickElement {id=52cc962c-6734-40cb-bcd3-16819c357067}]
Capabilities {acceptInsecureCerts: false, browserName: chrome, browserVersion: 103.0.5060.134, chrome: {chromedriverVersion: 102.0.5005.61 (0e59bcc00cc4..., userDataDir: C:\Users\Admin\AppData\Loca...}, goog:chromeOptions: {debuggerAddress: localhost:56605}, networkConnectionEnabled: false, pageLoadStrategy: normal, platformName: WINDOWS, proxy: Proxy(), se:cdp: ws://localhost:56605/devtoo..., se:cdpVersion: 103.0.5060.134, setWindowRect: true, strictFileInteractability: false, timeouts: {implicit: 0, pageLoad: 300000, script: 30000}, unhandledPromptBehavior: dismiss and notify, webauthn:extension:credBlob: true, webauthn:extension:largeBlob: true, webauthn:virtualAuthenticators: true}
Element: [[ChromeDriver: chrome on WINDOWS (444a7c7be983c8577b73afafa902f7a7)] -> css selector: .logo]
Session ID: 444a7c7be983c8577b73afafa902f7a7
