20:54:18.860  INFO  manager.ApplicationManager - All Tests run in Chrome Driver
20:54:20.526  INFO  manager.ApplicationManager - Current Url --> https://ilcarro-1578153671498.web.app/search
20:54:20.607  INFO  tests.TestBase - Start test with name --->searchAnyPeriod
20:54:20.611  INFO  manager.MyListener - WebDriver start find element -->By.id: city
20:54:21.308  INFO  manager.MyListener - WebDriver start find element -->By.cssSelector: .pac-item
20:54:21.401  INFO  manager.MyListener - WebDriver start find element -->By.id: dates
20:54:21.537  INFO  manager.MyListener - WebDriver start find element -->By.xpath: //button[@aria-label='Next month']
20:54:21.653  INFO  manager.MyListener - WebDriver start find element -->By.xpath: //button[@aria-label='Next month']
20:54:21.738  INFO  manager.MyListener - WebDriver start find element -->By.xpath: //button[@aria-label='Next month']
20:54:21.816  INFO  manager.MyListener - WebDriver start find element -->By.xpath: //button[@aria-label='Next month']
20:54:21.893  INFO  manager.MyListener - WebDriver start find element -->By.xpath: //button[@aria-label='Next month']
20:54:21.981  INFO  manager.MyListener - WebDriver start find element -->By.xpath: //button[@aria-label='Next month']
20:54:22.060  INFO  manager.MyListener - WebDriver start find element -->By.xpath: //button[@aria-label='Next month']
20:54:22.139  INFO  manager.MyListener - WebDriver start find element -->By.xpath: //button[@aria-label='Next month']
20:54:22.214  INFO  manager.MyListener - WebDriver start find element -->By.xpath: //button[@aria-label='Next month']
20:54:22.286  INFO  manager.MyListener - WebDriver start find element -->By.xpath: //button[@aria-label='Next month']
20:54:22.354  INFO  manager.MyListener - WebDriver start find element -->By.xpath: //button[@aria-label='Next month']
20:54:22.422  INFO  manager.MyListener - WebDriver start find element -->By.xpath: //div[text()=' 10 ']
20:54:22.515  INFO  manager.MyListener - WebDriver start find element -->By.xpath: //button[@aria-label='Next month']
20:54:22.586  INFO  manager.MyListener - WebDriver start find element -->By.xpath: //div[text()=' 15 ']
20:54:22.688  INFO  manager.MyListener - WebDriver start find element -->By.cssSelector: button[type='submit']
20:54:22.772  INFO  manager.MyListener - WebDriver start find element -->By.cssSelector: button[type='submit']
20:54:22.896  INFO  manager.MyListener - New Before find by --> By.cssSelector: .cars-container.ng-star-inserted
20:54:23.968  INFO  manager.MyListener - WebDriver start find element -->By.cssSelector: .logo
20:54:24.299  INFO  tests.TestBase - Start test with name --->searchCurrentMonth
20:54:24.300  INFO  manager.MyListener - WebDriver start find element -->By.id: city
20:54:25.075  INFO  manager.MyListener - WebDriver start find element -->By.cssSelector: .pac-item
20:54:25.139  INFO  manager.MyListener - WebDriver start find element -->By.id: dates
20:54:25.256  INFO  manager.MyListener - WebDriver start find element -->By.xpath: //div[text()=' 28 ']
20:54:25.346  INFO  manager.MyListener - WebDriver start find element -->By.xpath: //div[text()=' 27 ']
20:54:25.444  INFO  manager.MyListener - WebDriver start find element -->By.cssSelector: button[type='submit']
20:54:25.501  INFO  manager.MyListener - WebDriver start find element -->By.cssSelector: button[type='submit']
20:54:25.603  INFO  manager.MyListener - New Before find by --> By.cssSelector: .cars-container.ng-star-inserted
20:54:26.522  INFO  manager.MyListener - WebDriver start find element -->By.cssSelector: .logo
20:54:26.777  INFO  tests.TestBase - Start test with name --->searchCurrentYear
20:54:26.778  INFO  manager.MyListener - WebDriver start find element -->By.id: city
20:54:27.520  INFO  manager.MyListener - WebDriver start find element -->By.cssSelector: .pac-item
20:54:27.584  INFO  manager.MyListener - WebDriver start find element -->By.id: dates
20:54:27.684  INFO  manager.MyListener - WebDriver start find element -->By.xpath: //button[@aria-label='Next month']
20:54:27.772  INFO  manager.MyListener - WebDriver start find element -->By.xpath: //div[text()=' 10 ']
20:54:27.862  INFO  manager.MyListener - WebDriver start find element -->By.xpath: //div[text()=' 20 ']
20:54:27.947  INFO  manager.MyListener - WebDriver start find element -->By.cssSelector: button[type='submit']
20:54:27.999  INFO  manager.MyListener - WebDriver start find element -->By.cssSelector: button[type='submit']
20:54:28.111  INFO  manager.MyListener - New Before find by --> By.cssSelector: .cars-container.ng-star-inserted
20:54:29.041  INFO  manager.MyListener - WebDriver start find element -->By.cssSelector: .logo
20:54:29.325  INFO  tests.TestBase - Start test with name --->searchCurrentYear2
20:54:29.327  INFO  manager.MyListener - WebDriver start find element -->By.id: city
20:54:30.020  INFO  manager.MyListener - WebDriver start find element -->By.cssSelector: .pac-item
20:54:30.083  INFO  manager.MyListener - WebDriver start find element -->By.id: dates
20:54:30.186  INFO  manager.MyListener - WebDriver start find element -->By.xpath: //button[@aria-label='Next month']
20:54:30.241  INFO  manager.MyListener - WebDriver start find element -->By.xpath: //div[text()=' 10 ']
20:54:30.329  INFO  manager.MyListener - WebDriver start find element -->By.xpath: //button[@aria-label='Next month']
20:54:30.380  INFO  manager.MyListener - WebDriver start find element -->By.xpath: //button[@aria-label='Next month']
20:54:30.425  INFO  manager.MyListener - WebDriver start find element -->By.xpath: //div[text()=' 20 ']
20:54:30.499  INFO  manager.MyListener - WebDriver start find element -->By.cssSelector: button[type='submit']
20:54:30.549  INFO  manager.MyListener - WebDriver start find element -->By.cssSelector: button[type='submit']
20:54:30.658  INFO  manager.MyListener - New Before find by --> By.cssSelector: .cars-container.ng-star-inserted
20:54:31.620  INFO  manager.MyListener - WebDriver start find element -->By.cssSelector: .logo
20:54:31.875  INFO  tests.TestBase - Start test with name --->searchCurrentYearLocalDate
20:54:31.876  INFO  manager.MyListener - WebDriver start find element -->By.id: city
20:54:32.586  INFO  manager.MyListener - WebDriver start find element -->By.cssSelector: .pac-item
20:54:32.654  INFO  manager.MyListener - WebDriver start find element -->By.id: dates
20:54:32.753  INFO  manager.MyListener - WebDriver start find element -->By.xpath: //button[@aria-label='Next month']
20:54:32.812  INFO  manager.MyListener - WebDriver start find element -->By.xpath: //div[text()=' 10 ']
20:54:32.893  INFO  manager.MyListener - WebDriver start find element -->By.xpath: //button[@aria-label='Next month']
20:54:32.949  INFO  manager.MyListener - WebDriver start find element -->By.xpath: //button[@aria-label='Next month']
20:54:32.990  INFO  manager.MyListener - WebDriver start find element -->By.xpath: //div[text()=' 20 ']
20:54:33.064  INFO  manager.MyListener - WebDriver start find element -->By.cssSelector: button[type='submit']
20:54:33.112  INFO  manager.MyListener - WebDriver start find element -->By.cssSelector: button[type='submit']
20:54:33.215  INFO  manager.MyListener - New Before find by --> By.cssSelector: .cars-container.ng-star-inserted
20:54:34.071  INFO  manager.MyListener - WebDriver start find element -->By.cssSelector: .logo
20:54:34.329  INFO  tests.TestBase - Start test with name --->searchNextMonth
20:54:34.330  INFO  manager.MyListener - WebDriver start find element -->By.id: dates
20:54:34.442  INFO  manager.MyListener - WebDriver start find element -->By.xpath: //button[@aria-label='Next month']
20:54:34.530  INFO  manager.MyListener - WebDriver start find element -->By.xpath: //div[text()=' 28 ']
20:54:34.599  INFO  manager.MyListener - WebDriver start find element -->By.xpath: //div[text()=' 27 ']
20:54:34.671  INFO  manager.MyListener - WebDriver start find element -->By.cssSelector: button[type='submit']
20:54:34.716  INFO  manager.MyListener - WebDriver start find element -->By.cssSelector: button[type='submit']
20:54:35.836  INFO  manager.MyListener - The name of method with error -->click
20:54:35.840  INFO  manager.MyListener - We have a problem ---> org.openqa.selenium.ElementClickInterceptedException: element click intercepted: Element <button _ngcontent-qtn-c72="" type="submit">...</button> is not clickable at point (220, 382). Other element would receive the click: <span class="mat-button-wrapper">...</span>
  (Session info: chrome=103.0.5060.134)
Build info: version: '4.2.2', revision: '683ccb65d6'
System info: host: 'DESKTOP-K3383S5', ip: '10.100.102.60', os.name: 'Windows 10', os.arch: 'amd64', os.version: '10.0', java.version: '11.0.15.1'
Driver info: org.openqa.selenium.chrome.ChromeDriver
Command: [b45525c47728a3129edfa17cf385eb2c, clickElement {id=29f1413b-1df7-46cf-a5c4-9044e8b6fddc}]
Capabilities {acceptInsecureCerts: false, browserName: chrome, browserVersion: 103.0.5060.134, chrome: {chromedriverVersion: 102.0.5005.61 (0e59bcc00cc4..., userDataDir: C:\Users\Admin\AppData\Loca...}, goog:chromeOptions: {debuggerAddress: localhost:60841}, networkConnectionEnabled: false, pageLoadStrategy: normal, platformName: WINDOWS, proxy: Proxy(), se:cdp: ws://localhost:60841/devtoo..., se:cdpVersion: 103.0.5060.134, setWindowRect: true, strictFileInteractability: false, timeouts: {implicit: 0, pageLoad: 300000, script: 30000}, unhandledPromptBehavior: dismiss and notify, webauthn:extension:credBlob: true, webauthn:extension:largeBlob: true, webauthn:virtualAuthenticators: true}
Element: [[ChromeDriver: chrome on WINDOWS (b45525c47728a3129edfa17cf385eb2c)] -> css selector: button[type='submit']]
Session ID: b45525c47728a3129edfa17cf385eb2c
20:54:35.842  INFO  manager.MyListener - WebDriver start find element -->By.cssSelector: .logo
20:54:36.956  INFO  manager.MyListener - The name of method with error -->click
20:54:36.956  INFO  manager.MyListener - We have a problem ---> org.openqa.selenium.ElementClickInterceptedException: element click intercepted: Element <a _ngcontent-qtn-c25="" href="/" class="logo">...</a> is not clickable at point (245, 34). Other element would receive the click: <div class="cdk-overlay-backdrop mat-overlay-transparent-backdrop cdk-overlay-backdrop-showing"></div>
  (Session info: chrome=103.0.5060.134)
Build info: version: '4.2.2', revision: '683ccb65d6'
System info: host: 'DESKTOP-K3383S5', ip: '10.100.102.60', os.name: 'Windows 10', os.arch: 'amd64', os.version: '10.0', java.version: '11.0.15.1'
Driver info: org.openqa.selenium.chrome.ChromeDriver
Command: [b45525c47728a3129edfa17cf385eb2c, clickElement {id=6162b0fd-4f57-403b-b719-add9c5abc9b1}]
Capabilities {acceptInsecureCerts: false, browserName: chrome, browserVersion: 103.0.5060.134, chrome: {chromedriverVersion: 102.0.5005.61 (0e59bcc00cc4..., userDataDir: C:\Users\Admin\AppData\Loca...}, goog:chromeOptions: {debuggerAddress: localhost:60841}, networkConnectionEnabled: false, pageLoadStrategy: normal, platformName: WINDOWS, proxy: Proxy(), se:cdp: ws://localhost:60841/devtoo..., se:cdpVersion: 103.0.5060.134, setWindowRect: true, strictFileInteractability: false, timeouts: {implicit: 0, pageLoad: 300000, script: 30000}, unhandledPromptBehavior: dismiss and notify, webauthn:extension:credBlob: true, webauthn:extension:largeBlob: true, webauthn:virtualAuthenticators: true}
Element: [[ChromeDriver: chrome on WINDOWS (b45525c47728a3129edfa17cf385eb2c)] -> css selector: .logo]
Session ID: b45525c47728a3129edfa17cf385eb2c
