21:27:16.544  INFO  manager.ApplicationManager - All Tests run in Chrome Driver
21:27:18.245  INFO  manager.ApplicationManager - Current Url --> https://ilcarro-1578153671498.web.app/search
21:27:18.318  INFO  tests.TestBase - Start test with name --->searchAnyPeriod
21:27:18.321  INFO  manager.MyListener - WebDriver start find element -->By.id: city
21:27:19.024  INFO  manager.MyListener - WebDriver start find element -->By.cssSelector: .pac-item
21:27:19.133  INFO  manager.MyListener - WebDriver start find element -->By.id: dates
21:27:19.279  INFO  manager.MyListener - WebDriver start find element -->By.xpath: //button[@aria-label='Next month']
21:27:19.405  INFO  manager.MyListener - WebDriver start find element -->By.xpath: //button[@aria-label='Next month']
21:27:19.495  INFO  manager.MyListener - WebDriver start find element -->By.xpath: //button[@aria-label='Next month']
21:27:19.585  INFO  manager.MyListener - WebDriver start find element -->By.xpath: //button[@aria-label='Next month']
21:27:19.666  INFO  manager.MyListener - WebDriver start find element -->By.xpath: //button[@aria-label='Next month']
21:27:19.743  INFO  manager.MyListener - WebDriver start find element -->By.xpath: //button[@aria-label='Next month']
21:27:19.826  INFO  manager.MyListener - WebDriver start find element -->By.xpath: //button[@aria-label='Next month']
21:27:19.906  INFO  manager.MyListener - WebDriver start find element -->By.xpath: //button[@aria-label='Next month']
21:27:19.977  INFO  manager.MyListener - WebDriver start find element -->By.xpath: //button[@aria-label='Next month']
21:27:20.054  INFO  manager.MyListener - WebDriver start find element -->By.xpath: //button[@aria-label='Next month']
21:27:20.125  INFO  manager.MyListener - WebDriver start find element -->By.xpath: //button[@aria-label='Next month']
21:27:20.198  INFO  manager.MyListener - WebDriver start find element -->By.xpath: //div[text()=' 10 ']
21:27:20.292  INFO  manager.MyListener - WebDriver start find element -->By.xpath: //button[@aria-label='Next month']
21:27:20.370  INFO  manager.MyListener - WebDriver start find element -->By.xpath: //div[text()=' 15 ']
21:27:21.485  INFO  manager.MyListener - WebDriver start find element -->By.cssSelector: button[type='submit']
21:27:21.562  INFO  manager.MyListener - WebDriver start find element -->By.cssSelector: button[type='submit']
21:27:21.686  INFO  manager.MyListener - New Before find by --> By.cssSelector: .cars-container.ng-star-inserted
21:27:22.962  INFO  manager.MyListener - WebDriver start find element -->By.cssSelector: .logo
21:27:23.426  INFO  tests.TestBase - Start test with name --->searchCurrentMonth
21:27:23.430  INFO  manager.MyListener - WebDriver start find element -->By.id: city
21:27:24.227  INFO  manager.MyListener - WebDriver start find element -->By.cssSelector: .pac-item
21:27:24.292  INFO  manager.MyListener - WebDriver start find element -->By.id: dates
21:27:24.415  INFO  manager.MyListener - WebDriver start find element -->By.xpath: //div[text()=' 28 ']
21:27:24.504  INFO  manager.MyListener - WebDriver start find element -->By.xpath: //div[text()=' 27 ']
21:27:25.612  INFO  manager.MyListener - WebDriver start find element -->By.cssSelector: button[type='submit']
21:27:25.681  INFO  manager.MyListener - WebDriver start find element -->By.cssSelector: button[type='submit']
21:27:25.795  INFO  manager.MyListener - New Before find by --> By.cssSelector: .cars-container.ng-star-inserted
21:27:26.979  INFO  manager.MyListener - WebDriver start find element -->By.cssSelector: .logo
21:27:27.293  INFO  tests.TestBase - Start test with name --->searchCurrentYear
21:27:27.295  INFO  manager.MyListener - WebDriver start find element -->By.id: city
21:27:28.010  INFO  manager.MyListener - WebDriver start find element -->By.cssSelector: .pac-item
21:27:28.080  INFO  manager.MyListener - WebDriver start find element -->By.id: dates
21:27:28.201  INFO  manager.MyListener - WebDriver start find element -->By.xpath: //button[@aria-label='Next month']
21:27:28.291  INFO  manager.MyListener - WebDriver start find element -->By.xpath: //div[text()=' 10 ']
21:27:28.383  INFO  manager.MyListener - WebDriver start find element -->By.xpath: //div[text()=' 20 ']
21:27:29.483  INFO  manager.MyListener - WebDriver start find element -->By.cssSelector: button[type='submit']
21:27:29.538  INFO  manager.MyListener - WebDriver start find element -->By.cssSelector: button[type='submit']
21:27:29.675  INFO  manager.MyListener - New Before find by --> By.cssSelector: .cars-container.ng-star-inserted
21:27:30.759  INFO  manager.MyListener - WebDriver start find element -->By.cssSelector: .logo
21:27:31.132  INFO  tests.TestBase - Start test with name --->searchCurrentYear2
21:27:31.133  INFO  manager.MyListener - WebDriver start find element -->By.id: city
21:27:31.834  INFO  manager.MyListener - WebDriver start find element -->By.cssSelector: .pac-item
21:27:31.899  INFO  manager.MyListener - WebDriver start find element -->By.id: dates
21:27:32.004  INFO  manager.MyListener - WebDriver start find element -->By.xpath: //button[@aria-label='Next month']
21:27:32.063  INFO  manager.MyListener - WebDriver start find element -->By.xpath: //div[text()=' 10 ']
21:27:32.142  INFO  manager.MyListener - WebDriver start find element -->By.xpath: //button[@aria-label='Next month']
21:27:32.196  INFO  manager.MyListener - WebDriver start find element -->By.xpath: //button[@aria-label='Next month']
21:27:32.246  INFO  manager.MyListener - WebDriver start find element -->By.xpath: //div[text()=' 20 ']
21:27:33.346  INFO  manager.MyListener - WebDriver start find element -->By.cssSelector: button[type='submit']
21:27:33.400  INFO  manager.MyListener - WebDriver start find element -->By.cssSelector: button[type='submit']
21:27:33.500  INFO  manager.MyListener - New Before find by --> By.cssSelector: .cars-container.ng-star-inserted
21:27:34.473  INFO  manager.MyListener - WebDriver start find element -->By.cssSelector: .logo
21:27:34.761  INFO  tests.TestBase - Start test with name --->searchCurrentYearLocalDate
21:27:34.763  INFO  manager.MyListener - WebDriver start find element -->By.id: city
21:27:35.479  INFO  manager.MyListener - WebDriver start find element -->By.cssSelector: .pac-item
21:27:35.554  INFO  manager.MyListener - WebDriver start find element -->By.id: dates
21:27:35.672  INFO  manager.MyListener - WebDriver start find element -->By.xpath: //button[@aria-label='Next month']
21:27:35.728  INFO  manager.MyListener - WebDriver start find element -->By.xpath: //div[text()=' 10 ']
21:27:35.809  INFO  manager.MyListener - WebDriver start find element -->By.xpath: //button[@aria-label='Next month']
21:27:35.864  INFO  manager.MyListener - WebDriver start find element -->By.xpath: //button[@aria-label='Next month']
21:27:35.907  INFO  manager.MyListener - WebDriver start find element -->By.xpath: //div[text()=' 20 ']
21:27:36.989  INFO  manager.MyListener - WebDriver start find element -->By.cssSelector: button[type='submit']
21:27:37.038  INFO  manager.MyListener - WebDriver start find element -->By.cssSelector: button[type='submit']
21:27:37.146  INFO  manager.MyListener - New Before find by --> By.cssSelector: .cars-container.ng-star-inserted
21:27:38.876  INFO  manager.MyListener - WebDriver start find element -->By.cssSelector: .logo
21:27:39.167  INFO  tests.TestBase - Start test with name --->searchNextMonth
21:27:39.168  INFO  manager.MyListener - WebDriver start find element -->By.id: city
21:27:39.917  INFO  manager.MyListener - WebDriver start find element -->By.cssSelector: .pac-item
21:27:40.056  INFO  manager.MyListener - WebDriver start find element -->By.id: dates
21:27:40.165  INFO  manager.MyListener - WebDriver start find element -->By.xpath: //button[@aria-label='Next month']
21:27:40.223  INFO  manager.MyListener - WebDriver start find element -->By.xpath: //div[text()=' 27 ']
21:27:40.286  INFO  manager.MyListener - WebDriver start find element -->By.xpath: //div[text()=' 28 ']
21:27:41.364  INFO  manager.MyListener - WebDriver start find element -->By.cssSelector: button[type='submit']
21:27:41.414  INFO  manager.MyListener - WebDriver start find element -->By.cssSelector: button[type='submit']
21:27:42.541  INFO  manager.MyListener - The name of method with error -->click
21:27:42.547  INFO  manager.MyListener - We have a problem ---> org.openqa.selenium.ElementClickInterceptedException: element click intercepted: Element <button _ngcontent-ltr-c72="" type="submit">...</button> is not clickable at point (220, 382). Other element would receive the click: <span class="mat-button-wrapper">...</span>
  (Session info: chrome=103.0.5060.134)
Build info: version: '4.2.2', revision: '683ccb65d6'
System info: host: 'DESKTOP-K3383S5', ip: '10.100.102.60', os.name: 'Windows 10', os.arch: 'amd64', os.version: '10.0', java.version: '11.0.15.1'
Driver info: org.openqa.selenium.chrome.ChromeDriver
Command: [60f00767b3ef2b8ae44f610e1749f431, clickElement {id=cfb8ae6c-99d6-45ff-9876-367a7e2b8827}]
Capabilities {acceptInsecureCerts: false, browserName: chrome, browserVersion: 103.0.5060.134, chrome: {chromedriverVersion: 102.0.5005.61 (0e59bcc00cc4..., userDataDir: C:\Users\Admin\AppData\Loca...}, goog:chromeOptions: {debuggerAddress: localhost:57832}, networkConnectionEnabled: false, pageLoadStrategy: normal, platformName: WINDOWS, proxy: Proxy(), se:cdp: ws://localhost:57832/devtoo..., se:cdpVersion: 103.0.5060.134, setWindowRect: true, strictFileInteractability: false, timeouts: {implicit: 0, pageLoad: 300000, script: 30000}, unhandledPromptBehavior: dismiss and notify, webauthn:extension:credBlob: true, webauthn:extension:largeBlob: true, webauthn:virtualAuthenticators: true}
Element: [[ChromeDriver: chrome on WINDOWS (60f00767b3ef2b8ae44f610e1749f431)] -> css selector: button[type='submit']]
Session ID: 60f00767b3ef2b8ae44f610e1749f431
21:27:42.550  INFO  manager.MyListener - WebDriver start find element -->By.cssSelector: .logo
21:27:43.692  INFO  manager.MyListener - The name of method with error -->click
21:27:43.692  INFO  manager.MyListener - We have a problem ---> org.openqa.selenium.ElementClickInterceptedException: element click intercepted: Element <a _ngcontent-ltr-c25="" href="/" class="logo">...</a> is not clickable at point (245, 34). Other element would receive the click: <div class="cdk-overlay-backdrop mat-overlay-transparent-backdrop cdk-overlay-backdrop-showing"></div>
  (Session info: chrome=103.0.5060.134)
Build info: version: '4.2.2', revision: '683ccb65d6'
System info: host: 'DESKTOP-K3383S5', ip: '10.100.102.60', os.name: 'Windows 10', os.arch: 'amd64', os.version: '10.0', java.version: '11.0.15.1'
Driver info: org.openqa.selenium.chrome.ChromeDriver
Command: [60f00767b3ef2b8ae44f610e1749f431, clickElement {id=be88ca07-9f8c-40a2-b316-acd67df5108c}]
Capabilities {acceptInsecureCerts: false, browserName: chrome, browserVersion: 103.0.5060.134, chrome: {chromedriverVersion: 102.0.5005.61 (0e59bcc00cc4..., userDataDir: C:\Users\Admin\AppData\Loca...}, goog:chromeOptions: {debuggerAddress: localhost:57832}, networkConnectionEnabled: false, pageLoadStrategy: normal, platformName: WINDOWS, proxy: Proxy(), se:cdp: ws://localhost:57832/devtoo..., se:cdpVersion: 103.0.5060.134, setWindowRect: true, strictFileInteractability: false, timeouts: {implicit: 0, pageLoad: 300000, script: 30000}, unhandledPromptBehavior: dismiss and notify, webauthn:extension:credBlob: true, webauthn:extension:largeBlob: true, webauthn:virtualAuthenticators: true}
Element: [[ChromeDriver: chrome on WINDOWS (60f00767b3ef2b8ae44f610e1749f431)] -> css selector: .logo]
Session ID: 60f00767b3ef2b8ae44f610e1749f431
