21:37:08.737  INFO  manager.ApplicationManager - All Tests run in Chrome Driver
21:37:12.970  INFO  manager.ApplicationManager - Current Url --> https://ilcarro-1578153671498.web.app/search
21:37:13.045  INFO  tests.TestBase - Start test with name --->searchAnyPeriod
21:37:13.048  INFO  manager.MyListener - WebDriver start find element -->By.id: city
21:37:13.752  INFO  manager.MyListener - WebDriver start find element -->By.cssSelector: .pac-item
21:37:13.845  INFO  manager.MyListener - WebDriver start find element -->By.id: dates
21:37:14.004  INFO  manager.MyListener - WebDriver start find element -->By.xpath: //button[@aria-label='Next month']
21:37:14.128  INFO  manager.MyListener - WebDriver start find element -->By.xpath: //button[@aria-label='Next month']
21:37:14.216  INFO  manager.MyListener - WebDriver start find element -->By.xpath: //button[@aria-label='Next month']
21:37:14.299  INFO  manager.MyListener - WebDriver start find element -->By.xpath: //button[@aria-label='Next month']
21:37:14.377  INFO  manager.MyListener - WebDriver start find element -->By.xpath: //button[@aria-label='Next month']
21:37:14.463  INFO  manager.MyListener - WebDriver start find element -->By.xpath: //button[@aria-label='Next month']
21:37:14.554  INFO  manager.MyListener - WebDriver start find element -->By.xpath: //button[@aria-label='Next month']
21:37:14.664  INFO  manager.MyListener - WebDriver start find element -->By.xpath: //button[@aria-label='Next month']
21:37:14.757  INFO  manager.MyListener - WebDriver start find element -->By.xpath: //button[@aria-label='Next month']
21:37:14.840  INFO  manager.MyListener - WebDriver start find element -->By.xpath: //button[@aria-label='Next month']
21:37:14.925  INFO  manager.MyListener - WebDriver start find element -->By.xpath: //button[@aria-label='Next month']
21:37:15.000  INFO  manager.MyListener - WebDriver start find element -->By.xpath: //div[text()=' 10 ']
21:37:15.095  INFO  manager.MyListener - WebDriver start find element -->By.xpath: //button[@aria-label='Next month']
21:37:15.177  INFO  manager.MyListener - WebDriver start find element -->By.xpath: //div[text()=' 15 ']
21:37:16.300  INFO  manager.MyListener - WebDriver start find element -->By.cssSelector: button[type='submit']
21:37:16.390  INFO  manager.MyListener - WebDriver start find element -->By.cssSelector: button[type='submit']
21:37:16.529  INFO  manager.MyListener - New Before find by --> By.cssSelector: .cars-container.ng-star-inserted
21:37:17.792  INFO  manager.MyListener - WebDriver start find element -->By.cssSelector: .logo
21:37:18.200  INFO  tests.TestBase - Start test with name --->searchCurrentMonth
21:37:18.205  INFO  manager.MyListener - WebDriver start find element -->By.id: city
21:37:19.001  INFO  manager.MyListener - WebDriver start find element -->By.cssSelector: .pac-item
21:37:19.071  INFO  manager.MyListener - WebDriver start find element -->By.id: dates
21:37:19.192  INFO  manager.MyListener - WebDriver start find element -->By.xpath: //div[text()=' 28 ']
21:37:19.293  INFO  manager.MyListener - WebDriver start find element -->By.xpath: //div[text()=' 27 ']
21:37:20.402  INFO  manager.MyListener - WebDriver start find element -->By.cssSelector: button[type='submit']
21:37:20.469  INFO  manager.MyListener - WebDriver start find element -->By.cssSelector: button[type='submit']
21:37:20.583  INFO  manager.MyListener - New Before find by --> By.cssSelector: .cars-container.ng-star-inserted
21:37:21.527  INFO  manager.MyListener - WebDriver start find element -->By.cssSelector: .logo
21:37:21.834  INFO  tests.TestBase - Start test with name --->searchCurrentYear
21:37:21.837  INFO  manager.MyListener - WebDriver start find element -->By.id: city
21:37:22.551  INFO  manager.MyListener - WebDriver start find element -->By.cssSelector: .pac-item
21:37:22.617  INFO  manager.MyListener - WebDriver start find element -->By.id: dates
21:37:22.731  INFO  manager.MyListener - WebDriver start find element -->By.xpath: //button[@aria-label='Next month']
21:37:22.825  INFO  manager.MyListener - WebDriver start find element -->By.xpath: //div[text()=' 10 ']
21:37:22.912  INFO  manager.MyListener - WebDriver start find element -->By.xpath: //div[text()=' 20 ']
21:37:24.008  INFO  manager.MyListener - WebDriver start find element -->By.cssSelector: button[type='submit']
21:37:24.055  INFO  manager.MyListener - WebDriver start find element -->By.cssSelector: button[type='submit']
21:37:24.186  INFO  manager.MyListener - New Before find by --> By.cssSelector: .cars-container.ng-star-inserted
21:37:25.138  INFO  manager.MyListener - WebDriver start find element -->By.cssSelector: .logo
21:37:25.566  INFO  tests.TestBase - Start test with name --->searchCurrentYear2
21:37:25.568  INFO  manager.MyListener - WebDriver start find element -->By.id: city
21:37:26.281  INFO  manager.MyListener - WebDriver start find element -->By.cssSelector: .pac-item
21:37:26.347  INFO  manager.MyListener - WebDriver start find element -->By.id: dates
21:37:26.455  INFO  manager.MyListener - WebDriver start find element -->By.xpath: //button[@aria-label='Next month']
21:37:26.515  INFO  manager.MyListener - WebDriver start find element -->By.xpath: //div[text()=' 10 ']
21:37:26.599  INFO  manager.MyListener - WebDriver start find element -->By.xpath: //button[@aria-label='Next month']
21:37:26.653  INFO  manager.MyListener - WebDriver start find element -->By.xpath: //button[@aria-label='Next month']
21:37:26.697  INFO  manager.MyListener - WebDriver start find element -->By.xpath: //div[text()=' 20 ']
21:37:27.787  INFO  manager.MyListener - WebDriver start find element -->By.cssSelector: button[type='submit']
21:37:27.840  INFO  manager.MyListener - WebDriver start find element -->By.cssSelector: button[type='submit']
21:37:27.945  INFO  manager.MyListener - New Before find by --> By.cssSelector: .cars-container.ng-star-inserted
21:37:29.445  INFO  manager.MyListener - WebDriver start find element -->By.cssSelector: .logo
21:37:29.873  INFO  tests.TestBase - Start test with name --->searchCurrentYearLocalDate
21:37:29.875  INFO  manager.MyListener - WebDriver start find element -->By.id: city
21:37:30.603  INFO  manager.MyListener - WebDriver start find element -->By.cssSelector: .pac-item
21:37:30.668  INFO  manager.MyListener - WebDriver start find element -->By.id: dates
21:37:30.775  INFO  manager.MyListener - WebDriver start find element -->By.xpath: //button[@aria-label='Next month']
21:37:30.849  INFO  manager.MyListener - WebDriver start find element -->By.xpath: //div[text()=' 10 ']
21:37:30.944  INFO  manager.MyListener - WebDriver start find element -->By.xpath: //button[@aria-label='Next month']
21:37:30.995  INFO  manager.MyListener - WebDriver start find element -->By.xpath: //button[@aria-label='Next month']
21:37:31.040  INFO  manager.MyListener - WebDriver start find element -->By.xpath: //div[text()=' 20 ']
21:37:32.125  INFO  manager.MyListener - WebDriver start find element -->By.cssSelector: button[type='submit']
21:37:32.173  INFO  manager.MyListener - WebDriver start find element -->By.cssSelector: button[type='submit']
21:37:32.281  INFO  manager.MyListener - New Before find by --> By.cssSelector: .cars-container.ng-star-inserted
21:37:34.441  INFO  manager.MyListener - WebDriver start find element -->By.cssSelector: .logo
21:37:35.008  INFO  tests.TestBase - Start test with name --->searchPeriodPast
21:37:35.009  INFO  manager.MyListener - WebDriver start find element -->By.id: city
21:37:35.709  INFO  manager.MyListener - WebDriver start find element -->By.cssSelector: .pac-item
21:37:35.780  INFO  manager.MyListener - WebDriver start find element -->By.id: dates
21:37:35.920  INFO  manager.MyListener - WebDriver start find element -->By.xpath: //button[@aria-label='Next month']
21:37:35.986  INFO  manager.MyListener - WebDriver start find element -->By.xpath: //button[@aria-label='Next month']
21:37:36.037  INFO  manager.MyListener - WebDriver start find element -->By.xpath: //button[@aria-label='Next month']
21:37:36.093  INFO  manager.MyListener - WebDriver start find element -->By.xpath: //div[text()=' 24 ']
21:37:36.159  INFO  manager.MyListener - WebDriver start find element -->By.xpath: //button[@aria-label='Next month']
21:37:36.206  INFO  manager.MyListener - WebDriver start find element -->By.xpath: //button[@aria-label='Next month']
21:37:36.259  INFO  manager.MyListener - WebDriver start find element -->By.xpath: //button[@aria-label='Next month']
21:37:36.304  INFO  manager.MyListener - WebDriver start find element -->By.xpath: //button[@aria-label='Next month']
21:37:36.352  INFO  manager.MyListener - WebDriver start find element -->By.xpath: //button[@aria-label='Next month']
21:37:36.411  INFO  manager.MyListener - WebDriver start find element -->By.xpath: //button[@aria-label='Next month']
21:37:36.452  INFO  manager.MyListener - WebDriver start find element -->By.xpath: //button[@aria-label='Next month']
21:37:36.492  INFO  manager.MyListener - WebDriver start find element -->By.xpath: //button[@aria-label='Next month']
21:37:36.536  INFO  manager.MyListener - WebDriver start find element -->By.xpath: //button[@aria-label='Next month']
21:37:36.581  INFO  manager.MyListener - WebDriver start find element -->By.xpath: //button[@aria-label='Next month']
21:37:36.624  INFO  manager.MyListener - WebDriver start find element -->By.xpath: //button[@aria-label='Next month']
21:37:36.664  INFO  manager.MyListener - WebDriver start find element -->By.xpath: //button[@aria-label='Next month']
21:37:36.707  INFO  manager.MyListener - WebDriver start find element -->By.xpath: //button[@aria-label='Next month']
21:37:36.748  INFO  manager.MyListener - WebDriver start find element -->By.xpath: //div[text()=' 24 ']
21:37:38.795  INFO  manager.MyListener - WebDriver start find element -->By.id: dates
21:37:39.895  INFO  manager.MyListener - WebDriver start find element -->By.id: dates
21:37:41.010  INFO  manager.MyListener - The name of method with error -->click
21:37:41.016  INFO  manager.MyListener - We have a problem ---> org.openqa.selenium.ElementClickInterceptedException: element click intercepted: Element <input _ngcontent-aco-c72="" formcontrolname="dates" id="dates" class="ng-touched ng-dirty ng-invalid" aria-haspopup="dialog" min="2022-07-23" max="2023-07-23" aria-owns="sat-datepicker-0"> is not clickable at point (301, 331). Other element would receive the click: <div class="cdk-overlay-backdrop mat-overlay-transparent-backdrop cdk-overlay-backdrop-showing"></div>
  (Session info: chrome=103.0.5060.134)
Build info: version: '4.2.2', revision: '683ccb65d6'
System info: host: 'DESKTOP-K3383S5', ip: '10.100.102.60', os.name: 'Windows 10', os.arch: 'amd64', os.version: '10.0', java.version: '11.0.15.1'
Driver info: org.openqa.selenium.chrome.ChromeDriver
Command: [14e5ff495bb71737dfc94618aea2299d, clickElement {id=57d112a8-1489-44df-abec-8f97bd9fbec9}]
Capabilities {acceptInsecureCerts: false, browserName: chrome, browserVersion: 103.0.5060.134, chrome: {chromedriverVersion: 102.0.5005.61 (0e59bcc00cc4..., userDataDir: C:\Users\Admin\AppData\Loca...}, goog:chromeOptions: {debuggerAddress: localhost:61451}, networkConnectionEnabled: false, pageLoadStrategy: normal, platformName: WINDOWS, proxy: Proxy(), se:cdp: ws://localhost:61451/devtoo..., se:cdpVersion: 103.0.5060.134, setWindowRect: true, strictFileInteractability: false, timeouts: {implicit: 0, pageLoad: 300000, script: 30000}, unhandledPromptBehavior: dismiss and notify, webauthn:extension:credBlob: true, webauthn:extension:largeBlob: true, webauthn:virtualAuthenticators: true}
Element: [[ChromeDriver: chrome on WINDOWS (14e5ff495bb71737dfc94618aea2299d)] -> id: dates]
Session ID: 14e5ff495bb71737dfc94618aea2299d
21:37:41.018  INFO  manager.MyListener - WebDriver start find element -->By.cssSelector: .logo
21:37:42.125  INFO  manager.MyListener - The name of method with error -->click
21:37:42.125  INFO  manager.MyListener - We have a problem ---> org.openqa.selenium.ElementClickInterceptedException: element click intercepted: Element <a _ngcontent-aco-c25="" href="/" class="logo">...</a> is not clickable at point (245, 34). Other element would receive the click: <div class="cdk-overlay-backdrop mat-overlay-transparent-backdrop cdk-overlay-backdrop-showing"></div>
  (Session info: chrome=103.0.5060.134)
Build info: version: '4.2.2', revision: '683ccb65d6'
System info: host: 'DESKTOP-K3383S5', ip: '10.100.102.60', os.name: 'Windows 10', os.arch: 'amd64', os.version: '10.0', java.version: '11.0.15.1'
Driver info: org.openqa.selenium.chrome.ChromeDriver
Command: [14e5ff495bb71737dfc94618aea2299d, clickElement {id=00d75aa4-7035-4315-a42e-a8591edb1820}]
Capabilities {acceptInsecureCerts: false, browserName: chrome, browserVersion: 103.0.5060.134, chrome: {chromedriverVersion: 102.0.5005.61 (0e59bcc00cc4..., userDataDir: C:\Users\Admin\AppData\Loca...}, goog:chromeOptions: {debuggerAddress: localhost:61451}, networkConnectionEnabled: false, pageLoadStrategy: normal, platformName: WINDOWS, proxy: Proxy(), se:cdp: ws://localhost:61451/devtoo..., se:cdpVersion: 103.0.5060.134, setWindowRect: true, strictFileInteractability: false, timeouts: {implicit: 0, pageLoad: 300000, script: 30000}, unhandledPromptBehavior: dismiss and notify, webauthn:extension:credBlob: true, webauthn:extension:largeBlob: true, webauthn:virtualAuthenticators: true}
Element: [[ChromeDriver: chrome on WINDOWS (14e5ff495bb71737dfc94618aea2299d)] -> css selector: .logo]
Session ID: 14e5ff495bb71737dfc94618aea2299d
