19:53:52.272  INFO  manager.ApplicationManager - All Tests run in Chrome Driver
19:53:54.158  INFO  manager.ApplicationManager - Current Url --> https://ilcarro-1578153671498.web.app/search
19:53:54.236  INFO  tests.TestBase - Start test with name --->searchAnyPeriod
19:53:54.239  INFO  manager.MyListener - WebDriver start find element -->By.id: city
19:53:54.942  INFO  manager.MyListener - WebDriver start find element -->By.cssSelector: .pac-item
19:53:55.055  INFO  manager.MyListener - WebDriver start find element -->By.id: dates
19:53:55.217  INFO  manager.MyListener - WebDriver start find element -->By.xpath: //button[@aria-label='Next month']
19:53:55.348  INFO  manager.MyListener - WebDriver start find element -->By.xpath: //button[@aria-label='Next month']
19:53:55.447  INFO  manager.MyListener - WebDriver start find element -->By.xpath: //button[@aria-label='Next month']
19:53:55.545  INFO  manager.MyListener - WebDriver start find element -->By.xpath: //button[@aria-label='Next month']
19:53:55.630  INFO  manager.MyListener - WebDriver start find element -->By.xpath: //button[@aria-label='Next month']
19:53:55.713  INFO  manager.MyListener - WebDriver start find element -->By.xpath: //button[@aria-label='Next month']
19:53:55.793  INFO  manager.MyListener - WebDriver start find element -->By.xpath: //button[@aria-label='Next month']
19:53:55.868  INFO  manager.MyListener - WebDriver start find element -->By.xpath: //button[@aria-label='Next month']
19:53:55.938  INFO  manager.MyListener - WebDriver start find element -->By.xpath: //button[@aria-label='Next month']
19:53:56.012  INFO  manager.MyListener - WebDriver start find element -->By.xpath: //button[@aria-label='Next month']
19:53:56.086  INFO  manager.MyListener - WebDriver start find element -->By.xpath: //button[@aria-label='Next month']
19:53:56.159  INFO  manager.MyListener - WebDriver start find element -->By.xpath: //div[text()=' 10 ']
19:53:56.254  INFO  manager.MyListener - WebDriver start find element -->By.xpath: //button[@aria-label='Next month']
19:53:56.332  INFO  manager.MyListener - WebDriver start find element -->By.xpath: //div[text()=' 15 ']
19:53:56.436  INFO  manager.MyListener - WebDriver start find element -->By.cssSelector: button[type='submit']
19:53:56.525  INFO  manager.MyListener - WebDriver start find element -->By.cssSelector: button[type='submit']
19:53:56.677  INFO  manager.MyListener - New Before find by --> By.cssSelector: .cars-container.ng-star-inserted
19:53:57.909  INFO  manager.MyListener - WebDriver start find element -->By.cssSelector: .logo
19:53:58.362  INFO  tests.TestBase - Start test with name --->searchCurrentMonth
19:53:58.365  INFO  manager.MyListener - WebDriver start find element -->By.id: city
19:53:59.187  INFO  manager.MyListener - WebDriver start find element -->By.cssSelector: .pac-item
19:53:59.255  INFO  manager.MyListener - WebDriver start find element -->By.id: dates
19:53:59.366  INFO  manager.MyListener - WebDriver start find element -->By.xpath: //div[text()=' 28 ']
19:53:59.460  INFO  manager.MyListener - WebDriver start find element -->By.xpath: //div[text()=' 27 ']
19:53:59.553  INFO  manager.MyListener - WebDriver start find element -->By.cssSelector: button[type='submit']
19:53:59.615  INFO  manager.MyListener - WebDriver start find element -->By.cssSelector: button[type='submit']
19:53:59.729  INFO  manager.MyListener - New Before find by --> By.cssSelector: .cars-container.ng-star-inserted
19:54:00.606  INFO  manager.MyListener - WebDriver start find element -->By.cssSelector: .logo
19:54:00.925  INFO  tests.TestBase - Start test with name --->searchCurrentYear
19:54:00.926  INFO  manager.MyListener - WebDriver start find element -->By.id: city
19:54:01.630  INFO  manager.MyListener - WebDriver start find element -->By.cssSelector: .pac-item
19:54:01.697  INFO  manager.MyListener - WebDriver start find element -->By.id: dates
19:54:01.803  INFO  manager.MyListener - WebDriver start find element -->By.xpath: //button[@aria-label='Next month']
19:54:01.893  INFO  manager.MyListener - WebDriver start find element -->By.xpath: //div[text()=' 10 ']
19:54:01.983  INFO  manager.MyListener - WebDriver start find element -->By.xpath: //div[text()=' 20 ']
19:54:02.073  INFO  manager.MyListener - WebDriver start find element -->By.cssSelector: button[type='submit']
19:54:02.126  INFO  manager.MyListener - WebDriver start find element -->By.cssSelector: button[type='submit']
19:54:02.253  INFO  manager.MyListener - New Before find by --> By.cssSelector: .cars-container.ng-star-inserted
19:54:03.227  INFO  manager.MyListener - WebDriver start find element -->By.cssSelector: .logo
19:54:03.547  INFO  tests.TestBase - Start test with name --->searchCurrentYear2
19:54:03.549  INFO  manager.MyListener - WebDriver start find element -->By.id: city
19:54:04.272  INFO  manager.MyListener - WebDriver start find element -->By.cssSelector: .pac-item
19:54:04.342  INFO  manager.MyListener - WebDriver start find element -->By.id: dates
19:54:04.476  INFO  manager.MyListener - WebDriver start find element -->By.xpath: //button[@aria-label='Next month']
19:54:04.538  INFO  manager.MyListener - WebDriver start find element -->By.xpath: //div[text()=' 10 ']
19:54:04.622  INFO  manager.MyListener - WebDriver start find element -->By.xpath: //button[@aria-label='Next month']
19:54:04.674  INFO  manager.MyListener - WebDriver start find element -->By.xpath: //button[@aria-label='Next month']
19:54:04.726  INFO  manager.MyListener - WebDriver start find element -->By.xpath: //div[text()=' 20 ']
19:54:04.807  INFO  manager.MyListener - WebDriver start find element -->By.cssSelector: button[type='submit']
19:54:04.861  INFO  manager.MyListener - WebDriver start find element -->By.cssSelector: button[type='submit']
19:54:04.968  INFO  manager.MyListener - New Before find by --> By.cssSelector: .cars-container.ng-star-inserted
19:54:06.022  INFO  manager.MyListener - WebDriver start find element -->By.cssSelector: .logo
19:54:06.309  INFO  tests.TestBase - Start test with name --->searchCurrentYearLocalDate
19:54:06.311  INFO  manager.MyListener - WebDriver start find element -->By.id: city
19:54:06.995  INFO  manager.MyListener - WebDriver start find element -->By.cssSelector: .pac-item
19:54:07.058  INFO  manager.MyListener - WebDriver start find element -->By.id: dates
19:54:07.158  INFO  manager.MyListener - WebDriver start find element -->By.xpath: //button[@aria-label='Next month']
19:54:07.223  INFO  manager.MyListener - WebDriver start find element -->By.xpath: //div[text()=' 10 ']
19:54:07.309  INFO  manager.MyListener - WebDriver start find element -->By.xpath: //button[@aria-label='Next month']
19:54:07.360  INFO  manager.MyListener - WebDriver start find element -->By.xpath: //button[@aria-label='Next month']
19:54:07.407  INFO  manager.MyListener - WebDriver start find element -->By.xpath: //div[text()=' 20 ']
19:54:07.505  INFO  manager.MyListener - WebDriver start find element -->By.cssSelector: button[type='submit']
19:54:07.554  INFO  manager.MyListener - WebDriver start find element -->By.cssSelector: button[type='submit']
19:54:07.660  INFO  manager.MyListener - New Before find by --> By.cssSelector: .cars-container.ng-star-inserted
19:54:08.691  INFO  manager.MyListener - WebDriver start find element -->By.cssSelector: .logo
19:54:08.988  INFO  tests.TestBase - Start test with name --->searchNextMonth
19:54:08.989  INFO  manager.MyListener - WebDriver start find element -->By.id: dates
19:54:09.106  INFO  manager.MyListener - WebDriver start find element -->By.xpath: //button[@aria-label='Next month']
19:54:09.170  INFO  manager.MyListener - WebDriver start find element -->By.xpath: //div[text()=' 28 ']
19:54:09.231  INFO  manager.MyListener - WebDriver start find element -->By.xpath: //div[text()=' 27 ']
19:54:09.309  INFO  manager.MyListener - WebDriver start find element -->By.cssSelector: button[type='submit']
19:54:09.370  INFO  manager.MyListener - WebDriver start find element -->By.cssSelector: button[type='submit']
19:54:10.506  INFO  manager.MyListener - The name of method with error -->click
19:54:10.511  INFO  manager.MyListener - We have a problem ---> org.openqa.selenium.ElementClickInterceptedException: element click intercepted: Element <button _ngcontent-uij-c72="" type="submit">...</button> is not clickable at point (220, 382). Other element would receive the click: <span class="mat-button-wrapper">...</span>
  (Session info: chrome=103.0.5060.134)
Build info: version: '4.2.2', revision: '683ccb65d6'
System info: host: 'DESKTOP-K3383S5', ip: '10.100.102.60', os.name: 'Windows 10', os.arch: 'amd64', os.version: '10.0', java.version: '11.0.15.1'
Driver info: org.openqa.selenium.chrome.ChromeDriver
Command: [941b9991d263af01118df559884e5174, clickElement {id=00ead604-d9db-43d1-986c-42c93710420b}]
Capabilities {acceptInsecureCerts: false, browserName: chrome, browserVersion: 103.0.5060.134, chrome: {chromedriverVersion: 102.0.5005.61 (0e59bcc00cc4..., userDataDir: C:\Users\Admin\AppData\Loca...}, goog:chromeOptions: {debuggerAddress: localhost:63424}, networkConnectionEnabled: false, pageLoadStrategy: normal, platformName: WINDOWS, proxy: Proxy(), se:cdp: ws://localhost:63424/devtoo..., se:cdpVersion: 103.0.5060.134, setWindowRect: true, strictFileInteractability: false, timeouts: {implicit: 0, pageLoad: 300000, script: 30000}, unhandledPromptBehavior: dismiss and notify, webauthn:extension:credBlob: true, webauthn:extension:largeBlob: true, webauthn:virtualAuthenticators: true}
Element: [[ChromeDriver: chrome on WINDOWS (941b9991d263af01118df559884e5174)] -> css selector: button[type='submit']]
Session ID: 941b9991d263af01118df559884e5174
19:54:10.513  INFO  manager.MyListener - WebDriver start find element -->By.cssSelector: .logo
19:54:11.631  INFO  manager.MyListener - The name of method with error -->click
19:54:11.632  INFO  manager.MyListener - We have a problem ---> org.openqa.selenium.ElementClickInterceptedException: element click intercepted: Element <a _ngcontent-uij-c25="" href="/" class="logo">...</a> is not clickable at point (245, 34). Other element would receive the click: <div class="cdk-overlay-backdrop mat-overlay-transparent-backdrop cdk-overlay-backdrop-showing"></div>
  (Session info: chrome=103.0.5060.134)
Build info: version: '4.2.2', revision: '683ccb65d6'
System info: host: 'DESKTOP-K3383S5', ip: '10.100.102.60', os.name: 'Windows 10', os.arch: 'amd64', os.version: '10.0', java.version: '11.0.15.1'
Driver info: org.openqa.selenium.chrome.ChromeDriver
Command: [941b9991d263af01118df559884e5174, clickElement {id=98a087c5-2bd4-4136-8eee-d6efa54a7aee}]
Capabilities {acceptInsecureCerts: false, browserName: chrome, browserVersion: 103.0.5060.134, chrome: {chromedriverVersion: 102.0.5005.61 (0e59bcc00cc4..., userDataDir: C:\Users\Admin\AppData\Loca...}, goog:chromeOptions: {debuggerAddress: localhost:63424}, networkConnectionEnabled: false, pageLoadStrategy: normal, platformName: WINDOWS, proxy: Proxy(), se:cdp: ws://localhost:63424/devtoo..., se:cdpVersion: 103.0.5060.134, setWindowRect: true, strictFileInteractability: false, timeouts: {implicit: 0, pageLoad: 300000, script: 30000}, unhandledPromptBehavior: dismiss and notify, webauthn:extension:credBlob: true, webauthn:extension:largeBlob: true, webauthn:virtualAuthenticators: true}
Element: [[ChromeDriver: chrome on WINDOWS (941b9991d263af01118df559884e5174)] -> css selector: .logo]
Session ID: 941b9991d263af01118df559884e5174
