21:31:03.919  INFO  manager.ApplicationManager - All Tests run in Chrome Driver
21:31:05.792  INFO  manager.ApplicationManager - Current Url --> https://ilcarro-1578153671498.web.app/search
21:31:05.883  INFO  tests.TestBase - Start test with name --->searchAnyPeriod
21:31:05.886  INFO  manager.MyListener - WebDriver start find element -->By.id: city
21:31:06.581  INFO  manager.MyListener - WebDriver start find element -->By.cssSelector: .pac-item
21:31:06.681  INFO  manager.MyListener - WebDriver start find element -->By.id: dates
21:31:06.833  INFO  manager.MyListener - WebDriver start find element -->By.xpath: //button[@aria-label='Next month']
21:31:06.940  INFO  manager.MyListener - WebDriver start find element -->By.xpath: //button[@aria-label='Next month']
21:31:07.030  INFO  manager.MyListener - WebDriver start find element -->By.xpath: //button[@aria-label='Next month']
21:31:07.141  INFO  manager.MyListener - WebDriver start find element -->By.xpath: //button[@aria-label='Next month']
21:31:07.223  INFO  manager.MyListener - WebDriver start find element -->By.xpath: //button[@aria-label='Next month']
21:31:07.300  INFO  manager.MyListener - WebDriver start find element -->By.xpath: //button[@aria-label='Next month']
21:31:07.378  INFO  manager.MyListener - WebDriver start find element -->By.xpath: //button[@aria-label='Next month']
21:31:07.456  INFO  manager.MyListener - WebDriver start find element -->By.xpath: //button[@aria-label='Next month']
21:31:07.530  INFO  manager.MyListener - WebDriver start find element -->By.xpath: //button[@aria-label='Next month']
21:31:07.608  INFO  manager.MyListener - WebDriver start find element -->By.xpath: //button[@aria-label='Next month']
21:31:07.685  INFO  manager.MyListener - WebDriver start find element -->By.xpath: //button[@aria-label='Next month']
21:31:07.757  INFO  manager.MyListener - WebDriver start find element -->By.xpath: //div[text()=' 10 ']
21:31:07.857  INFO  manager.MyListener - WebDriver start find element -->By.xpath: //button[@aria-label='Next month']
21:31:07.943  INFO  manager.MyListener - WebDriver start find element -->By.xpath: //div[text()=' 15 ']
21:31:09.060  INFO  manager.MyListener - WebDriver start find element -->By.cssSelector: button[type='submit']
21:31:09.134  INFO  manager.MyListener - WebDriver start find element -->By.cssSelector: button[type='submit']
21:31:09.260  INFO  manager.MyListener - New Before find by --> By.cssSelector: .cars-container.ng-star-inserted
21:31:10.516  INFO  manager.MyListener - WebDriver start find element -->By.cssSelector: .logo
21:31:10.897  INFO  tests.TestBase - Start test with name --->searchCurrentMonth
21:31:10.899  INFO  manager.MyListener - WebDriver start find element -->By.id: city
21:31:11.692  INFO  manager.MyListener - WebDriver start find element -->By.cssSelector: .pac-item
21:31:11.763  INFO  manager.MyListener - WebDriver start find element -->By.id: dates
21:31:11.893  INFO  manager.MyListener - WebDriver start find element -->By.xpath: //div[text()=' 28 ']
21:31:11.997  INFO  manager.MyListener - WebDriver start find element -->By.xpath: //div[text()=' 27 ']
21:31:13.107  INFO  manager.MyListener - WebDriver start find element -->By.cssSelector: button[type='submit']
21:31:13.160  INFO  manager.MyListener - WebDriver start find element -->By.cssSelector: button[type='submit']
21:31:13.271  INFO  manager.MyListener - New Before find by --> By.cssSelector: .cars-container.ng-star-inserted
21:31:14.710  INFO  manager.MyListener - WebDriver start find element -->By.cssSelector: .logo
21:31:14.998  INFO  tests.TestBase - Start test with name --->searchCurrentYear
21:31:15.000  INFO  manager.MyListener - WebDriver start find element -->By.id: city
21:31:15.742  INFO  manager.MyListener - WebDriver start find element -->By.cssSelector: .pac-item
21:31:15.815  INFO  manager.MyListener - WebDriver start find element -->By.id: dates
21:31:15.929  INFO  manager.MyListener - WebDriver start find element -->By.xpath: //button[@aria-label='Next month']
21:31:16.016  INFO  manager.MyListener - WebDriver start find element -->By.xpath: //div[text()=' 10 ']
21:31:16.110  INFO  manager.MyListener - WebDriver start find element -->By.xpath: //div[text()=' 20 ']
21:31:17.218  INFO  manager.MyListener - WebDriver start find element -->By.cssSelector: button[type='submit']
21:31:17.267  INFO  manager.MyListener - WebDriver start find element -->By.cssSelector: button[type='submit']
21:31:17.370  INFO  manager.MyListener - New Before find by --> By.cssSelector: .cars-container.ng-star-inserted
21:31:18.579  INFO  manager.MyListener - WebDriver start find element -->By.cssSelector: .logo
21:31:18.973  INFO  tests.TestBase - Start test with name --->searchCurrentYear2
21:31:18.975  INFO  manager.MyListener - WebDriver start find element -->By.id: city
21:31:19.676  INFO  manager.MyListener - WebDriver start find element -->By.cssSelector: .pac-item
21:31:19.740  INFO  manager.MyListener - WebDriver start find element -->By.id: dates
21:31:19.843  INFO  manager.MyListener - WebDriver start find element -->By.xpath: //button[@aria-label='Next month']
21:31:19.902  INFO  manager.MyListener - WebDriver start find element -->By.xpath: //div[text()=' 10 ']
21:31:19.978  INFO  manager.MyListener - WebDriver start find element -->By.xpath: //button[@aria-label='Next month']
21:31:20.030  INFO  manager.MyListener - WebDriver start find element -->By.xpath: //button[@aria-label='Next month']
21:31:20.076  INFO  manager.MyListener - WebDriver start find element -->By.xpath: //div[text()=' 20 ']
21:31:21.166  INFO  manager.MyListener - WebDriver start find element -->By.cssSelector: button[type='submit']
21:31:21.212  INFO  manager.MyListener - WebDriver start find element -->By.cssSelector: button[type='submit']
21:31:21.340  INFO  manager.MyListener - New Before find by --> By.cssSelector: .cars-container.ng-star-inserted
21:31:23.241  INFO  manager.MyListener - WebDriver start find element -->By.cssSelector: .logo
21:31:23.692  INFO  tests.TestBase - Start test with name --->searchCurrentYearLocalDate
21:31:23.693  INFO  manager.MyListener - WebDriver start find element -->By.id: city
21:31:24.383  INFO  manager.MyListener - WebDriver start find element -->By.cssSelector: .pac-item
21:31:24.629  INFO  manager.MyListener - WebDriver start find element -->By.id: dates
21:31:24.744  INFO  manager.MyListener - WebDriver start find element -->By.xpath: //button[@aria-label='Next month']
21:31:24.821  INFO  manager.MyListener - WebDriver start find element -->By.xpath: //div[text()=' 10 ']
21:31:24.908  INFO  manager.MyListener - WebDriver start find element -->By.xpath: //button[@aria-label='Next month']
21:31:24.968  INFO  manager.MyListener - WebDriver start find element -->By.xpath: //button[@aria-label='Next month']
21:31:25.011  INFO  manager.MyListener - WebDriver start find element -->By.xpath: //div[text()=' 20 ']
21:31:26.100  INFO  manager.MyListener - WebDriver start find element -->By.cssSelector: button[type='submit']
21:31:26.144  INFO  manager.MyListener - WebDriver start find element -->By.cssSelector: button[type='submit']
21:31:26.248  INFO  manager.MyListener - New Before find by --> By.cssSelector: .cars-container.ng-star-inserted
21:31:30.034  INFO  manager.MyListener - WebDriver start find element -->By.cssSelector: .logo
