20:38:36.300  INFO  manager.ApplicationManager - All Tests run in Chrome Driver
20:38:38.022  INFO  manager.ApplicationManager - Current Url --> https://ilcarro-1578153671498.web.app/search
20:38:38.087  INFO  tests.TestBase - Start test with name --->searchPeriodPast
20:38:38.090  INFO  manager.MyListener - WebDriver start find element -->By.id: city
20:38:38.783  INFO  manager.MyListener - WebDriver start find element -->By.cssSelector: .pac-item
20:38:38.886  INFO  manager.MyListener - WebDriver start find element -->By.id: dates
20:38:39.041  INFO  manager.MyListener - WebDriver start find element -->By.xpath: //div[text()=' 24 ']
20:38:39.147  INFO  manager.MyListener - WebDriver start find element -->By.xpath: //button[@aria-label='Next month']
20:38:39.250  INFO  manager.MyListener - WebDriver start find element -->By.xpath: //div[text()=' 24 ']
20:38:39.366  INFO  manager.MyListener - WebDriver start find element -->By.id: dates
20:38:39.460  INFO  manager.MyListener - WebDriver start find element -->By.id: dates
20:38:41.726  INFO  manager.MyListener - WebDriver start find element -->By.cssSelector: .search-card
20:38:42.872  INFO  manager.MyListener - The name of method with error -->click
20:38:42.877  INFO  manager.MyListener - We have a problem ---> org.openqa.selenium.ElementClickInterceptedException: element click intercepted: Element <div _ngcontent-svc-c72="" class="search-card">...</div> is not clickable at point (759, 416). Other element would receive the click: <div class="cdk-overlay-backdrop mat-overlay-transparent-backdrop cdk-overlay-backdrop-showing"></div>
  (Session info: chrome=103.0.5060.134)
Build info: version: '4.2.2', revision: '683ccb65d6'
System info: host: 'DESKTOP-K3383S5', ip: '10.100.102.60', os.name: 'Windows 10', os.arch: 'amd64', os.version: '10.0', java.version: '11.0.15.1'
Driver info: org.openqa.selenium.chrome.ChromeDriver
Command: [f999507f4a9cc0856cae1a8368f6a759, clickElement {id=c6d70418-90d1-4e9d-bfb1-431a0b0f1b4e}]
Capabilities {acceptInsecureCerts: false, browserName: chrome, browserVersion: 103.0.5060.134, chrome: {chromedriverVersion: 102.0.5005.61 (0e59bcc00cc4..., userDataDir: C:\Users\Admin\AppData\Loca...}, goog:chromeOptions: {debuggerAddress: localhost:54157}, networkConnectionEnabled: false, pageLoadStrategy: normal, platformName: WINDOWS, proxy: Proxy(), se:cdp: ws://localhost:54157/devtoo..., se:cdpVersion: 103.0.5060.134, setWindowRect: true, strictFileInteractability: false, timeouts: {implicit: 0, pageLoad: 300000, script: 30000}, unhandledPromptBehavior: dismiss and notify, webauthn:extension:credBlob: true, webauthn:extension:largeBlob: true, webauthn:virtualAuthenticators: true}
Element: [[ChromeDriver: chrome on WINDOWS (f999507f4a9cc0856cae1a8368f6a759)] -> css selector: .search-card]
Session ID: f999507f4a9cc0856cae1a8368f6a759
