18:41:09.859  INFO  manager.ApplicationManager - All Tests run in Chrome Driver
18:41:11.507  INFO  manager.ApplicationManager - Current Url --> https://ilcarro-1578153671498.web.app/search
18:41:11.580  INFO  tests.TestBase - Start test with name --->searchPeriodPast
18:41:11.585  INFO  manager.MyListener - WebDriver start find element -->By.id: city
18:41:12.287  INFO  manager.MyListener - WebDriver start find element -->By.cssSelector: .pac-item
18:41:12.379  INFO  manager.MyListener - WebDriver start find element -->By.id: dates
18:41:12.528  INFO  manager.MyListener - WebDriver start find element -->By.xpath: //div[text()=' 24 ']
18:41:12.649  INFO  manager.MyListener - WebDriver start find element -->By.xpath: //button[@aria-label='Next month']
18:41:12.754  INFO  manager.MyListener - WebDriver start find element -->By.xpath: //div[text()=' 24 ']
18:41:12.899  INFO  manager.MyListener - WebDriver start find element -->By.cssSelector: button[type='submit']
18:41:12.994  INFO  manager.MyListener - WebDriver start find element -->By.cssSelector: button[type='submit']
18:41:13.130  INFO  manager.MyListener - WebDriver start find element -->By.cssSelector: .ng-pristine.ng-valid.ng-touched[formcontrolname='dates']
18:41:18.180  INFO  manager.MyListener - The name of method with error -->findElement
18:41:18.185  INFO  manager.MyListener - We have a problem ---> org.openqa.selenium.NoSuchElementException: no such element: Unable to locate element: {"method":"css selector","selector":".ng-pristine.ng-valid.ng-touched[formcontrolname='dates']"}
  (Session info: chrome=103.0.5060.134)
For documentation on this error, please visit: https://selenium.dev/exceptions/#no_such_element
Build info: version: '4.2.2', revision: '683ccb65d6'
System info: host: 'DESKTOP-K3383S5', ip: '10.100.102.60', os.name: 'Windows 10', os.arch: 'amd64', os.version: '10.0', java.version: '11.0.15.1'
Driver info: org.openqa.selenium.chrome.ChromeDriver
Command: [5ea23d2c3b33d8cfd518f69dc9b4f596, findElement {using=css selector, value=.ng-pristine.ng-valid.ng-touched[formcontrolname='dates']}]
Capabilities {acceptInsecureCerts: false, browserName: chrome, browserVersion: 103.0.5060.134, chrome: {chromedriverVersion: 102.0.5005.61 (0e59bcc00cc4..., userDataDir: C:\Users\Admin\AppData\Loca...}, goog:chromeOptions: {debuggerAddress: localhost:63241}, networkConnectionEnabled: false, pageLoadStrategy: normal, platformName: WINDOWS, proxy: Proxy(), se:cdp: ws://localhost:63241/devtoo..., se:cdpVersion: 103.0.5060.134, setWindowRect: true, strictFileInteractability: false, timeouts: {implicit: 0, pageLoad: 300000, script: 30000}, unhandledPromptBehavior: dismiss and notify, webauthn:extension:credBlob: true, webauthn:extension:largeBlob: true, webauthn:virtualAuthenticators: true}
Session ID: 5ea23d2c3b33d8cfd518f69dc9b4f596
