21:11:06.387  INFO  manager.ApplicationManager - All Tests run in Chrome Driver
21:11:09.867  INFO  manager.ApplicationManager - Current Url --> https://ilcarro-1578153671498.web.app/search
21:11:09.941  INFO  tests.TestBase - Start test with name --->searchAnyPeriod
21:11:09.945  INFO  manager.MyListener - WebDriver start find element -->By.id: city
21:11:10.638  INFO  manager.MyListener - WebDriver start find element -->By.cssSelector: .pac-item
21:11:10.727  INFO  manager.MyListener - WebDriver start find element -->By.id: dates
21:11:10.890  INFO  manager.MyListener - WebDriver start find element -->By.xpath: //button[@aria-label='Next month']
21:11:11.023  INFO  manager.MyListener - WebDriver start find element -->By.xpath: //button[@aria-label='Next month']
21:11:11.109  INFO  manager.MyListener - WebDriver start find element -->By.xpath: //button[@aria-label='Next month']
21:11:11.191  INFO  manager.MyListener - WebDriver start find element -->By.xpath: //button[@aria-label='Next month']
21:11:11.274  INFO  manager.MyListener - WebDriver start find element -->By.xpath: //button[@aria-label='Next month']
21:11:11.370  INFO  manager.MyListener - WebDriver start find element -->By.xpath: //button[@aria-label='Next month']
21:11:11.465  INFO  manager.MyListener - WebDriver start find element -->By.xpath: //button[@aria-label='Next month']
21:11:11.549  INFO  manager.MyListener - WebDriver start find element -->By.xpath: //button[@aria-label='Next month']
21:11:11.628  INFO  manager.MyListener - WebDriver start find element -->By.xpath: //button[@aria-label='Next month']
21:11:11.706  INFO  manager.MyListener - WebDriver start find element -->By.xpath: //button[@aria-label='Next month']
21:11:11.777  INFO  manager.MyListener - WebDriver start find element -->By.xpath: //button[@aria-label='Next month']
21:11:11.850  INFO  manager.MyListener - WebDriver start find element -->By.xpath: //div[text()=' 10 ']
21:11:11.943  INFO  manager.MyListener - WebDriver start find element -->By.xpath: //button[@aria-label='Next month']
21:11:12.023  INFO  manager.MyListener - WebDriver start find element -->By.xpath: //div[text()=' 15 ']
21:11:13.138  INFO  manager.MyListener - WebDriver start find element -->By.cssSelector: button[type='submit']
21:11:13.223  INFO  manager.MyListener - WebDriver start find element -->By.cssSelector: button[type='submit']
21:11:13.349  INFO  manager.MyListener - New Before find by --> By.cssSelector: .cars-container.ng-star-inserted
21:11:14.589  INFO  manager.MyListener - WebDriver start find element -->By.cssSelector: .logo
21:11:14.937  INFO  tests.TestBase - Start test with name --->searchCurrentMonth
21:11:14.939  INFO  manager.MyListener - WebDriver start find element -->By.id: city
21:11:15.756  INFO  manager.MyListener - WebDriver start find element -->By.cssSelector: .pac-item
21:11:15.821  INFO  manager.MyListener - WebDriver start find element -->By.id: dates
21:11:15.922  INFO  manager.MyListener - WebDriver start find element -->By.xpath: //div[text()=' 28 ']
21:11:16.013  INFO  manager.MyListener - WebDriver start find element -->By.xpath: //div[text()=' 27 ']
21:11:17.113  INFO  manager.MyListener - WebDriver start find element -->By.cssSelector: button[type='submit']
21:11:17.169  INFO  manager.MyListener - WebDriver start find element -->By.cssSelector: button[type='submit']
21:11:17.277  INFO  manager.MyListener - New Before find by --> By.cssSelector: .cars-container.ng-star-inserted
21:11:18.396  INFO  manager.MyListener - WebDriver start find element -->By.cssSelector: .logo
21:11:18.671  INFO  tests.TestBase - Start test with name --->searchCurrentYear
21:11:18.672  INFO  manager.MyListener - WebDriver start find element -->By.id: city
21:11:19.410  INFO  manager.MyListener - WebDriver start find element -->By.cssSelector: .pac-item
21:11:19.477  INFO  manager.MyListener - WebDriver start find element -->By.id: dates
21:11:19.589  INFO  manager.MyListener - WebDriver start find element -->By.xpath: //button[@aria-label='Next month']
21:11:19.682  INFO  manager.MyListener - WebDriver start find element -->By.xpath: //div[text()=' 10 ']
21:11:19.770  INFO  manager.MyListener - WebDriver start find element -->By.xpath: //div[text()=' 20 ']
21:11:20.878  INFO  manager.MyListener - WebDriver start find element -->By.cssSelector: button[type='submit']
21:11:20.930  INFO  manager.MyListener - WebDriver start find element -->By.cssSelector: button[type='submit']
21:11:21.032  INFO  manager.MyListener - New Before find by --> By.cssSelector: .cars-container.ng-star-inserted
21:11:21.922  INFO  manager.MyListener - WebDriver start find element -->By.cssSelector: .logo
21:11:22.250  INFO  tests.TestBase - Start test with name --->searchCurrentYear2
21:11:22.251  INFO  manager.MyListener - WebDriver start find element -->By.id: city
21:11:22.998  INFO  manager.MyListener - WebDriver start find element -->By.cssSelector: .pac-item
21:11:23.067  INFO  manager.MyListener - WebDriver start find element -->By.id: dates
21:11:23.179  INFO  manager.MyListener - WebDriver start find element -->By.xpath: //button[@aria-label='Next month']
21:11:23.239  INFO  manager.MyListener - WebDriver start find element -->By.xpath: //div[text()=' 10 ']
21:11:23.323  INFO  manager.MyListener - WebDriver start find element -->By.xpath: //button[@aria-label='Next month']
21:11:23.372  INFO  manager.MyListener - WebDriver start find element -->By.xpath: //button[@aria-label='Next month']
21:11:23.415  INFO  manager.MyListener - WebDriver start find element -->By.xpath: //div[text()=' 20 ']
21:11:24.507  INFO  manager.MyListener - WebDriver start find element -->By.cssSelector: button[type='submit']
21:11:24.553  INFO  manager.MyListener - WebDriver start find element -->By.cssSelector: button[type='submit']
21:11:24.656  INFO  manager.MyListener - New Before find by --> By.cssSelector: .cars-container.ng-star-inserted
21:11:26.927  INFO  manager.MyListener - WebDriver start find element -->By.cssSelector: .logo
21:11:27.250  INFO  tests.TestBase - Start test with name --->searchCurrentYearLocalDate
21:11:27.252  INFO  manager.MyListener - WebDriver start find element -->By.id: city
21:11:28.000  INFO  manager.MyListener - WebDriver start find element -->By.cssSelector: .pac-item
21:11:28.064  INFO  manager.MyListener - WebDriver start find element -->By.id: dates
21:11:28.178  INFO  manager.MyListener - WebDriver start find element -->By.xpath: //button[@aria-label='Next month']
21:11:28.240  INFO  manager.MyListener - WebDriver start find element -->By.xpath: //div[text()=' 10 ']
21:11:28.323  INFO  manager.MyListener - WebDriver start find element -->By.xpath: //button[@aria-label='Next month']
21:11:28.378  INFO  manager.MyListener - WebDriver start find element -->By.xpath: //button[@aria-label='Next month']
21:11:28.418  INFO  manager.MyListener - WebDriver start find element -->By.xpath: //div[text()=' 20 ']
21:11:29.494  INFO  manager.MyListener - WebDriver start find element -->By.cssSelector: button[type='submit']
21:11:29.542  INFO  manager.MyListener - WebDriver start find element -->By.cssSelector: button[type='submit']
21:11:29.641  INFO  manager.MyListener - New Before find by --> By.cssSelector: .cars-container.ng-star-inserted
21:11:31.957  INFO  manager.MyListener - WebDriver start find element -->By.cssSelector: .logo
21:11:32.258  INFO  tests.TestBase - Start test with name --->searchPeriodPast
21:11:32.260  INFO  manager.MyListener - WebDriver start find element -->By.id: city
21:11:32.997  INFO  manager.MyListener - WebDriver start find element -->By.cssSelector: .pac-item
21:11:33.065  INFO  manager.MyListener - WebDriver start find element -->By.id: dates
21:11:33.167  INFO  manager.MyListener - WebDriver start find element -->By.xpath: //div[text()=' 24 ']
21:11:33.231  INFO  manager.MyListener - WebDriver start find element -->By.xpath: //button[@aria-label='Next month']
21:11:33.289  INFO  manager.MyListener - WebDriver start find element -->By.xpath: //div[text()=' 24 ']
21:11:35.361  INFO  manager.MyListener - WebDriver start find element -->By.id: dates
21:11:36.463  INFO  manager.MyListener - WebDriver start find element -->By.id: dates
21:11:37.577  INFO  manager.MyListener - The name of method with error -->click
21:11:37.581  INFO  manager.MyListener - We have a problem ---> org.openqa.selenium.ElementClickInterceptedException: element click intercepted: Element <input _ngcontent-ifc-c72="" formcontrolname="dates" id="dates" class="ng-touched ng-dirty ng-invalid" aria-haspopup="dialog" min="2022-07-23" max="2023-07-23" aria-owns="sat-datepicker-0"> is not clickable at point (301, 331). Other element would receive the click: <div class="cdk-overlay-backdrop mat-overlay-transparent-backdrop cdk-overlay-backdrop-showing"></div>
  (Session info: chrome=103.0.5060.134)
Build info: version: '4.2.2', revision: '683ccb65d6'
System info: host: 'DESKTOP-K3383S5', ip: '10.100.102.60', os.name: 'Windows 10', os.arch: 'amd64', os.version: '10.0', java.version: '11.0.15.1'
Driver info: org.openqa.selenium.chrome.ChromeDriver
Command: [e014db5a5243c7a338675884992f6d9d, clickElement {id=da18af7a-463b-4e7f-bb16-a8aa966416d3}]
Capabilities {acceptInsecureCerts: false, browserName: chrome, browserVersion: 103.0.5060.134, chrome: {chromedriverVersion: 102.0.5005.61 (0e59bcc00cc4..., userDataDir: C:\Users\Admin\AppData\Loca...}, goog:chromeOptions: {debuggerAddress: localhost:51888}, networkConnectionEnabled: false, pageLoadStrategy: normal, platformName: WINDOWS, proxy: Proxy(), se:cdp: ws://localhost:51888/devtoo..., se:cdpVersion: 103.0.5060.134, setWindowRect: true, strictFileInteractability: false, timeouts: {implicit: 0, pageLoad: 300000, script: 30000}, unhandledPromptBehavior: dismiss and notify, webauthn:extension:credBlob: true, webauthn:extension:largeBlob: true, webauthn:virtualAuthenticators: true}
Element: [[ChromeDriver: chrome on WINDOWS (e014db5a5243c7a338675884992f6d9d)] -> id: dates]
Session ID: e014db5a5243c7a338675884992f6d9d
21:11:37.583  INFO  manager.MyListener - WebDriver start find element -->By.cssSelector: .logo
21:11:38.692  INFO  manager.MyListener - The name of method with error -->click
21:11:38.693  INFO  manager.MyListener - We have a problem ---> org.openqa.selenium.ElementClickInterceptedException: element click intercepted: Element <a _ngcontent-ifc-c25="" href="/" class="logo">...</a> is not clickable at point (245, 34). Other element would receive the click: <div class="cdk-overlay-backdrop mat-overlay-transparent-backdrop cdk-overlay-backdrop-showing"></div>
  (Session info: chrome=103.0.5060.134)
Build info: version: '4.2.2', revision: '683ccb65d6'
System info: host: 'DESKTOP-K3383S5', ip: '10.100.102.60', os.name: 'Windows 10', os.arch: 'amd64', os.version: '10.0', java.version: '11.0.15.1'
Driver info: org.openqa.selenium.chrome.ChromeDriver
Command: [e014db5a5243c7a338675884992f6d9d, clickElement {id=fc5093e9-2e81-46a2-979d-bf37f1619657}]
Capabilities {acceptInsecureCerts: false, browserName: chrome, browserVersion: 103.0.5060.134, chrome: {chromedriverVersion: 102.0.5005.61 (0e59bcc00cc4..., userDataDir: C:\Users\Admin\AppData\Loca...}, goog:chromeOptions: {debuggerAddress: localhost:51888}, networkConnectionEnabled: false, pageLoadStrategy: normal, platformName: WINDOWS, proxy: Proxy(), se:cdp: ws://localhost:51888/devtoo..., se:cdpVersion: 103.0.5060.134, setWindowRect: true, strictFileInteractability: false, timeouts: {implicit: 0, pageLoad: 300000, script: 30000}, unhandledPromptBehavior: dismiss and notify, webauthn:extension:credBlob: true, webauthn:extension:largeBlob: true, webauthn:virtualAuthenticators: true}
Element: [[ChromeDriver: chrome on WINDOWS (e014db5a5243c7a338675884992f6d9d)] -> css selector: .logo]
Session ID: e014db5a5243c7a338675884992f6d9d
